<?xml version="1.0" encoding="UTF-8"?>
<coverage generated="1776204446789" clover="3.2.0">
  <project timestamp="1776204446789" name="All files">
    <metrics statements="29" coveredstatements="29" conditionals="16" coveredconditionals="13" methods="10" coveredmethods="10" elements="55" coveredelements="52" complexity="0" loc="29" ncloc="29" packages="1" files="1" classes="1"/>
    <file name="useAccounts.ts" path="C:\Users\user\Projects\financetracker\hooks\useAccounts.ts">
      <metrics statements="29" coveredstatements="29" conditionals="16" coveredconditionals="13" methods="10" coveredmethods="10"/>
      <line num="1" count="1" type="stmt"/>
      <line num="2" count="1" type="stmt"/>
      <line num="5" count="33" type="stmt"/>
      <line num="6" count="33" type="stmt"/>
      <line num="7" count="33" type="stmt"/>
      <line num="8" count="33" type="stmt"/>
      <line num="11" count="21" type="cond" truecount="2" falsecount="0"/>
      <line num="14" count="18" type="stmt"/>
      <line num="25" count="18" type="cond" truecount="2" falsecount="0"/>
      <line num="27" count="17" type="stmt"/>
      <line num="28" count="17" type="cond" truecount="1" falsecount="1"/>
      <line num="29" count="34" type="stmt"/>
      <line num="32" count="34" type="stmt"/>
      <line num="37" count="17" type="stmt"/>
      <line num="38" count="17" type="stmt"/>
      <line num="41" count="33" type="stmt"/>
      <line num="44" count="2" type="cond" truecount="2" falsecount="0"/>
      <line num="45" count="1" type="stmt"/>
      <line num="46" count="1" type="stmt"/>
      <line num="50" count="1" type="stmt"/>
      <line num="51" count="1" type="stmt"/>
      <line num="55" count="1" type="stmt"/>
      <line num="56" count="1" type="stmt"/>
      <line num="60" count="3" type="cond" truecount="2" falsecount="0"/>
      <line num="61" count="2" type="stmt"/>
      <line num="62" count="2" type="stmt"/>
      <line num="76" count="2" type="stmt"/>
      <line num="79" count="34" type="cond" truecount="1" falsecount="1"/>
      <line num="81" count="33" type="stmt"/>
    </file>
  </project>
</coverage>
