{"C:\\Users\\user\\Projects\\financetracker\\hooks\\useAccounts.ts": {"path":"C:\\Users\\user\\Projects\\financetracker\\hooks\\useAccounts.ts","statementMap":{"0":{"start":{"line":5,"column":16},"end":{"line":5,"column":28}},"1":{"start":{"line":1,"column":45},"end":{"line":1,"column":null}},"2":{"start":{"line":2,"column":29},"end":{"line":2,"column":null}},"3":{"start":{"line":6,"column":34},"end":{"line":6,"column":null}},"4":{"start":{"line":7,"column":32},"end":{"line":7,"column":null}},"5":{"start":{"line":8,"column":19},"end":{"line":8,"column":null}},"6":{"start":{"line":8,"column":33},"end":{"line":8,"column":49}},"7":{"start":{"line":11,"column":4},"end":{"line":11,"column":null}},"8":{"start":{"line":11,"column":17},"end":{"line":11,"column":null}},"9":{"start":{"line":12,"column":21},"end":{"line":18,"column":null}},"10":{"start":{"line":20,"column":4},"end":{"line":20,"column":null}},"11":{"start":{"line":20,"column":17},"end":{"line":20,"column":36}},"12":{"start":{"line":20,"column":36},"end":{"line":20,"column":43}},"13":{"start":{"line":26,"column":18},"end":{"line":26,"column":56}},"14":{"start":{"line":27,"column":26},"end":{"line":31,"column":null}},"15":{"start":{"line":33,"column":24},"end":{"line":39,"column":null}},"16":{"start":{"line":34,"column":23},"end":{"line":34,"column":null}},"17":{"start":{"line":34,"column":47},"end":{"line":34,"column":95}},"18":{"start":{"line":34,"column":112},"end":{"line":34,"column":134}},"19":{"start":{"line":35,"column":23},"end":{"line":35,"column":null}},"20":{"start":{"line":35,"column":47},"end":{"line":35,"column":96}},"21":{"start":{"line":35,"column":113},"end":{"line":35,"column":135}},"22":{"start":{"line":36,"column":23},"end":{"line":36,"column":null}},"23":{"start":{"line":36,"column":47},"end":{"line":36,"column":109}},"24":{"start":{"line":36,"column":126},"end":{"line":36,"column":148}},"25":{"start":{"line":37,"column":23},"end":{"line":37,"column":null}},"26":{"start":{"line":37,"column":47},"end":{"line":37,"column":97}},"27":{"start":{"line":37,"column":114},"end":{"line":37,"column":136}},"28":{"start":{"line":38,"column":6},"end":{"line":38,"column":null}},"29":{"start":{"line":41,"column":4},"end":{"line":41,"column":null}},"30":{"start":{"line":42,"column":4},"end":{"line":42,"column":null}},"31":{"start":{"line":45,"column":2},"end":{"line":45,"column":null}},"32":{"start":{"line":45,"column":20},"end":{"line":45,"column":36}},"33":{"start":{"line":48,"column":4},"end":{"line":48,"column":null}},"34":{"start":{"line":48,"column":17},"end":{"line":48,"column":null}},"35":{"start":{"line":49,"column":4},"end":{"line":49,"column":null}},"36":{"start":{"line":50,"column":4},"end":{"line":50,"column":null}},"37":{"start":{"line":54,"column":4},"end":{"line":54,"column":null}},"38":{"start":{"line":55,"column":4},"end":{"line":55,"column":null}},"39":{"start":{"line":59,"column":4},"end":{"line":59,"column":null}},"40":{"start":{"line":60,"column":4},"end":{"line":60,"column":null}},"41":{"start":{"line":64,"column":4},"end":{"line":64,"column":null}},"42":{"start":{"line":64,"column":17},"end":{"line":64,"column":null}},"43":{"start":{"line":65,"column":19},"end":{"line":65,"column":null}},"44":{"start":{"line":66,"column":4},"end":{"line":79,"column":null}},"45":{"start":{"line":80,"column":4},"end":{"line":80,"column":null}},"46":{"start":{"line":83,"column":23},"end":{"line":83,"column":null}},"47":{"start":{"line":83,"column":51},"end":{"line":83,"column":75}},"48":{"start":{"line":85,"column":2},"end":{"line":85,"column":null}}},"fnMap":{"0":{"name":"useAccounts","decl":{"start":{"line":5,"column":16},"end":{"line":5,"column":28}},"loc":{"start":{"line":5,"column":54},"end":{"line":86,"column":null}}},"1":{"name":"(anonymous_2)","decl":{"start":{"line":8,"column":27},"end":{"line":8,"column":33}},"loc":{"start":{"line":8,"column":33},"end":{"line":8,"column":49}}},"2":{"name":"fetchAccounts","decl":{"start":{"line":10,"column":17},"end":{"line":10,"column":null}},"loc":{"start":{"line":10,"column":17},"end":{"line":43,"column":null}}},"3":{"name":"(anonymous_4)","decl":{"start":{"line":33,"column":33},"end":{"line":33,"column":null}},"loc":{"start":{"line":33,"column":33},"end":{"line":39,"column":null}}},"4":{"name":"(anonymous_5)","decl":{"start":{"line":34,"column":42},"end":{"line":34,"column":47}},"loc":{"start":{"line":34,"column":47},"end":{"line":34,"column":95}}},"5":{"name":"(anonymous_6)","decl":{"start":{"line":34,"column":102},"end":{"line":34,"column":103}},"loc":{"start":{"line":34,"column":112},"end":{"line":34,"column":134}}},"6":{"name":"(anonymous_7)","decl":{"start":{"line":35,"column":42},"end":{"line":35,"column":47}},"loc":{"start":{"line":35,"column":47},"end":{"line":35,"column":96}}},"7":{"name":"(anonymous_8)","decl":{"start":{"line":35,"column":103},"end":{"line":35,"column":104}},"loc":{"start":{"line":35,"column":113},"end":{"line":35,"column":135}}},"8":{"name":"(anonymous_9)","decl":{"start":{"line":36,"column":42},"end":{"line":36,"column":47}},"loc":{"start":{"line":36,"column":47},"end":{"line":36,"column":109}}},"9":{"name":"(anonymous_10)","decl":{"start":{"line":36,"column":116},"end":{"line":36,"column":117}},"loc":{"start":{"line":36,"column":126},"end":{"line":36,"column":148}}},"10":{"name":"(anonymous_11)","decl":{"start":{"line":37,"column":42},"end":{"line":37,"column":47}},"loc":{"start":{"line":37,"column":47},"end":{"line":37,"column":97}}},"11":{"name":"(anonymous_12)","decl":{"start":{"line":37,"column":104},"end":{"line":37,"column":105}},"loc":{"start":{"line":37,"column":114},"end":{"line":37,"column":136}}},"12":{"name":"(anonymous_13)","decl":{"start":{"line":45,"column":12},"end":{"line":45,"column":20}},"loc":{"start":{"line":45,"column":12},"end":{"line":45,"column":39}}},"13":{"name":"createAccount","decl":{"start":{"line":47,"column":17},"end":{"line":47,"column":31}},"loc":{"start":{"line":47,"column":110},"end":{"line":51,"column":null}}},"14":{"name":"updateAccount","decl":{"start":{"line":53,"column":17},"end":{"line":53,"column":31}},"loc":{"start":{"line":53,"column":65},"end":{"line":56,"column":null}}},"15":{"name":"deleteAccount","decl":{"start":{"line":58,"column":17},"end":{"line":58,"column":31}},"loc":{"start":{"line":58,"column":41},"end":{"line":61,"column":null}}},"16":{"name":"transferBetween","decl":{"start":{"line":63,"column":17},"end":{"line":63,"column":33}},"loc":{"start":{"line":63,"column":106},"end":{"line":81,"column":null}}},"17":{"name":"(anonymous_18)","decl":{"start":{"line":83,"column":39},"end":{"line":83,"column":40}},"loc":{"start":{"line":83,"column":51},"end":{"line":83,"column":75}}}},"branchMap":{"0":{"loc":{"start":{"line":11,"column":4},"end":{"line":11,"column":null}},"type":"if","locations":[{"start":{"line":11,"column":4},"end":{"line":11,"column":null}},{"start":{},"end":{}}]},"1":{"loc":{"start":{"line":20,"column":4},"end":{"line":20,"column":null}},"type":"if","locations":[{"start":{"line":20,"column":4},"end":{"line":20,"column":null}},{"start":{},"end":{}}]},"2":{"loc":{"start":{"line":34,"column":24},"end":{"line":34,"column":33}},"type":"binary-expr","locations":[{"start":{"line":34,"column":24},"end":{"line":34,"column":31}},{"start":{"line":34,"column":31},"end":{"line":34,"column":33}}]},"3":{"loc":{"start":{"line":34,"column":47},"end":{"line":34,"column":95}},"type":"binary-expr","locations":[{"start":{"line":34,"column":47},"end":{"line":34,"column":70}},{"start":{"line":34,"column":74},"end":{"line":34,"column":95}}]},"4":{"loc":{"start":{"line":35,"column":24},"end":{"line":35,"column":33}},"type":"binary-expr","locations":[{"start":{"line":35,"column":24},"end":{"line":35,"column":31}},{"start":{"line":35,"column":31},"end":{"line":35,"column":33}}]},"5":{"loc":{"start":{"line":35,"column":47},"end":{"line":35,"column":96}},"type":"binary-expr","locations":[{"start":{"line":35,"column":47},"end":{"line":35,"column":70}},{"start":{"line":35,"column":74},"end":{"line":35,"column":96}}]},"6":{"loc":{"start":{"line":36,"column":24},"end":{"line":36,"column":33}},"type":"binary-expr","locations":[{"start":{"line":36,"column":24},"end":{"line":36,"column":31}},{"start":{"line":36,"column":31},"end":{"line":36,"column":33}}]},"7":{"loc":{"start":{"line":36,"column":47},"end":{"line":36,"column":109}},"type":"binary-expr","locations":[{"start":{"line":36,"column":47},"end":{"line":36,"column":82}},{"start":{"line":36,"column":86},"end":{"line":36,"column":109}}]},"8":{"loc":{"start":{"line":37,"column":24},"end":{"line":37,"column":33}},"type":"binary-expr","locations":[{"start":{"line":37,"column":24},"end":{"line":37,"column":31}},{"start":{"line":37,"column":31},"end":{"line":37,"column":33}}]},"9":{"loc":{"start":{"line":37,"column":47},"end":{"line":37,"column":97}},"type":"binary-expr","locations":[{"start":{"line":37,"column":47},"end":{"line":37,"column":70}},{"start":{"line":37,"column":74},"end":{"line":37,"column":97}}]},"10":{"loc":{"start":{"line":48,"column":4},"end":{"line":48,"column":null}},"type":"if","locations":[{"start":{"line":48,"column":4},"end":{"line":48,"column":null}},{"start":{},"end":{}}]},"11":{"loc":{"start":{"line":64,"column":4},"end":{"line":64,"column":null}},"type":"if","locations":[{"start":{"line":64,"column":4},"end":{"line":64,"column":null}},{"start":{},"end":{}}]},"12":{"loc":{"start":{"line":72,"column":21},"end":{"line":72,"column":null}},"type":"binary-expr","locations":[{"start":{"line":72,"column":21},"end":{"line":72,"column":29}},{"start":{"line":72,"column":29},"end":{"line":72,"column":null}}]},"13":{"loc":{"start":{"line":83,"column":56},"end":{"line":83,"column":75}},"type":"binary-expr","locations":[{"start":{"line":83,"column":56},"end":{"line":83,"column":67}},{"start":{"line":83,"column":71},"end":{"line":83,"column":75}}]}},"s":{"0":32,"1":1,"2":1,"3":32,"4":32,"5":32,"6":15,"7":21,"8":3,"9":18,"10":18,"11":1,"12":1,"13":17,"14":17,"15":17,"16":34,"17":170,"18":34,"19":34,"20":170,"21":17,"22":34,"23":170,"24":34,"25":34,"26":170,"27":17,"28":34,"29":17,"30":17,"31":32,"32":15,"33":2,"34":1,"35":1,"36":1,"37":1,"38":1,"39":1,"40":1,"41":3,"42":1,"43":2,"44":2,"45":2,"46":32,"47":32,"48":32},"f":{"0":32,"1":15,"2":21,"3":34,"4":170,"5":34,"6":170,"7":17,"8":170,"9":34,"10":170,"11":17,"12":15,"13":2,"14":1,"15":1,"16":3,"17":32},"b":{"0":[3,18],"1":[1,17],"2":[34,0],"3":[170,68],"4":[34,0],"5":[170,68],"6":[34,0],"7":[170,34],"8":[34,0],"9":[170,68],"10":[1,1],"11":[1,2],"12":[2,1],"13":[32,0]}}
,"C:\\Users\\user\\Projects\\financetracker\\hooks\\useDashboardData.ts": {"path":"C:\\Users\\user\\Projects\\financetracker\\hooks\\useDashboardData.ts","statementMap":{"0":{"start":{"line":32,"column":16},"end":{"line":32,"column":null}},"1":{"start":{"line":1,"column":24},"end":{"line":1,"column":null}},"2":{"start":{"line":2,"column":25},"end":{"line":2,"column":null}},"3":{"start":{"line":3,"column":29},"end":{"line":3,"column":null}},"4":{"start":{"line":4,"column":24},"end":{"line":4,"column":null}},"5":{"start":{"line":5,"column":34},"end":{"line":5,"column":null}},"6":{"start":{"line":33,"column":19},"end":{"line":33,"column":null}},"7":{"start":{"line":34,"column":19},"end":{"line":34,"column":null}},"8":{"start":{"line":34,"column":33},"end":{"line":34,"column":49}},"9":{"start":{"line":36,"column":2},"end":{"line":136,"column":null}},"10":{"start":{"line":40,"column":6},"end":{"line":40,"column":null}},"11":{"start":{"line":40,"column":17},"end":{"line":40,"column":null}},"12":{"start":{"line":42,"column":18},"end":{"line":42,"column":null}},"13":{"start":{"line":43,"column":24},"end":{"line":43,"column":102}},"14":{"start":{"line":44,"column":23},"end":{"line":44,"column":97}},"15":{"start":{"line":48,"column":58},"end":{"line":53,"column":null}},"16":{"start":{"line":55,"column":26},"end":{"line":55,"column":41}},"17":{"start":{"line":56,"column":27},"end":{"line":56,"column":null}},"18":{"start":{"line":57,"column":25},"end":{"line":57,"column":null}},"19":{"start":{"line":60,"column":19},"end":{"line":62,"column":25}},"20":{"start":{"line":66,"column":30},"end":{"line":70,"column":null}},"21":{"start":{"line":72,"column":18},"end":{"line":72,"column":29}},"22":{"start":{"line":73,"column":30},"end":{"line":73,"column":null}},"23":{"start":{"line":73,"column":46},"end":{"line":73,"column":null}},"24":{"start":{"line":75,"column":30},"end":{"line":75,"column":null}},"25":{"start":{"line":77,"column":21},"end":{"line":77,"column":null}},"26":{"start":{"line":77,"column":49},"end":{"line":77,"column":70}},"27":{"start":{"line":77,"column":87},"end":{"line":77,"column":109}},"28":{"start":{"line":78,"column":23},"end":{"line":78,"column":null}},"29":{"start":{"line":78,"column":51},"end":{"line":78,"column":73}},"30":{"start":{"line":78,"column":90},"end":{"line":78,"column":112}},"31":{"start":{"line":79,"column":27},"end":{"line":79,"column":null}},"32":{"start":{"line":79,"column":55},"end":{"line":79,"column":123}},"33":{"start":{"line":79,"column":140},"end":{"line":79,"column":162}},"34":{"start":{"line":81,"column":45},"end":{"line":81,"column":null}},"35":{"start":{"line":82,"column":6},"end":{"line":82,"column":null}},"36":{"start":{"line":82,"column":34},"end":{"line":82,"column":56}},"37":{"start":{"line":82,"column":71},"end":{"line":82,"column":138}},"38":{"start":{"line":83,"column":25},"end":{"line":83,"column":null}},"39":{"start":{"line":83,"column":63},"end":{"line":83,"column":74}},"40":{"start":{"line":85,"column":22},"end":{"line":95,"column":null}},"41":{"start":{"line":86,"column":18},"end":{"line":86,"column":null}},"42":{"start":{"line":87,"column":20},"end":{"line":87,"column":85}},"43":{"start":{"line":88,"column":22},"end":{"line":88,"column":null}},"44":{"start":{"line":89,"column":19},"end":{"line":89,"column":null}},"45":{"start":{"line":89,"column":35},"end":{"line":89,"column":null}},"46":{"start":{"line":90,"column":8},"end":{"line":94,"column":null}},"47":{"start":{"line":92,"column":33},"end":{"line":92,"column":54}},"48":{"start":{"line":92,"column":71},"end":{"line":92,"column":93}},"49":{"start":{"line":93,"column":34},"end":{"line":93,"column":56}},"50":{"start":{"line":93,"column":73},"end":{"line":93,"column":95}},"51":{"start":{"line":97,"column":24},"end":{"line":97,"column":null}},"52":{"start":{"line":100,"column":40},"end":{"line":105,"column":null}},"53":{"start":{"line":107,"column":37},"end":{"line":107,"column":null}},"54":{"start":{"line":107,"column":78},"end":{"line":107,"column":109}},"55":{"start":{"line":109,"column":23},"end":{"line":109,"column":null}},"56":{"start":{"line":111,"column":6},"end":{"line":133,"column":null}},"57":{"start":{"line":126,"column":59},"end":{"line":126,"column":88}}},"fnMap":{"0":{"name":"useDashboardData","decl":{"start":{"line":32,"column":16},"end":{"line":32,"column":null}},"loc":{"start":{"line":32,"column":16},"end":{"line":137,"column":null}}},"1":{"name":"(anonymous_2)","decl":{"start":{"line":34,"column":27},"end":{"line":34,"column":33}},"loc":{"start":{"line":34,"column":33},"end":{"line":34,"column":49}}},"2":{"name":"(anonymous_3)","decl":{"start":{"line":39,"column":13},"end":{"line":39,"column":null}},"loc":{"start":{"line":39,"column":13},"end":{"line":134,"column":null}}},"3":{"name":"(anonymous_4)","decl":{"start":{"line":73,"column":41},"end":{"line":73,"column":46}},"loc":{"start":{"line":73,"column":46},"end":{"line":73,"column":null}}},"4":{"name":"(anonymous_5)","decl":{"start":{"line":77,"column":44},"end":{"line":77,"column":49}},"loc":{"start":{"line":77,"column":49},"end":{"line":77,"column":70}}},"5":{"name":"(anonymous_6)","decl":{"start":{"line":77,"column":77},"end":{"line":77,"column":78}},"loc":{"start":{"line":77,"column":87},"end":{"line":77,"column":109}}},"6":{"name":"(anonymous_7)","decl":{"start":{"line":78,"column":46},"end":{"line":78,"column":51}},"loc":{"start":{"line":78,"column":51},"end":{"line":78,"column":73}}},"7":{"name":"(anonymous_8)","decl":{"start":{"line":78,"column":80},"end":{"line":78,"column":81}},"loc":{"start":{"line":78,"column":90},"end":{"line":78,"column":112}}},"8":{"name":"(anonymous_9)","decl":{"start":{"line":79,"column":50},"end":{"line":79,"column":55}},"loc":{"start":{"line":79,"column":55},"end":{"line":79,"column":123}}},"9":{"name":"(anonymous_10)","decl":{"start":{"line":79,"column":130},"end":{"line":79,"column":131}},"loc":{"start":{"line":79,"column":140},"end":{"line":79,"column":162}}},"10":{"name":"(anonymous_11)","decl":{"start":{"line":82,"column":29},"end":{"line":82,"column":34}},"loc":{"start":{"line":82,"column":34},"end":{"line":82,"column":56}}},"11":{"name":"(anonymous_12)","decl":{"start":{"line":82,"column":64},"end":{"line":82,"column":71}},"loc":{"start":{"line":82,"column":64},"end":{"line":82,"column":null}}},"12":{"name":"(anonymous_13)","decl":{"start":{"line":83,"column":53},"end":{"line":83,"column":54}},"loc":{"start":{"line":83,"column":63},"end":{"line":83,"column":74}}},"13":{"name":"(anonymous_14)","decl":{"start":{"line":85,"column":48},"end":{"line":85,"column":49}},"loc":{"start":{"line":85,"column":52},"end":{"line":95,"column":null}}},"14":{"name":"(anonymous_15)","decl":{"start":{"line":89,"column":30},"end":{"line":89,"column":35}},"loc":{"start":{"line":89,"column":35},"end":{"line":89,"column":null}}},"15":{"name":"(anonymous_16)","decl":{"start":{"line":92,"column":28},"end":{"line":92,"column":33}},"loc":{"start":{"line":92,"column":33},"end":{"line":92,"column":54}}},"16":{"name":"(anonymous_17)","decl":{"start":{"line":92,"column":61},"end":{"line":92,"column":62}},"loc":{"start":{"line":92,"column":71},"end":{"line":92,"column":93}}},"17":{"name":"(anonymous_18)","decl":{"start":{"line":93,"column":29},"end":{"line":93,"column":34}},"loc":{"start":{"line":93,"column":34},"end":{"line":93,"column":56}}},"18":{"name":"(anonymous_19)","decl":{"start":{"line":93,"column":63},"end":{"line":93,"column":64}},"loc":{"start":{"line":93,"column":73},"end":{"line":93,"column":95}}},"19":{"name":"(anonymous_20)","decl":{"start":{"line":107,"column":68},"end":{"line":107,"column":69}},"loc":{"start":{"line":107,"column":78},"end":{"line":107,"column":109}}},"20":{"name":"(anonymous_21)","decl":{"start":{"line":126,"column":49},"end":{"line":126,"column":50}},"loc":{"start":{"line":126,"column":59},"end":{"line":126,"column":88}}}},"branchMap":{"0":{"loc":{"start":{"line":40,"column":6},"end":{"line":40,"column":null}},"type":"if","locations":[{"start":{"line":40,"column":6},"end":{"line":40,"column":null}},{"start":{},"end":{}}]},"1":{"loc":{"start":{"line":56,"column":28},"end":{"line":56,"column":57}},"type":"binary-expr","locations":[{"start":{"line":56,"column":28},"end":{"line":56,"column":53}},{"start":{"line":56,"column":53},"end":{"line":56,"column":57}}]},"2":{"loc":{"start":{"line":57,"column":25},"end":{"line":57,"column":null}},"type":"cond-expr","locations":[{"start":{"line":57,"column":51},"end":{"line":57,"column":104}},{"start":{"line":57,"column":104},"end":{"line":57,"column":null}}]},"3":{"loc":{"start":{"line":57,"column":51},"end":{"line":57,"column":104}},"type":"binary-expr","locations":[{"start":{"line":57,"column":51},"end":{"line":57,"column":99}},{"start":{"line":57,"column":99},"end":{"line":57,"column":104}}]},"4":{"loc":{"start":{"line":60,"column":19},"end":{"line":62,"column":25}},"type":"cond-expr","locations":[{"start":{"line":61,"column":10},"end":{"line":61,"column":119}},{"start":{"line":62,"column":10},"end":{"line":62,"column":25}}]},"5":{"loc":{"start":{"line":72,"column":18},"end":{"line":72,"column":29}},"type":"binary-expr","locations":[{"start":{"line":72,"column":18},"end":{"line":72,"column":27}},{"start":{"line":72,"column":27},"end":{"line":72,"column":29}}]},"6":{"loc":{"start":{"line":77,"column":21},"end":{"line":77,"column":null}},"type":"binary-expr","locations":[{"start":{"line":77,"column":21},"end":{"line":77,"column":115}},{"start":{"line":77,"column":115},"end":{"line":77,"column":null}}]},"7":{"loc":{"start":{"line":77,"column":122},"end":{"line":77,"column":null}},"type":"binary-expr","locations":[{"start":{"line":77,"column":122},"end":{"line":77,"column":153}},{"start":{"line":77,"column":153},"end":{"line":77,"column":null}}]},"8":{"loc":{"start":{"line":79,"column":55},"end":{"line":79,"column":123}},"type":"binary-expr","locations":[{"start":{"line":79,"column":55},"end":{"line":79,"column":79}},{"start":{"line":79,"column":79},"end":{"line":79,"column":123}}]},"9":{"loc":{"start":{"line":79,"column":104},"end":{"line":79,"column":123}},"type":"binary-expr","locations":[{"start":{"line":79,"column":104},"end":{"line":79,"column":114}},{"start":{"line":79,"column":118},"end":{"line":79,"column":123}}]},"10":{"loc":{"start":{"line":82,"column":93},"end":{"line":82,"column":120}},"type":"binary-expr","locations":[{"start":{"line":82,"column":93},"end":{"line":82,"column":111}},{"start":{"line":82,"column":115},"end":{"line":82,"column":120}}]},"11":{"loc":{"start":{"line":97,"column":24},"end":{"line":97,"column":null}},"type":"binary-expr","locations":[{"start":{"line":97,"column":24},"end":{"line":97,"column":34}},{"start":{"line":97,"column":38},"end":{"line":97,"column":null}}]},"12":{"loc":{"start":{"line":107,"column":38},"end":{"line":107,"column":59}},"type":"binary-expr","locations":[{"start":{"line":107,"column":38},"end":{"line":107,"column":57}},{"start":{"line":107,"column":57},"end":{"line":107,"column":59}}]},"13":{"loc":{"start":{"line":121,"column":26},"end":{"line":121,"column":null}},"type":"binary-expr","locations":[{"start":{"line":121,"column":26},"end":{"line":121,"column":51}},{"start":{"line":121,"column":51},"end":{"line":121,"column":null}}]},"14":{"loc":{"start":{"line":122,"column":32},"end":{"line":122,"column":null}},"type":"binary-expr","locations":[{"start":{"line":122,"column":32},"end":{"line":122,"column":58}},{"start":{"line":122,"column":58},"end":{"line":122,"column":null}}]},"15":{"loc":{"start":{"line":123,"column":25},"end":{"line":123,"column":null}},"type":"binary-expr","locations":[{"start":{"line":123,"column":25},"end":{"line":123,"column":44}},{"start":{"line":123,"column":44},"end":{"line":123,"column":null}}]},"16":{"loc":{"start":{"line":124,"column":25},"end":{"line":124,"column":null}},"type":"binary-expr","locations":[{"start":{"line":124,"column":25},"end":{"line":124,"column":58}},{"start":{"line":124,"column":58},"end":{"line":124,"column":null}}]},"17":{"loc":{"start":{"line":125,"column":27},"end":{"line":125,"column":null}},"type":"binary-expr","locations":[{"start":{"line":125,"column":27},"end":{"line":125,"column":48}},{"start":{"line":125,"column":48},"end":{"line":125,"column":null}}]},"18":{"loc":{"start":{"line":126,"column":22},"end":{"line":126,"column":40}},"type":"binary-expr","locations":[{"start":{"line":126,"column":22},"end":{"line":126,"column":34}},{"start":{"line":126,"column":38},"end":{"line":126,"column":40}}]},"19":{"loc":{"start":{"line":127,"column":22},"end":{"line":127,"column":null}},"type":"binary-expr","locations":[{"start":{"line":127,"column":22},"end":{"line":127,"column":36}},{"start":{"line":127,"column":40},"end":{"line":127,"column":null}}]},"20":{"loc":{"start":{"line":129,"column":14},"end":{"line":129,"column":null}},"type":"binary-expr","locations":[{"start":{"line":129,"column":14},"end":{"line":129,"column":40}},{"start":{"line":129,"column":40},"end":{"line":129,"column":null}}]},"21":{"loc":{"start":{"line":132,"column":28},"end":{"line":132,"column":null}},"type":"binary-expr","locations":[{"start":{"line":132,"column":28},"end":{"line":132,"column":50}},{"start":{"line":132,"column":50},"end":{"line":132,"column":null}}]}},"s":{"0":0,"1":0,"2":0,"3":0,"4":0,"5":0,"6":0,"7":0,"8":0,"9":0,"10":0,"11":0,"12":0,"13":0,"14":0,"15":0,"16":0,"17":0,"18":0,"19":0,"20":0,"21":0,"22":0,"23":0,"24":0,"25":0,"26":0,"27":0,"28":0,"29":0,"30":0,"31":0,"32":0,"33":0,"34":0,"35":0,"36":0,"37":0,"38":0,"39":0,"40":0,"41":0,"42":0,"43":0,"44":0,"45":0,"46":0,"47":0,"48":0,"49":0,"50":0,"51":0,"52":0,"53":0,"54":0,"55":0,"56":0,"57":0},"f":{"0":0,"1":0,"2":0,"3":0,"4":0,"5":0,"6":0,"7":0,"8":0,"9":0,"10":0,"11":0,"12":0,"13":0,"14":0,"15":0,"16":0,"17":0,"18":0,"19":0,"20":0},"b":{"0":[0,0],"1":[0,0],"2":[0,0],"3":[0,0],"4":[0,0],"5":[0,0],"6":[0,0],"7":[0,0],"8":[0,0],"9":[0,0],"10":[0,0],"11":[0,0],"12":[0,0],"13":[0,0],"14":[0,0],"15":[0,0],"16":[0,0],"17":[0,0],"18":[0,0],"19":[0,0],"20":[0,0],"21":[0,0]}}
,"C:\\Users\\user\\Projects\\financetracker\\hooks\\useFinancialSummary.ts": {"path":"C:\\Users\\user\\Projects\\financetracker\\hooks\\useFinancialSummary.ts","statementMap":{"0":{"start":{"line":12,"column":16},"end":{"line":12,"column":36}},"1":{"start":{"line":1,"column":45},"end":{"line":1,"column":null}},"2":{"start":{"line":2,"column":29},"end":{"line":2,"column":null}},"3":{"start":{"line":13,"column":32},"end":{"line":15,"column":null}},"4":{"start":{"line":16,"column":19},"end":{"line":16,"column":null}},"5":{"start":{"line":16,"column":33},"end":{"line":16,"column":49}},"6":{"start":{"line":18,"column":2},"end":{"line":43,"column":null}},"7":{"start":{"line":19,"column":4},"end":{"line":19,"column":null}},"8":{"start":{"line":19,"column":17},"end":{"line":19,"column":null}},"9":{"start":{"line":21,"column":18},"end":{"line":21,"column":null}},"10":{"start":{"line":22,"column":23},"end":{"line":22,"column":92}},"11":{"start":{"line":23,"column":23},"end":{"line":23,"column":151}},"12":{"start":{"line":25,"column":31},"end":{"line":33,"column":null}},"13":{"start":{"line":35,"column":27},"end":{"line":35,"column":null}},"14":{"start":{"line":35,"column":58},"end":{"line":35,"column":79}},"15":{"start":{"line":35,"column":96},"end":{"line":35,"column":118}},"16":{"start":{"line":36,"column":27},"end":{"line":36,"column":null}},"17":{"start":{"line":36,"column":58},"end":{"line":36,"column":80}},"18":{"start":{"line":36,"column":97},"end":{"line":36,"column":119}},"19":{"start":{"line":37,"column":27},"end":{"line":37,"column":null}},"20":{"start":{"line":37,"column":65},"end":{"line":37,"column":96}},"21":{"start":{"line":38,"column":27},"end":{"line":38,"column":null}},"22":{"start":{"line":40,"column":6},"end":{"line":40,"column":null}},"23":{"start":{"line":42,"column":4},"end":{"line":42,"column":null}},"24":{"start":{"line":45,"column":2},"end":{"line":45,"column":null}}},"fnMap":{"0":{"name":"useFinancialSummary","decl":{"start":{"line":12,"column":16},"end":{"line":12,"column":36}},"loc":{"start":{"line":12,"column":62},"end":{"line":46,"column":null}}},"1":{"name":"(anonymous_2)","decl":{"start":{"line":16,"column":27},"end":{"line":16,"column":33}},"loc":{"start":{"line":16,"column":33},"end":{"line":16,"column":49}}},"2":{"name":"(anonymous_3)","decl":{"start":{"line":18,"column":12},"end":{"line":18,"column":null}},"loc":{"start":{"line":18,"column":12},"end":{"line":43,"column":5}}},"3":{"name":"load","decl":{"start":{"line":20,"column":19},"end":{"line":20,"column":null}},"loc":{"start":{"line":20,"column":19},"end":{"line":41,"column":null}}},"4":{"name":"(anonymous_5)","decl":{"start":{"line":35,"column":53},"end":{"line":35,"column":58}},"loc":{"start":{"line":35,"column":58},"end":{"line":35,"column":79}}},"5":{"name":"(anonymous_6)","decl":{"start":{"line":35,"column":86},"end":{"line":35,"column":87}},"loc":{"start":{"line":35,"column":96},"end":{"line":35,"column":118}}},"6":{"name":"(anonymous_7)","decl":{"start":{"line":36,"column":53},"end":{"line":36,"column":58}},"loc":{"start":{"line":36,"column":58},"end":{"line":36,"column":80}}},"7":{"name":"(anonymous_8)","decl":{"start":{"line":36,"column":87},"end":{"line":36,"column":88}},"loc":{"start":{"line":36,"column":97},"end":{"line":36,"column":119}}},"8":{"name":"(anonymous_9)","decl":{"start":{"line":37,"column":55},"end":{"line":37,"column":56}},"loc":{"start":{"line":37,"column":65},"end":{"line":37,"column":96}}}},"branchMap":{"0":{"loc":{"start":{"line":19,"column":4},"end":{"line":19,"column":null}},"type":"if","locations":[{"start":{"line":19,"column":4},"end":{"line":19,"column":null}},{"start":{},"end":{}}]},"1":{"loc":{"start":{"line":35,"column":28},"end":{"line":35,"column":44}},"type":"binary-expr","locations":[{"start":{"line":35,"column":28},"end":{"line":35,"column":38}},{"start":{"line":35,"column":42},"end":{"line":35,"column":44}}]},"2":{"loc":{"start":{"line":36,"column":28},"end":{"line":36,"column":44}},"type":"binary-expr","locations":[{"start":{"line":36,"column":28},"end":{"line":36,"column":38}},{"start":{"line":36,"column":42},"end":{"line":36,"column":44}}]},"3":{"loc":{"start":{"line":37,"column":28},"end":{"line":37,"column":46}},"type":"binary-expr","locations":[{"start":{"line":37,"column":28},"end":{"line":37,"column":40}},{"start":{"line":37,"column":44},"end":{"line":37,"column":46}}]}},"s":{"0":16,"1":1,"2":1,"3":16,"4":16,"5":9,"6":16,"7":9,"8":1,"9":8,"10":8,"11":8,"12":8,"13":8,"14":15,"15":10,"16":8,"17":15,"18":5,"19":8,"20":7,"21":8,"22":8,"23":8,"24":16},"f":{"0":16,"1":9,"2":9,"3":8,"4":15,"5":10,"6":15,"7":5,"8":7},"b":{"0":[1,8],"1":[8,1],"2":[8,1],"3":[8,1]}}
,"C:\\Users\\user\\Projects\\financetracker\\hooks\\useTransactions.ts": {"path":"C:\\Users\\user\\Projects\\financetracker\\hooks\\useTransactions.ts","statementMap":{"0":{"start":{"line":46,"column":16},"end":{"line":46,"column":null}},"1":{"start":{"line":2,"column":58},"end":{"line":2,"column":null}},"2":{"start":{"line":3,"column":29},"end":{"line":3,"column":null}},"3":{"start":{"line":4,"column":24},"end":{"line":4,"column":null}},"4":{"start":{"line":5,"column":22},"end":{"line":5,"column":null}},"5":{"start":{"line":6,"column":24},"end":{"line":6,"column":null}},"6":{"start":{"line":7,"column":31},"end":{"line":7,"column":null}},"7":{"start":{"line":8,"column":34},"end":{"line":8,"column":null}},"8":{"start":{"line":11,"column":18},"end":{"line":11,"column":null}},"9":{"start":{"line":30,"column":38},"end":{"line":43,"column":null}},"10":{"start":{"line":47,"column":42},"end":{"line":47,"column":null}},"11":{"start":{"line":48,"column":32},"end":{"line":48,"column":null}},"12":{"start":{"line":49,"column":30},"end":{"line":49,"column":null}},"13":{"start":{"line":50,"column":38},"end":{"line":50,"column":null}},"14":{"start":{"line":51,"column":26},"end":{"line":51,"column":null}},"15":{"start":{"line":52,"column":32},"end":{"line":52,"column":null}},"16":{"start":{"line":53,"column":40},"end":{"line":53,"column":null}},"17":{"start":{"line":54,"column":30},"end":{"line":54,"column":null}},"18":{"start":{"line":55,"column":34},"end":{"line":55,"column":null}},"19":{"start":{"line":56,"column":36},"end":{"line":56,"column":null}},"20":{"start":{"line":57,"column":26},"end":{"line":57,"column":null}},"21":{"start":{"line":58,"column":30},"end":{"line":58,"column":null}},"22":{"start":{"line":59,"column":30},"end":{"line":59,"column":null}},"23":{"start":{"line":60,"column":14},"end":{"line":60,"column":null}},"24":{"start":{"line":61,"column":40},"end":{"line":61,"column":null}},"25":{"start":{"line":62,"column":38},"end":{"line":62,"column":null}},"26":{"start":{"line":63,"column":44},"end":{"line":63,"column":null}},"27":{"start":{"line":64,"column":36},"end":{"line":64,"column":null}},"28":{"start":{"line":66,"column":41},"end":{"line":66,"column":null}},"29":{"start":{"line":67,"column":22},"end":{"line":67,"column":null}},"30":{"start":{"line":68,"column":19},"end":{"line":68,"column":null}},"31":{"start":{"line":68,"column":33},"end":{"line":68,"column":49}},"32":{"start":{"line":71,"column":4},"end":{"line":71,"column":null}},"33":{"start":{"line":71,"column":63},"end":{"line":71,"column":null}},"34":{"start":{"line":72,"column":4},"end":{"line":72,"column":null}},"35":{"start":{"line":72,"column":35},"end":{"line":72,"column":null}},"36":{"start":{"line":73,"column":4},"end":{"line":73,"column":null}},"37":{"start":{"line":77,"column":2},"end":{"line":90,"column":null}},"38":{"start":{"line":79,"column":6},"end":{"line":79,"column":null}},"39":{"start":{"line":79,"column":57},"end":{"line":79,"column":null}},"40":{"start":{"line":80,"column":6},"end":{"line":83,"column":null}},"41":{"start":{"line":81,"column":8},"end":{"line":81,"column":null}},"42":{"start":{"line":81,"column":22},"end":{"line":81,"column":null}},"43":{"start":{"line":82,"column":8},"end":{"line":82,"column":null}},"44":{"start":{"line":84,"column":19},"end":{"line":84,"column":null}},"45":{"start":{"line":85,"column":6},"end":{"line":87,"column":null}},"46":{"start":{"line":86,"column":8},"end":{"line":86,"column":null}},"47":{"start":{"line":86,"column":22},"end":{"line":86,"column":null}},"48":{"start":{"line":89,"column":4},"end":{"line":89,"column":null}},"49":{"start":{"line":93,"column":2},"end":{"line":98,"column":null}},"50":{"start":{"line":94,"column":17},"end":{"line":94,"column":null}},"51":{"start":{"line":95,"column":17},"end":{"line":95,"column":null}},"52":{"start":{"line":96,"column":23},"end":{"line":96,"column":null}},"53":{"start":{"line":97,"column":4},"end":{"line":97,"column":null}},"54":{"start":{"line":97,"column":18},"end":{"line":97,"column":null}},"55":{"start":{"line":100,"column":15},"end":{"line":131,"column":null}},"56":{"start":{"line":101,"column":17},"end":{"line":101,"column":null}},"57":{"start":{"line":102,"column":4},"end":{"line":102,"column":null}},"58":{"start":{"line":102,"column":15},"end":{"line":102,"column":null}},"59":{"start":{"line":103,"column":4},"end":{"line":103,"column":null}},"60":{"start":{"line":104,"column":4},"end":{"line":104,"column":null}},"61":{"start":{"line":105,"column":21},"end":{"line":105,"column":79}},"62":{"start":{"line":106,"column":20},"end":{"line":106,"column":84}},"63":{"start":{"line":108,"column":41},"end":{"line":124,"column":null}},"64":{"start":{"line":125,"column":18},"end":{"line":125,"column":47}},"65":{"start":{"line":126,"column":4},"end":{"line":126,"column":null}},"66":{"start":{"line":127,"column":4},"end":{"line":127,"column":null}},"67":{"start":{"line":128,"column":4},"end":{"line":128,"column":null}},"68":{"start":{"line":130,"column":4},"end":{"line":130,"column":null}},"69":{"start":{"line":133,"column":2},"end":{"line":133,"column":null}},"70":{"start":{"line":133,"column":20},"end":{"line":133,"column":27}},"71":{"start":{"line":136,"column":4},"end":{"line":136,"column":null}},"72":{"start":{"line":137,"column":4},"end":{"line":140,"column":null}},"73":{"start":{"line":141,"column":4},"end":{"line":141,"column":null}},"74":{"start":{"line":145,"column":4},"end":{"line":145,"column":null}},"75":{"start":{"line":146,"column":4},"end":{"line":159,"column":null}},"76":{"start":{"line":160,"column":4},"end":{"line":160,"column":null}},"77":{"start":{"line":164,"column":4},"end":{"line":164,"column":null}},"78":{"start":{"line":165,"column":4},"end":{"line":165,"column":null}},"79":{"start":{"line":166,"column":4},"end":{"line":166,"column":null}},"80":{"start":{"line":170,"column":41},"end":{"line":170,"column":null}},"81":{"start":{"line":171,"column":4},"end":{"line":171,"column":null}},"82":{"start":{"line":171,"column":22},"end":{"line":171,"column":null}},"83":{"start":{"line":172,"column":4},"end":{"line":172,"column":null}},"84":{"start":{"line":172,"column":24},"end":{"line":172,"column":null}},"85":{"start":{"line":173,"column":4},"end":{"line":173,"column":null}},"86":{"start":{"line":173,"column":36},"end":{"line":173,"column":53}},"87":{"start":{"line":173,"column":53},"end":{"line":173,"column":60}},"88":{"start":{"line":174,"column":4},"end":{"line":174,"column":null}},"89":{"start":{"line":175,"column":4},"end":{"line":175,"column":null}},"90":{"start":{"line":176,"column":17},"end":{"line":176,"column":null}},"91":{"start":{"line":177,"column":4},"end":{"line":177,"column":null}},"92":{"start":{"line":177,"column":17},"end":{"line":177,"column":35}},"93":{"start":{"line":177,"column":35},"end":{"line":177,"column":42}},"94":{"start":{"line":178,"column":4},"end":{"line":203,"column":null}},"95":{"start":{"line":179,"column":24},"end":{"line":187,"column":null}},"96":{"start":{"line":188,"column":6},"end":{"line":188,"column":null}},"97":{"start":{"line":188,"column":19},"end":{"line":188,"column":55}},"98":{"start":{"line":188,"column":55},"end":{"line":188,"column":73}},"99":{"start":{"line":188,"column":73},"end":{"line":188,"column":80}},"100":{"start":{"line":189,"column":6},"end":{"line":189,"column":null}},"101":{"start":{"line":191,"column":24},"end":{"line":200,"column":null}},"102":{"start":{"line":201,"column":6},"end":{"line":201,"column":null}},"103":{"start":{"line":201,"column":19},"end":{"line":201,"column":55}},"104":{"start":{"line":201,"column":55},"end":{"line":201,"column":73}},"105":{"start":{"line":201,"column":73},"end":{"line":201,"column":80}},"106":{"start":{"line":202,"column":6},"end":{"line":202,"column":null}},"107":{"start":{"line":204,"column":4},"end":{"line":204,"column":null}},"108":{"start":{"line":205,"column":4},"end":{"line":205,"column":null}},"109":{"start":{"line":205,"column":10},"end":{"line":205,"column":63}},"110":{"start":{"line":206,"column":4},"end":{"line":206,"column":null}},"111":{"start":{"line":207,"column":4},"end":{"line":207,"column":null}},"112":{"start":{"line":208,"column":4},"end":{"line":208,"column":null}},"113":{"start":{"line":212,"column":17},"end":{"line":212,"column":null}},"114":{"start":{"line":213,"column":4},"end":{"line":213,"column":null}},"115":{"start":{"line":213,"column":42},"end":{"line":213,"column":null}},"116":{"start":{"line":214,"column":4},"end":{"line":214,"column":null}},"117":{"start":{"line":215,"column":21},"end":{"line":215,"column":null}},"118":{"start":{"line":216,"column":21},"end":{"line":216,"column":79}},"119":{"start":{"line":217,"column":20},"end":{"line":217,"column":84}},"120":{"start":{"line":218,"column":21},"end":{"line":223,"column":null}},"121":{"start":{"line":224,"column":19},"end":{"line":224,"column":48}},"122":{"start":{"line":225,"column":4},"end":{"line":225,"column":null}},"123":{"start":{"line":225,"column":28},"end":{"line":225,"column":null}},"124":{"start":{"line":226,"column":4},"end":{"line":226,"column":null}},"125":{"start":{"line":227,"column":4},"end":{"line":227,"column":null}},"126":{"start":{"line":228,"column":4},"end":{"line":228,"column":null}},"127":{"start":{"line":232,"column":17},"end":{"line":232,"column":null}},"128":{"start":{"line":233,"column":4},"end":{"line":233,"column":null}},"129":{"start":{"line":234,"column":4},"end":{"line":234,"column":null}},"130":{"start":{"line":235,"column":4},"end":{"line":235,"column":null}},"131":{"start":{"line":235,"column":28},"end":{"line":235,"column":null}},"132":{"start":{"line":235,"column":45},"end":{"line":235,"column":null}},"133":{"start":{"line":236,"column":4},"end":{"line":236,"column":null}},"134":{"start":{"line":236,"column":16},"end":{"line":236,"column":41}},"135":{"start":{"line":236,"column":41},"end":{"line":236,"column":111}},"136":{"start":{"line":236,"column":47},"end":{"line":236,"column":100}},"137":{"start":{"line":237,"column":4},"end":{"line":237,"column":null}},"138":{"start":{"line":238,"column":4},"end":{"line":238,"column":null}},"139":{"start":{"line":243,"column":18},"end":{"line":243,"column":null}},"140":{"start":{"line":244,"column":19},"end":{"line":244,"column":null}},"141":{"start":{"line":245,"column":6},"end":{"line":245,"column":null}},"142":{"start":{"line":247,"column":17},"end":{"line":247,"column":null}},"143":{"start":{"line":248,"column":4},"end":{"line":248,"column":null}},"144":{"start":{"line":248,"column":15},"end":{"line":248,"column":null}},"145":{"start":{"line":250,"column":21},"end":{"line":250,"column":79}},"146":{"start":{"line":251,"column":20},"end":{"line":251,"column":84}},"147":{"start":{"line":252,"column":30},"end":{"line":255,"column":null}},"148":{"start":{"line":256,"column":19},"end":{"line":256,"column":32}},"149":{"start":{"line":257,"column":17},"end":{"line":266,"column":null}},"150":{"start":{"line":261,"column":25},"end":{"line":265,"column":null}},"151":{"start":{"line":267,"column":16},"end":{"line":267,"column":null}},"152":{"start":{"line":267,"column":30},"end":{"line":267,"column":57}},"153":{"start":{"line":268,"column":17},"end":{"line":268,"column":null}},"154":{"start":{"line":269,"column":16},"end":{"line":269,"column":null}},"155":{"start":{"line":270,"column":14},"end":{"line":270,"column":null}},"156":{"start":{"line":271,"column":4},"end":{"line":271,"column":null}},"157":{"start":{"line":272,"column":4},"end":{"line":272,"column":null}},"158":{"start":{"line":273,"column":4},"end":{"line":273,"column":null}},"159":{"start":{"line":274,"column":4},"end":{"line":274,"column":null}},"160":{"start":{"line":277,"column":19},"end":{"line":284,"column":null}},"161":{"start":{"line":278,"column":4},"end":{"line":283,"column":null}},"162":{"start":{"line":280,"column":10},"end":{"line":282,"column":null}},"163":{"start":{"line":286,"column":19},"end":{"line":286,"column":null}},"164":{"start":{"line":286,"column":33},"end":{"line":286,"column":96}},"165":{"start":{"line":286,"column":55},"end":{"line":286,"column":96}},"166":{"start":{"line":288,"column":26},"end":{"line":288,"column":null}},"167":{"start":{"line":289,"column":22},"end":{"line":292,"column":null}},"168":{"start":{"line":290,"column":21},"end":{"line":290,"column":null}},"169":{"start":{"line":290,"column":43},"end":{"line":290,"column":64}},"170":{"start":{"line":290,"column":81},"end":{"line":290,"column":103}},"171":{"start":{"line":291,"column":4},"end":{"line":291,"column":null}},"172":{"start":{"line":293,"column":23},"end":{"line":293,"column":null}},"173":{"start":{"line":293,"column":37},"end":{"line":293,"column":124}},"174":{"start":{"line":293,"column":59},"end":{"line":293,"column":81}},"175":{"start":{"line":293,"column":98},"end":{"line":293,"column":120}},"176":{"start":{"line":294,"column":28},"end":{"line":294,"column":null}},"177":{"start":{"line":294,"column":42},"end":{"line":294,"column":175}},"178":{"start":{"line":294,"column":64},"end":{"line":294,"column":132}},"179":{"start":{"line":294,"column":149},"end":{"line":294,"column":171}},"180":{"start":{"line":295,"column":27},"end":{"line":295,"column":null}},"181":{"start":{"line":295,"column":41},"end":{"line":295,"column":75}},"182":{"start":{"line":296,"column":14},"end":{"line":296,"column":null}},"183":{"start":{"line":296,"column":28},"end":{"line":296,"column":56}},"184":{"start":{"line":301,"column":25},"end":{"line":311,"column":null}},"185":{"start":{"line":302,"column":18},"end":{"line":302,"column":56}},"186":{"start":{"line":303,"column":19},"end":{"line":305,"column":null}},"187":{"start":{"line":304,"column":19},"end":{"line":304,"column":null}},"188":{"start":{"line":305,"column":24},"end":{"line":305,"column":46}},"189":{"start":{"line":306,"column":20},"end":{"line":308,"column":null}},"190":{"start":{"line":307,"column":19},"end":{"line":307,"column":null}},"191":{"start":{"line":308,"column":24},"end":{"line":308,"column":46}},"192":{"start":{"line":310,"column":4},"end":{"line":310,"column":null}},"193":{"start":{"line":313,"column":2},"end":{"line":323,"column":null}}},"fnMap":{"0":{"name":"useTransactions","decl":{"start":{"line":46,"column":16},"end":{"line":46,"column":null}},"loc":{"start":{"line":46,"column":16},"end":{"line":324,"column":null}}},"1":{"name":"(anonymous_2)","decl":{"start":{"line":68,"column":27},"end":{"line":68,"column":33}},"loc":{"start":{"line":68,"column":33},"end":{"line":68,"column":49}}},"2":{"name":"parseNumber","decl":{"start":{"line":70,"column":11},"end":{"line":70,"column":23}},"loc":{"start":{"line":70,"column":71},"end":{"line":74,"column":null}}},"3":{"name":"(anonymous_4)","decl":{"start":{"line":77,"column":12},"end":{"line":77,"column":null}},"loc":{"start":{"line":77,"column":12},"end":{"line":90,"column":5}}},"4":{"name":"getRate","decl":{"start":{"line":78,"column":19},"end":{"line":78,"column":null}},"loc":{"start":{"line":78,"column":19},"end":{"line":88,"column":null}}},"5":{"name":"(anonymous_6)","decl":{"start":{"line":81,"column":16},"end":{"line":81,"column":22}},"loc":{"start":{"line":81,"column":22},"end":{"line":81,"column":null}}},"6":{"name":"(anonymous_7)","decl":{"start":{"line":86,"column":16},"end":{"line":86,"column":22}},"loc":{"start":{"line":86,"column":22},"end":{"line":86,"column":null}}},"7":{"name":"(anonymous_8)","decl":{"start":{"line":93,"column":12},"end":{"line":93,"column":null}},"loc":{"start":{"line":93,"column":12},"end":{"line":98,"column":5}}},"8":{"name":"(anonymous_9)","decl":{"start":{"line":97,"column":12},"end":{"line":97,"column":18}},"loc":{"start":{"line":97,"column":18},"end":{"line":97,"column":null}}},"9":{"name":"(anonymous_10)","decl":{"start":{"line":100,"column":27},"end":{"line":100,"column":null}},"loc":{"start":{"line":100,"column":27},"end":{"line":131,"column":5}}},"10":{"name":"(anonymous_11)","decl":{"start":{"line":133,"column":12},"end":{"line":133,"column":20}},"loc":{"start":{"line":133,"column":12},"end":{"line":133,"column":30}}},"11":{"name":"openAdd","decl":{"start":{"line":135,"column":11},"end":{"line":135,"column":null}},"loc":{"start":{"line":135,"column":11},"end":{"line":142,"column":null}}},"12":{"name":"startEdit","decl":{"start":{"line":144,"column":11},"end":{"line":144,"column":21}},"loc":{"start":{"line":144,"column":36},"end":{"line":161,"column":null}}},"13":{"name":"closeForm","decl":{"start":{"line":163,"column":11},"end":{"line":163,"column":null}},"loc":{"start":{"line":163,"column":11},"end":{"line":167,"column":null}}},"14":{"name":"saveTransaction","decl":{"start":{"line":169,"column":17},"end":{"line":169,"column":null}},"loc":{"start":{"line":169,"column":17},"end":{"line":209,"column":null}}},"15":{"name":"loadMore","decl":{"start":{"line":211,"column":17},"end":{"line":211,"column":null}},"loc":{"start":{"line":211,"column":17},"end":{"line":229,"column":null}}},"16":{"name":"(anonymous_17)","decl":{"start":{"line":225,"column":20},"end":{"line":225,"column":28}},"loc":{"start":{"line":225,"column":28},"end":{"line":225,"column":null}}},"17":{"name":"deleteTransaction","decl":{"start":{"line":231,"column":17},"end":{"line":231,"column":35}},"loc":{"start":{"line":231,"column":45},"end":{"line":239,"column":null}}},"18":{"name":"(anonymous_19)","decl":{"start":{"line":235,"column":20},"end":{"line":235,"column":28}},"loc":{"start":{"line":235,"column":28},"end":{"line":235,"column":null}}},"19":{"name":"(anonymous_20)","decl":{"start":{"line":235,"column":40},"end":{"line":235,"column":45}},"loc":{"start":{"line":235,"column":45},"end":{"line":235,"column":null}}},"20":{"name":"exportCSV","decl":{"start":{"line":241,"column":17},"end":{"line":241,"column":null}},"loc":{"start":{"line":241,"column":17},"end":{"line":275,"column":null}}},"21":{"name":"csvField","decl":{"start":{"line":242,"column":13},"end":{"line":242,"column":22}},"loc":{"start":{"line":242,"column":63},"end":{"line":246,"column":null}}},"22":{"name":"(anonymous_23)","decl":{"start":{"line":261,"column":19},"end":{"line":261,"column":25}},"loc":{"start":{"line":261,"column":25},"end":{"line":265,"column":null}}},"23":{"name":"(anonymous_24)","decl":{"start":{"line":267,"column":25},"end":{"line":267,"column":30}},"loc":{"start":{"line":267,"column":30},"end":{"line":267,"column":57}}},"24":{"name":"(anonymous_25)","decl":{"start":{"line":277,"column":27},"end":{"line":277,"column":null}},"loc":{"start":{"line":277,"column":27},"end":{"line":284,"column":5}}},"25":{"name":"(anonymous_26)","decl":{"start":{"line":279,"column":28},"end":{"line":279,"column":null}},"loc":{"start":{"line":280,"column":10},"end":{"line":282,"column":null}}},"26":{"name":"(anonymous_27)","decl":{"start":{"line":286,"column":27},"end":{"line":286,"column":33}},"loc":{"start":{"line":286,"column":33},"end":{"line":286,"column":96}}},"27":{"name":"(anonymous_28)","decl":{"start":{"line":286,"column":49},"end":{"line":286,"column":55}},"loc":{"start":{"line":286,"column":55},"end":{"line":286,"column":96}}},"28":{"name":"(anonymous_29)","decl":{"start":{"line":289,"column":30},"end":{"line":289,"column":null}},"loc":{"start":{"line":289,"column":30},"end":{"line":292,"column":5}}},"29":{"name":"(anonymous_30)","decl":{"start":{"line":290,"column":38},"end":{"line":290,"column":43}},"loc":{"start":{"line":290,"column":43},"end":{"line":290,"column":64}}},"30":{"name":"(anonymous_31)","decl":{"start":{"line":290,"column":71},"end":{"line":290,"column":72}},"loc":{"start":{"line":290,"column":81},"end":{"line":290,"column":103}}},"31":{"name":"(anonymous_32)","decl":{"start":{"line":293,"column":31},"end":{"line":293,"column":37}},"loc":{"start":{"line":293,"column":37},"end":{"line":293,"column":124}}},"32":{"name":"(anonymous_33)","decl":{"start":{"line":293,"column":54},"end":{"line":293,"column":59}},"loc":{"start":{"line":293,"column":59},"end":{"line":293,"column":81}}},"33":{"name":"(anonymous_34)","decl":{"start":{"line":293,"column":88},"end":{"line":293,"column":89}},"loc":{"start":{"line":293,"column":98},"end":{"line":293,"column":120}}},"34":{"name":"(anonymous_35)","decl":{"start":{"line":294,"column":36},"end":{"line":294,"column":42}},"loc":{"start":{"line":294,"column":42},"end":{"line":294,"column":175}}},"35":{"name":"(anonymous_36)","decl":{"start":{"line":294,"column":59},"end":{"line":294,"column":64}},"loc":{"start":{"line":294,"column":64},"end":{"line":294,"column":132}}},"36":{"name":"(anonymous_37)","decl":{"start":{"line":294,"column":139},"end":{"line":294,"column":140}},"loc":{"start":{"line":294,"column":149},"end":{"line":294,"column":171}}},"37":{"name":"(anonymous_38)","decl":{"start":{"line":295,"column":35},"end":{"line":295,"column":41}},"loc":{"start":{"line":295,"column":41},"end":{"line":295,"column":75}}},"38":{"name":"(anonymous_39)","decl":{"start":{"line":296,"column":22},"end":{"line":296,"column":28}},"loc":{"start":{"line":296,"column":28},"end":{"line":296,"column":56}}},"39":{"name":"(anonymous_40)","decl":{"start":{"line":301,"column":33},"end":{"line":301,"column":null}},"loc":{"start":{"line":301,"column":33},"end":{"line":311,"column":5}}},"40":{"name":"(anonymous_41)","decl":{"start":{"line":304,"column":14},"end":{"line":304,"column":19}},"loc":{"start":{"line":304,"column":19},"end":{"line":304,"column":null}}},"41":{"name":"(anonymous_42)","decl":{"start":{"line":305,"column":14},"end":{"line":305,"column":15}},"loc":{"start":{"line":305,"column":24},"end":{"line":305,"column":46}}},"42":{"name":"(anonymous_43)","decl":{"start":{"line":307,"column":14},"end":{"line":307,"column":19}},"loc":{"start":{"line":307,"column":19},"end":{"line":307,"column":null}}},"43":{"name":"(anonymous_44)","decl":{"start":{"line":308,"column":14},"end":{"line":308,"column":15}},"loc":{"start":{"line":308,"column":24},"end":{"line":308,"column":46}}}},"branchMap":{"0":{"loc":{"start":{"line":70,"column":59},"end":{"line":70,"column":71}},"type":"default-arg","locations":[{"start":{"line":70,"column":70},"end":{"line":70,"column":71}}]},"1":{"loc":{"start":{"line":71,"column":4},"end":{"line":71,"column":null}},"type":"if","locations":[{"start":{"line":71,"column":4},"end":{"line":71,"column":null}},{"start":{},"end":{}}]},"2":{"loc":{"start":{"line":71,"column":8},"end":{"line":71,"column":63}},"type":"binary-expr","locations":[{"start":{"line":71,"column":8},"end":{"line":71,"column":31}},{"start":{"line":71,"column":31},"end":{"line":71,"column":49}},{"start":{"line":71,"column":49},"end":{"line":71,"column":63}}]},"3":{"loc":{"start":{"line":72,"column":4},"end":{"line":72,"column":null}},"type":"if","locations":[{"start":{"line":72,"column":4},"end":{"line":72,"column":null}},{"start":{},"end":{}}]},"4":{"loc":{"start":{"line":73,"column":11},"end":{"line":73,"column":null}},"type":"binary-expr","locations":[{"start":{"line":73,"column":11},"end":{"line":73,"column":61}},{"start":{"line":73,"column":61},"end":{"line":73,"column":null}}]},"5":{"loc":{"start":{"line":79,"column":6},"end":{"line":79,"column":null}},"type":"if","locations":[{"start":{"line":79,"column":6},"end":{"line":79,"column":null}},{"start":{},"end":{}}]},"6":{"loc":{"start":{"line":79,"column":10},"end":{"line":79,"column":55}},"type":"binary-expr","locations":[{"start":{"line":79,"column":10},"end":{"line":79,"column":32}},{"start":{"line":79,"column":32},"end":{"line":79,"column":55}}]},"7":{"loc":{"start":{"line":80,"column":6},"end":{"line":83,"column":null}},"type":"if","locations":[{"start":{"line":80,"column":6},"end":{"line":83,"column":null}},{"start":{},"end":{}}]},"8":{"loc":{"start":{"line":85,"column":6},"end":{"line":87,"column":null}},"type":"if","locations":[{"start":{"line":85,"column":6},"end":{"line":87,"column":null}},{"start":{},"end":{}}]},"9":{"loc":{"start":{"line":102,"column":4},"end":{"line":102,"column":null}},"type":"if","locations":[{"start":{"line":102,"column":4},"end":{"line":102,"column":null}},{"start":{},"end":{}}]},"10":{"loc":{"start":{"line":125,"column":18},"end":{"line":125,"column":47}},"type":"binary-expr","locations":[{"start":{"line":125,"column":18},"end":{"line":125,"column":45}},{"start":{"line":125,"column":45},"end":{"line":125,"column":47}}]},"11":{"loc":{"start":{"line":130,"column":18},"end":{"line":130,"column":30}},"type":"binary-expr","locations":[{"start":{"line":130,"column":18},"end":{"line":130,"column":28}},{"start":{"line":130,"column":28},"end":{"line":130,"column":30}}]},"12":{"loc":{"start":{"line":139,"column":25},"end":{"line":139,"column":null}},"type":"binary-expr","locations":[{"start":{"line":139,"column":25},"end":{"line":139,"column":46}},{"start":{"line":139,"column":46},"end":{"line":139,"column":null}}]},"13":{"loc":{"start":{"line":149,"column":24},"end":{"line":149,"column":55}},"type":"binary-expr","locations":[{"start":{"line":149,"column":24},"end":{"line":149,"column":42}},{"start":{"line":149,"column":46},"end":{"line":149,"column":55}}]},"14":{"loc":{"start":{"line":150,"column":25},"end":{"line":150,"column":null}},"type":"binary-expr","locations":[{"start":{"line":150,"column":25},"end":{"line":150,"column":45}},{"start":{"line":150,"column":49},"end":{"line":150,"column":70}},{"start":{"line":150,"column":70},"end":{"line":150,"column":null}}]},"15":{"loc":{"start":{"line":151,"column":22},"end":{"line":151,"column":45}},"type":"binary-expr","locations":[{"start":{"line":151,"column":22},"end":{"line":151,"column":38}},{"start":{"line":151,"column":42},"end":{"line":151,"column":45}}]},"16":{"loc":{"start":{"line":152,"column":16},"end":{"line":152,"column":null}},"type":"binary-expr","locations":[{"start":{"line":152,"column":16},"end":{"line":152,"column":27}},{"start":{"line":152,"column":31},"end":{"line":152,"column":null}}]},"17":{"loc":{"start":{"line":153,"column":19},"end":{"line":153,"column":null}},"type":"binary-expr","locations":[{"start":{"line":153,"column":19},"end":{"line":153,"column":33}},{"start":{"line":153,"column":37},"end":{"line":153,"column":null}}]},"18":{"loc":{"start":{"line":155,"column":20},"end":{"line":155,"column":null}},"type":"binary-expr","locations":[{"start":{"line":155,"column":20},"end":{"line":155,"column":35}},{"start":{"line":155,"column":39},"end":{"line":155,"column":null}}]},"19":{"loc":{"start":{"line":156,"column":21},"end":{"line":156,"column":null}},"type":"binary-expr","locations":[{"start":{"line":156,"column":21},"end":{"line":156,"column":37}},{"start":{"line":156,"column":41},"end":{"line":156,"column":null}}]},"20":{"loc":{"start":{"line":157,"column":22},"end":{"line":157,"column":null}},"type":"binary-expr","locations":[{"start":{"line":157,"column":22},"end":{"line":157,"column":39}},{"start":{"line":157,"column":43},"end":{"line":157,"column":null}}]},"21":{"loc":{"start":{"line":158,"column":18},"end":{"line":158,"column":null}},"type":"binary-expr","locations":[{"start":{"line":158,"column":18},"end":{"line":158,"column":31}},{"start":{"line":158,"column":35},"end":{"line":158,"column":null}}]},"22":{"loc":{"start":{"line":171,"column":4},"end":{"line":171,"column":null}},"type":"if","locations":[{"start":{"line":171,"column":4},"end":{"line":171,"column":null}},{"start":{},"end":{}}]},"23":{"loc":{"start":{"line":171,"column":36},"end":{"line":171,"column":null}},"type":"cond-expr","locations":[{"start":{"line":171,"column":52},"end":{"line":171,"column":72}},{"start":{"line":171,"column":72},"end":{"line":171,"column":null}}]},"24":{"loc":{"start":{"line":172,"column":4},"end":{"line":172,"column":null}},"type":"if","locations":[{"start":{"line":172,"column":4},"end":{"line":172,"column":null}},{"start":{},"end":{}}]},"25":{"loc":{"start":{"line":172,"column":40},"end":{"line":172,"column":null}},"type":"cond-expr","locations":[{"start":{"line":172,"column":56},"end":{"line":172,"column":78}},{"start":{"line":172,"column":78},"end":{"line":172,"column":null}}]},"26":{"loc":{"start":{"line":173,"column":4},"end":{"line":173,"column":null}},"type":"if","locations":[{"start":{"line":173,"column":4},"end":{"line":173,"column":null}},{"start":{},"end":{}}]},"27":{"loc":{"start":{"line":177,"column":4},"end":{"line":177,"column":null}},"type":"if","locations":[{"start":{"line":177,"column":4},"end":{"line":177,"column":null}},{"start":{},"end":{}}]},"28":{"loc":{"start":{"line":178,"column":4},"end":{"line":203,"column":null}},"type":"if","locations":[{"start":{"line":178,"column":4},"end":{"line":203,"column":null}},{"start":{"line":190,"column":11},"end":{"line":203,"column":null}}]},"29":{"loc":{"start":{"line":188,"column":6},"end":{"line":188,"column":null}},"type":"if","locations":[{"start":{"line":188,"column":6},"end":{"line":188,"column":null}},{"start":{},"end":{}}]},"30":{"loc":{"start":{"line":199,"column":20},"end":{"line":199,"column":null}},"type":"binary-expr","locations":[{"start":{"line":199,"column":20},"end":{"line":199,"column":35}},{"start":{"line":199,"column":39},"end":{"line":199,"column":null}}]},"31":{"loc":{"start":{"line":201,"column":6},"end":{"line":201,"column":null}},"type":"if","locations":[{"start":{"line":201,"column":6},"end":{"line":201,"column":null}},{"start":{},"end":{}}]},"32":{"loc":{"start":{"line":202,"column":20},"end":{"line":202,"column":null}},"type":"cond-expr","locations":[{"start":{"line":202,"column":45},"end":{"line":202,"column":71}},{"start":{"line":202,"column":71},"end":{"line":202,"column":null}}]},"33":{"loc":{"start":{"line":213,"column":4},"end":{"line":213,"column":null}},"type":"if","locations":[{"start":{"line":213,"column":4},"end":{"line":213,"column":null}},{"start":{},"end":{}}]},"34":{"loc":{"start":{"line":213,"column":8},"end":{"line":213,"column":42}},"type":"binary-expr","locations":[{"start":{"line":213,"column":8},"end":{"line":213,"column":17}},{"start":{"line":213,"column":17},"end":{"line":213,"column":32}},{"start":{"line":213,"column":32},"end":{"line":213,"column":42}}]},"35":{"loc":{"start":{"line":224,"column":19},"end":{"line":224,"column":48}},"type":"binary-expr","locations":[{"start":{"line":224,"column":19},"end":{"line":224,"column":46}},{"start":{"line":224,"column":46},"end":{"line":224,"column":48}}]},"36":{"loc":{"start":{"line":236,"column":4},"end":{"line":236,"column":null}},"type":"if","locations":[{"start":{"line":236,"column":4},"end":{"line":236,"column":null}},{"start":{},"end":{}}]},"37":{"loc":{"start":{"line":243,"column":25},"end":{"line":243,"column":null}},"type":"binary-expr","locations":[{"start":{"line":243,"column":25},"end":{"line":243,"column":34}},{"start":{"line":243,"column":34},"end":{"line":243,"column":null}}]},"38":{"loc":{"start":{"line":244,"column":19},"end":{"line":244,"column":null}},"type":"cond-expr","locations":[{"start":{"line":244,"column":46},"end":{"line":244,"column":55}},{"start":{"line":244,"column":58},"end":{"line":244,"column":null}}]},"39":{"loc":{"start":{"line":248,"column":4},"end":{"line":248,"column":null}},"type":"if","locations":[{"start":{"line":248,"column":4},"end":{"line":248,"column":null}},{"start":{},"end":{}}]},"40":{"loc":{"start":{"line":256,"column":19},"end":{"line":256,"column":32}},"type":"binary-expr","locations":[{"start":{"line":256,"column":19},"end":{"line":256,"column":30}},{"start":{"line":256,"column":30},"end":{"line":256,"column":32}}]},"41":{"loc":{"start":{"line":258,"column":6},"end":{"line":260,"column":null}},"type":"cond-expr","locations":[{"start":{"line":259,"column":10},"end":{"line":259,"column":null}},{"start":{"line":260,"column":10},"end":{"line":260,"column":null}}]},"42":{"loc":{"start":{"line":263,"column":8},"end":{"line":263,"column":null}},"type":"cond-expr","locations":[{"start":{"line":263,"column":32},"end":{"line":263,"column":69}},{"start":{"line":263,"column":69},"end":{"line":263,"column":null}}]},"43":{"loc":{"start":{"line":263,"column":32},"end":{"line":263,"column":69}},"type":"cond-expr","locations":[{"start":{"line":263,"column":48},"end":{"line":263,"column":59}},{"start":{"line":263,"column":59},"end":{"line":263,"column":69}}]},"44":{"loc":{"start":{"line":263,"column":69},"end":{"line":263,"column":null}},"type":"cond-expr","locations":[{"start":{"line":263,"column":85},"end":{"line":263,"column":97}},{"start":{"line":263,"column":97},"end":{"line":263,"column":null}}]},"45":{"loc":{"start":{"line":264,"column":21},"end":{"line":264,"column":43}},"type":"binary-expr","locations":[{"start":{"line":264,"column":21},"end":{"line":264,"column":35}},{"start":{"line":264,"column":39},"end":{"line":264,"column":43}}]},"46":{"loc":{"start":{"line":278,"column":11},"end":{"line":283,"column":null}},"type":"cond-expr","locations":[{"start":{"line":279,"column":8},"end":{"line":282,"column":null}},{"start":{"line":283,"column":8},"end":{"line":283,"column":null}}]},"47":{"loc":{"start":{"line":280,"column":10},"end":{"line":282,"column":null}},"type":"binary-expr","locations":[{"start":{"line":280,"column":10},"end":{"line":280,"column":null}},{"start":{"line":281,"column":10},"end":{"line":281,"column":null}},{"start":{"line":282,"column":10},"end":{"line":282,"column":null}}]},"48":{"loc":{"start":{"line":286,"column":55},"end":{"line":286,"column":96}},"type":"binary-expr","locations":[{"start":{"line":286,"column":55},"end":{"line":286,"column":75}},{"start":{"line":286,"column":75},"end":{"line":286,"column":96}}]},"49":{"loc":{"start":{"line":291,"column":11},"end":{"line":291,"column":null}},"type":"cond-expr","locations":[{"start":{"line":291,"column":26},"end":{"line":291,"column":37}},{"start":{"line":291,"column":37},"end":{"line":291,"column":null}}]},"50":{"loc":{"start":{"line":291,"column":44},"end":{"line":291,"column":null}},"type":"binary-expr","locations":[{"start":{"line":291,"column":44},"end":{"line":291,"column":71}},{"start":{"line":291,"column":71},"end":{"line":291,"column":null}}]},"51":{"loc":{"start":{"line":294,"column":64},"end":{"line":294,"column":132}},"type":"binary-expr","locations":[{"start":{"line":294,"column":64},"end":{"line":294,"column":88}},{"start":{"line":294,"column":88},"end":{"line":294,"column":132}}]},"52":{"loc":{"start":{"line":294,"column":113},"end":{"line":294,"column":132}},"type":"binary-expr","locations":[{"start":{"line":294,"column":113},"end":{"line":294,"column":123}},{"start":{"line":294,"column":127},"end":{"line":294,"column":132}}]},"53":{"loc":{"start":{"line":304,"column":19},"end":{"line":304,"column":null}},"type":"binary-expr","locations":[{"start":{"line":304,"column":19},"end":{"line":304,"column":50}},{"start":{"line":304,"column":50},"end":{"line":304,"column":null}}]},"54":{"loc":{"start":{"line":307,"column":19},"end":{"line":307,"column":null}},"type":"binary-expr","locations":[{"start":{"line":307,"column":19},"end":{"line":307,"column":50}},{"start":{"line":307,"column":50},"end":{"line":307,"column":null}}]}},"s":{"0":96,"1":1,"2":1,"3":1,"4":1,"5":1,"6":1,"7":1,"8":1,"9":1,"10":96,"11":96,"12":96,"13":96,"14":96,"15":96,"16":96,"17":96,"18":96,"19":96,"20":96,"21":96,"22":96,"23":96,"24":96,"25":96,"26":96,"27":96,"28":96,"29":96,"30":96,"31":25,"32":52,"33":25,"34":27,"35":0,"36":27,"37":96,"38":30,"39":25,"40":5,"41":5,"42":5,"43":5,"44":0,"45":0,"46":0,"47":0,"48":30,"49":96,"50":26,"51":26,"52":26,"53":26,"54":26,"55":96,"56":27,"57":27,"58":0,"59":27,"60":27,"61":27,"62":27,"63":27,"64":27,"65":27,"66":27,"67":27,"68":27,"69":96,"70":27,"71":4,"72":4,"73":4,"74":1,"75":1,"76":1,"77":1,"78":1,"79":1,"80":2,"81":2,"82":1,"83":2,"84":2,"85":2,"86":2,"87":2,"88":0,"89":0,"90":0,"91":0,"92":0,"93":0,"94":0,"95":0,"96":0,"97":0,"98":0,"99":0,"100":0,"101":0,"102":0,"103":0,"104":0,"105":0,"106":0,"107":0,"108":0,"109":0,"110":0,"111":0,"112":0,"113":0,"114":0,"115":0,"116":0,"117":0,"118":0,"119":0,"120":0,"121":0,"122":0,"123":0,"124":0,"125":0,"126":0,"127":1,"128":1,"129":1,"130":1,"131":1,"132":3,"133":1,"134":1,"135":1,"136":1,"137":1,"138":1,"139":0,"140":0,"141":0,"142":0,"143":0,"144":0,"145":0,"146":0,"147":0,"148":0,"149":0,"150":0,"151":0,"152":0,"153":0,"154":0,"155":0,"156":0,"157":0,"158":0,"159":0,"160":96,"161":50,"162":9,"163":96,"164":52,"165":73,"166":96,"167":96,"168":45,"169":60,"170":20,"171":45,"172":96,"173":45,"174":60,"175":40,"176":96,"177":45,"178":60,"179":20,"180":96,"181":45,"182":96,"183":45,"184":96,"185":45,"186":45,"187":60,"188":20,"189":45,"190":60,"191":40,"192":45,"193":96},"f":{"0":96,"1":25,"2":52,"3":30,"4":30,"5":5,"6":0,"7":26,"8":26,"9":27,"10":27,"11":4,"12":1,"13":1,"14":2,"15":0,"16":0,"17":1,"18":1,"19":3,"20":0,"21":0,"22":0,"23":0,"24":50,"25":9,"26":52,"27":73,"28":45,"29":60,"30":20,"31":45,"32":60,"33":40,"34":45,"35":60,"36":20,"37":45,"38":45,"39":45,"40":60,"41":20,"42":60,"43":40},"b":{"0":[26],"1":[25,27],"2":[52,52,52],"3":[0,27],"4":[27,0],"5":[25,5],"6":[30,30],"7":[5,0],"8":[0,0],"9":[0,27],"10":[27,0],"11":[27,0],"12":[4,0],"13":[1,1],"14":[1,1,0],"15":[1,1],"16":[1,0],"17":[1,0],"18":[1,1],"19":[1,1],"20":[1,1],"21":[1,1],"22":[1,1],"23":[0,1],"24":[2,0],"25":[0,2],"26":[2,0],"27":[0,0],"28":[0,0],"29":[0,0],"30":[0,0],"31":[0,0],"32":[0,0],"33":[0,0],"34":[0,0,0],"35":[0,0],"36":[1,0],"37":[0,0],"38":[0,0],"39":[0,0],"40":[0,0],"41":[0,0],"42":[0,0],"43":[0,0],"44":[0,0],"45":[0,0],"46":[3,47],"47":[9,8,7],"48":[73,6],"49":[20,25],"50":[25,25],"51":[60,40],"52":[40,0],"53":[60,60],"54":[60,60]}}
,"C:\\Users\\user\\Projects\\financetracker\\lib\\cache.ts": {"path":"C:\\Users\\user\\Projects\\financetracker\\lib\\cache.ts","statementMap":{"0":{"start":{"line":15,"column":16},"end":{"line":15,"column":30}},"1":{"start":{"line":8,"column":16},"end":{"line":8,"column":31}},"2":{"start":{"line":6,"column":19},"end":{"line":6,"column":null}},"3":{"start":{"line":9,"column":2},"end":{"line":9,"column":null}},"4":{"start":{"line":9,"column":15},"end":{"line":9,"column":null}},"5":{"start":{"line":10,"column":2},"end":{"line":12,"column":null}},"6":{"start":{"line":11,"column":4},"end":{"line":11,"column":null}},"7":{"start":{"line":11,"column":28},"end":{"line":11,"column":null}},"8":{"start":{"line":16,"column":2},"end":{"line":16,"column":null}},"9":{"start":{"line":16,"column":15},"end":{"line":16,"column":null}},"10":{"start":{"line":17,"column":2},"end":{"line":19,"column":null}},"11":{"start":{"line":18,"column":4},"end":{"line":18,"column":null}}},"fnMap":{"0":{"name":"clearUserCache","decl":{"start":{"line":8,"column":16},"end":{"line":8,"column":31}},"loc":{"start":{"line":8,"column":45},"end":{"line":13,"column":null}}},"1":{"name":"(anonymous_4)","decl":{"start":{"line":11,"column":23},"end":{"line":11,"column":28}},"loc":{"start":{"line":11,"column":28},"end":{"line":11,"column":null}}},"2":{"name":"clearCacheKey","decl":{"start":{"line":15,"column":16},"end":{"line":15,"column":30}},"loc":{"start":{"line":15,"column":76},"end":{"line":20,"column":null}}}},"branchMap":{"0":{"loc":{"start":{"line":9,"column":2},"end":{"line":9,"column":null}},"type":"if","locations":[{"start":{"line":9,"column":2},"end":{"line":9,"column":null}},{"start":{},"end":{}}]},"1":{"loc":{"start":{"line":16,"column":2},"end":{"line":16,"column":null}},"type":"if","locations":[{"start":{"line":16,"column":2},"end":{"line":16,"column":null}},{"start":{},"end":{}}]}},"s":{"0":1,"1":1,"2":2,"3":1,"4":0,"5":1,"6":1,"7":5,"8":1,"9":0,"10":1,"11":1},"f":{"0":1,"1":5,"2":1},"b":{"0":[0,1],"1":[0,1]}}
,"C:\\Users\\user\\Projects\\financetracker\\lib\\cron-auth.ts": {"path":"C:\\Users\\user\\Projects\\financetracker\\lib\\cron-auth.ts","statementMap":{"0":{"start":{"line":14,"column":16},"end":{"line":14,"column":31}},"1":{"start":{"line":1,"column":32},"end":{"line":1,"column":null}},"2":{"start":{"line":15,"column":17},"end":{"line":15,"column":40}},"3":{"start":{"line":16,"column":2},"end":{"line":21,"column":null}},"4":{"start":{"line":18,"column":4},"end":{"line":19,"column":null}},"5":{"start":{"line":23,"column":21},"end":{"line":23,"column":null}},"6":{"start":{"line":24,"column":2},"end":{"line":24,"column":null}},"7":{"start":{"line":24,"column":42},"end":{"line":24,"column":null}},"8":{"start":{"line":26,"column":16},"end":{"line":26,"column":null}},"9":{"start":{"line":28,"column":2},"end":{"line":36,"column":null}},"10":{"start":{"line":29,"column":14},"end":{"line":29,"column":null}},"11":{"start":{"line":30,"column":14},"end":{"line":30,"column":null}},"12":{"start":{"line":32,"column":4},"end":{"line":32,"column":null}},"13":{"start":{"line":32,"column":31},"end":{"line":32,"column":null}},"14":{"start":{"line":33,"column":4},"end":{"line":33,"column":null}},"15":{"start":{"line":35,"column":4},"end":{"line":35,"column":null}}},"fnMap":{"0":{"name":"verifyCronAuth","decl":{"start":{"line":14,"column":16},"end":{"line":14,"column":31}},"loc":{"start":{"line":14,"column":51},"end":{"line":37,"column":null}}}},"branchMap":{"0":{"loc":{"start":{"line":16,"column":2},"end":{"line":21,"column":null}},"type":"if","locations":[{"start":{"line":16,"column":2},"end":{"line":21,"column":null}},{"start":{},"end":{}}]},"1":{"loc":{"start":{"line":24,"column":2},"end":{"line":24,"column":null}},"type":"if","locations":[{"start":{"line":24,"column":2},"end":{"line":24,"column":null}},{"start":{},"end":{}}]},"2":{"loc":{"start":{"line":32,"column":4},"end":{"line":32,"column":null}},"type":"if","locations":[{"start":{"line":32,"column":4},"end":{"line":32,"column":null}},{"start":{},"end":{}}]}},"s":{"0":12,"1":2,"2":12,"3":12,"4":1,"5":11,"6":11,"7":5,"8":6,"9":6,"10":6,"11":6,"12":6,"13":4,"14":2,"15":0},"f":{"0":12},"b":{"0":[1,11],"1":[5,6],"2":[4,2]}}
,"C:\\Users\\user\\Projects\\financetracker\\lib\\currencies.ts": {"path":"C:\\Users\\user\\Projects\\financetracker\\lib\\currencies.ts","statementMap":{"0":{"start":{"line":15,"column":13},"end":{"line":15,"column":45}},"1":{"start":{"line":56,"column":13},"end":{"line":56,"column":74}},"2":{"start":{"line":62,"column":13},"end":{"line":62,"column":58}},"3":{"start":{"line":66,"column":16},"end":{"line":66,"column":36}},"4":{"start":{"line":15,"column":45},"end":{"line":54,"column":null}},"5":{"start":{"line":56,"column":74},"end":{"line":60,"column":null}},"6":{"start":{"line":57,"column":34},"end":{"line":57,"column":null}},"7":{"start":{"line":58,"column":34},"end":{"line":58,"column":null}},"8":{"start":{"line":59,"column":34},"end":{"line":59,"column":null}},"9":{"start":{"line":62,"column":58},"end":{"line":63,"column":null}},"10":{"start":{"line":63,"column":22},"end":{"line":63,"column":null}},"11":{"start":{"line":67,"column":2},"end":{"line":67,"column":null}}},"fnMap":{"0":{"name":"(anonymous_5)","decl":{"start":{"line":57,"column":29},"end":{"line":57,"column":34}},"loc":{"start":{"line":57,"column":34},"end":{"line":57,"column":null}}},"1":{"name":"(anonymous_6)","decl":{"start":{"line":58,"column":29},"end":{"line":58,"column":34}},"loc":{"start":{"line":58,"column":34},"end":{"line":58,"column":null}}},"2":{"name":"(anonymous_7)","decl":{"start":{"line":59,"column":29},"end":{"line":59,"column":34}},"loc":{"start":{"line":59,"column":34},"end":{"line":59,"column":null}}},"3":{"name":"(anonymous_8)","decl":{"start":{"line":63,"column":17},"end":{"line":63,"column":22}},"loc":{"start":{"line":63,"column":22},"end":{"line":63,"column":null}}},"4":{"name":"getCurrencyDecimals","decl":{"start":{"line":66,"column":16},"end":{"line":66,"column":36}},"loc":{"start":{"line":66,"column":48},"end":{"line":68,"column":null}}}},"branchMap":{"0":{"loc":{"start":{"line":67,"column":9},"end":{"line":67,"column":null}},"type":"binary-expr","locations":[{"start":{"line":67,"column":9},"end":{"line":67,"column":41}},{"start":{"line":67,"column":41},"end":{"line":67,"column":null}}]}},"s":{"0":9,"1":3,"2":3,"3":11,"4":2,"5":2,"6":70,"7":70,"8":70,"9":2,"10":70,"11":11},"f":{"0":70,"1":70,"2":70,"3":70,"4":11},"b":{"0":[11,1]}}
,"C:\\Users\\user\\Projects\\financetracker\\lib\\currency.ts": {"path":"C:\\Users\\user\\Projects\\financetracker\\lib\\currency.ts","statementMap":{"0":{"start":{"line":3,"column":9},"end":{"line":3,"column":21}},"1":{"start":{"line":3,"column":21},"end":{"line":3,"column":42}},"2":{"start":{"line":3,"column":42},"end":{"line":3,"column":56}},"3":{"start":{"line":13,"column":22},"end":{"line":13,"column":40}},"4":{"start":{"line":25,"column":16},"end":{"line":25,"column":29}},"5":{"start":{"line":3,"column":56},"end":{"line":3,"column":83}},"6":{"start":{"line":3,"column":83},"end":{"line":3,"column":null}},"7":{"start":{"line":14,"column":2},"end":{"line":22,"column":null}},"8":{"start":{"line":15,"column":16},"end":{"line":15,"column":null}},"9":{"start":{"line":16,"column":4},"end":{"line":16,"column":null}},"10":{"start":{"line":16,"column":17},"end":{"line":16,"column":null}},"11":{"start":{"line":17,"column":39},"end":{"line":17,"column":null}},"12":{"start":{"line":18,"column":4},"end":{"line":18,"column":null}},"13":{"start":{"line":20,"column":4},"end":{"line":20,"column":null}},"14":{"start":{"line":21,"column":4},"end":{"line":21,"column":null}},"15":{"start":{"line":26,"column":19},"end":{"line":26,"column":null}},"16":{"start":{"line":27,"column":2},"end":{"line":31,"column":null}}},"fnMap":{"0":{"name":"fetchExchangeRate","decl":{"start":{"line":13,"column":22},"end":{"line":13,"column":40}},"loc":{"start":{"line":13,"column":68},"end":{"line":23,"column":null}}},"1":{"name":"formatAmount","decl":{"start":{"line":25,"column":16},"end":{"line":25,"column":29}},"loc":{"start":{"line":25,"column":61},"end":{"line":32,"column":null}}}},"branchMap":{"0":{"loc":{"start":{"line":16,"column":4},"end":{"line":16,"column":null}},"type":"if","locations":[{"start":{"line":16,"column":4},"end":{"line":16,"column":null}},{"start":{},"end":{}}]}},"s":{"0":8,"1":0,"2":0,"3":3,"4":6,"5":0,"6":1,"7":3,"8":3,"9":2,"10":1,"11":1,"12":1,"13":1,"14":1,"15":6,"16":6},"f":{"0":3,"1":6},"b":{"0":[1,1]}}
,"C:\\Users\\user\\Projects\\financetracker\\lib\\daily-lessons.ts": {"path":"C:\\Users\\user\\Projects\\financetracker\\lib\\daily-lessons.ts","statementMap":{"0":{"start":{"line":934,"column":13},"end":{"line":934,"column":36}},"1":{"start":{"line":834,"column":13},"end":{"line":834,"column":43}},"2":{"start":{"line":756,"column":13},"end":{"line":756,"column":31}},"3":{"start":{"line":1013,"column":13},"end":{"line":1013,"column":40}},"4":{"start":{"line":740,"column":16},"end":{"line":740,"column":31}},"5":{"start":{"line":653,"column":16},"end":{"line":653,"column":null}},"6":{"start":{"line":23,"column":41},"end":{"line":84,"column":null}},"7":{"start":{"line":87,"column":36},"end":{"line":148,"column":null}},"8":{"start":{"line":151,"column":41},"end":{"line":212,"column":null}},"9":{"start":{"line":215,"column":41},"end":{"line":276,"column":null}},"10":{"start":{"line":279,"column":38},"end":{"line":340,"column":null}},"11":{"start":{"line":343,"column":37},"end":{"line":404,"column":null}},"12":{"start":{"line":407,"column":32},"end":{"line":468,"column":null}},"13":{"start":{"line":471,"column":37},"end":{"line":520,"column":null}},"14":{"start":{"line":523,"column":37},"end":{"line":584,"column":null}},"15":{"start":{"line":587,"column":34},"end":{"line":648,"column":null}},"16":{"start":{"line":666,"column":15},"end":{"line":666,"column":null}},"17":{"start":{"line":667,"column":18},"end":{"line":667,"column":null}},"18":{"start":{"line":668,"column":13},"end":{"line":668,"column":null}},"19":{"start":{"line":669,"column":17},"end":{"line":669,"column":null}},"20":{"start":{"line":670,"column":19},"end":{"line":670,"column":null}},"21":{"start":{"line":675,"column":2},"end":{"line":678,"column":null}},"22":{"start":{"line":676,"column":16},"end":{"line":676,"column":56}},"23":{"start":{"line":677,"column":4},"end":{"line":677,"column":null}},"24":{"start":{"line":681,"column":2},"end":{"line":685,"column":null}},"25":{"start":{"line":682,"column":22},"end":{"line":682,"column":null}},"26":{"start":{"line":683,"column":16},"end":{"line":683,"column":45}},"27":{"start":{"line":684,"column":4},"end":{"line":684,"column":null}},"28":{"start":{"line":688,"column":2},"end":{"line":692,"column":null}},"29":{"start":{"line":689,"column":22},"end":{"line":689,"column":null}},"30":{"start":{"line":690,"column":16},"end":{"line":690,"column":45}},"31":{"start":{"line":691,"column":4},"end":{"line":691,"column":null}},"32":{"start":{"line":695,"column":2},"end":{"line":699,"column":null}},"33":{"start":{"line":696,"column":22},"end":{"line":696,"column":null}},"34":{"start":{"line":697,"column":16},"end":{"line":697,"column":45}},"35":{"start":{"line":698,"column":4},"end":{"line":698,"column":null}},"36":{"start":{"line":702,"column":2},"end":{"line":707,"column":null}},"37":{"start":{"line":703,"column":21},"end":{"line":704,"column":null}},"38":{"start":{"line":705,"column":16},"end":{"line":705,"column":44}},"39":{"start":{"line":706,"column":4},"end":{"line":706,"column":null}},"40":{"start":{"line":710,"column":2},"end":{"line":722,"column":null}},"41":{"start":{"line":711,"column":4},"end":{"line":714,"column":null}},"42":{"start":{"line":712,"column":18},"end":{"line":712,"column":80}},"43":{"start":{"line":713,"column":6},"end":{"line":713,"column":null}},"44":{"start":{"line":715,"column":4},"end":{"line":718,"column":null}},"45":{"start":{"line":716,"column":18},"end":{"line":716,"column":87}},"46":{"start":{"line":717,"column":6},"end":{"line":717,"column":null}},"47":{"start":{"line":719,"column":23},"end":{"line":719,"column":null}},"48":{"start":{"line":720,"column":16},"end":{"line":720,"column":68}},"49":{"start":{"line":721,"column":4},"end":{"line":721,"column":null}},"50":{"start":{"line":725,"column":57},"end":{"line":731,"column":null}},"51":{"start":{"line":732,"column":18},"end":{"line":732,"column":28}},"52":{"start":{"line":733,"column":17},"end":{"line":733,"column":59}},"53":{"start":{"line":734,"column":2},"end":{"line":734,"column":null}},"54":{"start":{"line":747,"column":77},"end":{"line":747,"column":null}},"55":{"start":{"line":748,"column":2},"end":{"line":748,"column":null}},"56":{"start":{"line":748,"column":19},"end":{"line":748,"column":null}},"57":{"start":{"line":749,"column":2},"end":{"line":749,"column":null}},"58":{"start":{"line":749,"column":23},"end":{"line":749,"column":null}},"59":{"start":{"line":750,"column":2},"end":{"line":750,"column":null}},"60":{"start":{"line":750,"column":38},"end":{"line":750,"column":null}},"61":{"start":{"line":751,"column":2},"end":{"line":751,"column":null}},"62":{"start":{"line":751,"column":20},"end":{"line":751,"column":null}},"63":{"start":{"line":752,"column":2},"end":{"line":752,"column":null}},"64":{"start":{"line":756,"column":31},"end":{"line":829,"column":null}},"65":{"start"
[...]
,"C:\\Users\\user\\Projects\\financetracker\\lib\\use-push.ts": {"path":"C:\\Users\\user\\Projects\\financetracker\\lib\\use-push.ts","statementMap":{"0":{"start":{"line":5,"column":16},"end":{"line":5,"column":null}},"1":{"start":{"line":2,"column":36},"end":{"line":2,"column":null}},"2":{"start":{"line":3,"column":29},"end":{"line":3,"column":null}},"3":{"start":{"line":6,"column":36},"end":{"line":6,"column":null}},"4":{"start":{"line":7,"column":38},"end":{"line":7,"column":null}},"5":{"start":{"line":8,"column":32},"end":{"line":8,"column":null}},"6":{"start":{"line":9,"column":19},"end":{"line":9,"column":null}},"7":{"start":{"line":11,"column":2},"end":{"line":14,"column":null}},"8":{"start":{"line":12,"column":4},"end":{"line":12,"column":null}},"9":{"start":{"line":13,"column":4},"end":{"line":13,"column":null}},"10":{"start":{"line":17,"column":4},"end":{"line":17,"column":null}},"11":{"start":{"line":17,"column":41},"end":{"line":17,"column":null}},"12":{"start":{"line":18,"column":4},"end":{"line":22,"column":null}},"13":{"start":{"line":19,"column":18},"end":{"line":19,"column":53}},"14":{"start":{"line":20,"column":18},"end":{"line":20,"column":null}},"15":{"start":{"line":21,"column":6},"end":{"line":21,"column":null}},"16":{"start":{"line":26,"column":4},"end":{"line":26,"column":null}},"17":{"start":{"line":27,"column":4},"end":{"line":88,"column":null}},"18":{"start":{"line":28,"column":25},"end":{"line":28,"column":null}},"19":{"start":{"line":29,"column":6},"end":{"line":32,"column":null}},"20":{"start":{"line":30,"column":8},"end":{"line":30,"column":null}},"21":{"start":{"line":31,"column":8},"end":{"line":31,"column":null}},"22":{"start":{"line":34,"column":36},"end":{"line":34,"column":null}},"23":{"start":{"line":35,"column":6},"end":{"line":35,"column":null}},"24":{"start":{"line":35,"column":22},"end":{"line":35,"column":41}},"25":{"start":{"line":35,"column":41},"end":{"line":35,"column":62}},"26":{"start":{"line":38,"column":24},"end":{"line":38,"column":null}},"27":{"start":{"line":39,"column":6},"end":{"line":59,"column":null}},"28":{"start":{"line":40,"column":8},"end":{"line":58,"column":null}},"29":{"start":{"line":41,"column":34},"end":{"line":41,"column":null}},"30":{"start":{"line":41,"column":40},"end":{"line":41,"column":null}},"31":{"start":{"line":42,"column":27},"end":{"line":42,"column":null}},"32":{"start":{"line":43,"column":10},"end":{"line":55,"column":null}},"33":{"start":{"line":44,"column":12},"end":{"line":51,"column":null}},"34":{"start":{"line":52,"column":12},"end":{"line":52,"column":null}},"35":{"start":{"line":53,"column":12},"end":{"line":53,"column":null}},"36":{"start":{"line":54,"column":12},"end":{"line":54,"column":null}},"37":{"start":{"line":57,"column":10},"end":{"line":57,"column":null}},"38":{"start":{"line":62,"column":18},"end":{"line":62,"column":null}},"39":{"start":{"line":63,"column":6},"end":{"line":63,"column":null}},"40":{"start":{"line":65,"column":18},"end":{"line":70,"column":null}},"41":{"start":{"line":72,"column":22},"end":{"line":72,"column":null}},"42":{"start":{"line":73,"column":6},"end":{"line":80,"column":null}},"43":{"start":{"line":82,"column":6},"end":{"line":82,"column":null}},"44":{"start":{"line":83,"column":6},"end":{"line":83,"column":null}},"45":{"start":{"line":84,"column":6},"end":{"line":84,"column":null}},"46":{"start":{"line":86,"column":6},"end":{"line":86,"column":null}},"47":{"start":{"line":87,"column":6},"end":{"line":87,"column":null}},"48":{"start":{"line":92,"column":4},"end":{"line":92,"column":null}},"49":{"start":{"line":93,"column":4},"end":{"line":111,"column":null}},"50":{"start":{"line":94,"column":18},"end":{"line":94,"column":53}},"51":{"start":{"line":95,"column":18},"end":{"line":95,"column":null}},"52":{"start":{"line":96,"column":6},"end":{"line":109,"column":null}},"53":{"start":{"line":97,"column":38},"end":{"line":97,"column":null}},"54":{"start":{"line":98,"column":8},"end":{"line":107,"column":null}},"55":{"start":{"line":99,"column":10},"end":{"line":106,"column":null}},"56":{"start":{"line":108,"column":8},"end":{"line":108,"column":null}},"57":{"start":{"line":110,"column":6},"end":{"line":110,"column":null}},"58":{"start":{"line":112,"column":4},"end":{"line":112,"column":null}},"59":{"start":{"line":115,"column":2},"end":{"line":115,"column":null}},"60":{"start":{"line":119,"column":18},"end":{"line":119,"column":null}},"61":{"start":{"line":120,"column":17},"end":{"line":120,"column":null}},"62":{"start":{"line":121,"column":18},"end":{"line":121,"column":null}},"63":{"start":{"line":122,"column":2},"end":{"line":122,"column":null}},"64":{"start":{"line":122,"column":46},"end":{"line":122,"column":null}}},"fnMap":{"0":{"name":"usePush","decl":{"start":{"line":5,"column":16},"end":{"line":5,"column":null}},"loc":{"start":{"line":5,"column":16},"end":{"line":116,"column":null}}},"1":{"name":"(anonymous_5)","decl":{"start":{"line":11,"column":12},"end":{"line":11,"column":null}},"loc":{"start":{"line":11,"column":12},"end":{"line":14,"column":5}}},"2":{"name":"checkSubscription","decl":{"start":{"line":16,"column":17},"end":{"line":16,"column":null}},"loc":{"start":{"line":16,"column":17},"end":{"line":23,"column":null}}},"3":{"name":"subscribe","decl":{"start":{"line":25,"column":17},"end":{"line":25,"column":null}},"loc":{"start":{"line":25,"column":17},"end":{"line":89,"column":null}}},"4":{"name":"(anonymous_8)","decl":{"start":{"line":41,"column":40},"end":{"line":41,"column":47}},"loc":{"start":{"line":41,"column":40},"end":{"line":41,"column":null}}},"5":{"name":"unsubscribe","decl":{"start":{"line":91,"column":17},"end":{"line":91,"column":null}},"loc":{"start":{"line":91,"column":17},"end":{"line":113,"column":null}}},"6":{"name":"urlBase64ToUint8Array","decl":{"start":{"line":118,"column":9},"end":{"line":118,"column":31}},"loc":{"start":{"line":118,"column":51},"end":{"line":123,"column":null}}},"7":{"name":"(anonymous_11)","decl":{"start":{"line":122,"column":41},"end":{"line":122,"column":46}},"loc":{"start":{"line":122,"column":46},"end":{"line":122,"column":null}}}},"branchMap":{"0":{"loc":{"start":{"line":12,"column":17},"end":{"line":12,"column":null}},"type":"binary-expr","locations":[{"start":{"line":12,"column":17},"end":{"line":12,"column":49}},{"start":{"line":12,"column":49},"end":{"line":12,"column":null}}]},"1":{"loc":{"start":{"line":17,"column":4},"end":{"line":17,"column":null}},"type":"if","locations":[{"start":{"line":17,"column":4},"end":{"line":17,"column":null}},{"start":{},"end":{}}]},"2":{"loc":{"start":{"line":29,"column":6},"end":{"line":32,"column":null}},"type":"if","locations":[{"start":{"line":29,"column":6},"end":{"line":32,"column":null}},{"start":{},"end":{}}]},"3":{"loc":{"start":{"line":35,"column":6},"end":{"line":35,"column":null}},"type":"if","locations":[{"start":{"line":35,"column":6},"end":{"line":35,"column":null}},{"start":{},"end":{}}]},"4":{"loc":{"start":{"line":39,"column":6},"end":{"line":59,"column":null}},"type":"if","locations":[{"start":{"line":39,"column":6},"end":{"line":59,"column":null}},{"start":{},"end":{}}]},"5":{"loc":{"start":{"line":43,"column":10},"end":{"line":55,"column":null}},"type":"if","locations":[{"start":{"line":43,"column":10},"end":{"line":55,"column":null}},{"start":{},"end":{}}]},"6":{"loc":{"start":{"line":96,"column":6},"end":{"line":109,"column":null}},"type":"if","locations":[{"start":{"line":96,"column":6},"end":{"line":109,"column":null}},{"start":{},"end":{}}]},"7":{"loc":{"start":{"line":98,"column":8},"end":{"line":107,"column":null}},"type":"if","locations":[{"start":{"line":98,"column":8},"end":{"line":107,"column":null}},{"start":{},"end":{}}]}},"s":{"0":23,"1":1,"2":1,"3":23,"4":23,"5":23,"6":23,"7":23,"8":8,"9":8,"10":8,"11":0,"12":8,"13":8,"14":7,"15":7,"16":4,"17":4,"18":4,"19":3,"20":1,"21":1,"22":2,"23":2,"24":2,"25":2,"26":0,"27":0,"28":0,"29":0,"30":0,"31":0,"32":0,"33":0,"34":0,"35":0,"36":0,"37":0,"38":0,"39":0,"40":0,"41":0,"42":0,"43":0,"44":0,"45":0,"46":1,"47":1,"48":2,"49":2,"50":2,"51":1,"52":1,"53":0,"54":0,"55":0,"56":0,"57":1,"58":2,"59":23,"60":0,"61":0,"62":0,"63":0,"64":0},"f":{"0":23,"1":8,"2":8,"3":4,"4":0,"5":2,"6":0,"7":0},"b":{"0":[8,8],"1":[0,8],"2":[1,2],"3":[2,0],"4":[0,0],"5":[0,0],"6":[0,1],"7":[0,0]}}
,"C:\\Users\\user\\Projects\\financetracker\\lib\\use-swipe-delete.ts": {"path":"C:\\Users\\user\\Projects\\financetracker\\lib\\use-swipe-delete.ts","statementMap":{"0":{"start":{"line":4,"column":16},"end":{"line":4,"column":33}},"1":{"start":{"line":2,"column":33},"end":{"line":2,"column":null}},"2":{"start":{"line":5,"column":17},"end":{"line":5,"column":null}},"3":{"start":{"line":6,"column":30},"end":{"line":6,"column":null}},"4":{"start":{"line":7,"column":30},"end":{"line":7,"column":null}},"5":{"start":{"line":9,"column":23},"end":{"line":11,"column":null}},"6":{"start":{"line":10,"column":4},"end":{"line":10,"column":null}},"7":{"start":{"line":13,"column":22},"end":{"line":16,"column":null}},"8":{"start":{"line":14,"column":17},"end":{"line":14,"column":54}},"9":{"start":{"line":15,"column":4},"end":{"line":15,"column":null}},"10":{"start":{"line":15,"column":18},"end":{"line":15,"column":null}},"11":{"start":{"line":18,"column":21},"end":{"line":25,"column":null}},"12":{"start":{"line":19,"column":4},"end":{"line":24,"column":null}},"13":{"start":{"line":20,"column":6},"end":{"line":20,"column":null}},"14":{"start":{"line":22,"column":6},"end":{"line":22,"column":null}},"15":{"start":{"line":23,"column":6},"end":{"line":23,"column":null}},"16":{"start":{"line":27,"column":16},"end":{"line":27,"column":null}},"17":{"start":{"line":27,"column":24},"end":{"line":27,"column":38}},"18":{"start":{"line":27,"column":38},"end":{"line":27,"column":55}},"19":{"start":{"line":29,"column":19},"end":{"line":29,"column":null}},"20":{"start":{"line":31,"column":2},"end":{"line":31,"column":null}}},"fnMap":{"0":{"name":"useSwipeToDelete","decl":{"start":{"line":4,"column":16},"end":{"line":4,"column":33}},"loc":{"start":{"line":4,"column":69},"end":{"line":32,"column":null}}},"1":{"name":"(anonymous_2)","decl":{"start":{"line":9,"column":23},"end":{"line":9,"column":24}},"loc":{"start":{"line":9,"column":24},"end":{"line":11,"column":null}}},"2":{"name":"(anonymous_3)","decl":{"start":{"line":13,"column":22},"end":{"line":13,"column":23}},"loc":{"start":{"line":13,"column":23},"end":{"line":16,"column":null}}},"3":{"name":"(anonymous_4)","decl":{"start":{"line":18,"column":21},"end":{"line":18,"column":null}},"loc":{"start":{"line":18,"column":21},"end":{"line":25,"column":null}}},"4":{"name":"(anonymous_5)","decl":{"start":{"line":27,"column":16},"end":{"line":27,"column":24}},"loc":{"start":{"line":27,"column":16},"end":{"line":27,"column":null}}}},"branchMap":{"0":{"loc":{"start":{"line":4,"column":55},"end":{"line":4,"column":69}},"type":"default-arg","locations":[{"start":{"line":4,"column":67},"end":{"line":4,"column":69}}]},"1":{"loc":{"start":{"line":15,"column":4},"end":{"line":15,"column":null}},"type":"if","locations":[{"start":{"line":15,"column":4},"end":{"line":15,"column":null}},{"start":{},"end":{}}]},"2":{"loc":{"start":{"line":19,"column":4},"end":{"line":24,"column":null}},"type":"if","locations":[{"start":{"line":19,"column":4},"end":{"line":24,"column":null}},{"start":{"line":21,"column":11},"end":{"line":24,"column":null}}]}},"s":{"0":24,"1":1,"2":24,"3":24,"4":24,"5":24,"6":9,"7":24,"8":8,"9":8,"10":7,"11":24,"12":5,"13":3,"14":2,"15":2,"16":24,"17":1,"18":1,"19":24,"20":24},"f":{"0":24,"1":9,"2":8,"3":5,"4":1},"b":{"0":[14],"1":[7,1],"2":[3,2]}}
,"C:\\Users\\user\\Projects\\financetracker\\lib\\user-context.tsx": {"path":"C:\\Users\\user\\Projects\\financetracker\\lib\\user-context.tsx","statementMap":{"0":{"start":{"line":15,"column":16},"end":{"line":15,"column":29}},"1":{"start":{"line":56,"column":16},"end":{"line":56,"column":null}},"2":{"start":{"line":2,"column":74},"end":{"line":2,"column":null}},"3":{"start":{"line":3,"column":29},"end":{"line":3,"column":null}},"4":{"start":{"line":13,"column":20},"end":{"line":13,"column":null}},"5":{"start":{"line":16,"column":26},"end":{"line":16,"column":null}},"6":{"start":{"line":17,"column":32},"end":{"line":17,"column":null}},"7":{"start":{"line":18,"column":32},"end":{"line":18,"column":null}},"8":{"start":{"line":19,"column":19},"end":{"line":19,"column":null}},"9":{"start":{"line":21,"column":2},"end":{"line":47,"column":null}},"10":{"start":{"line":23,"column":23},"end":{"line":23,"column":null}},"11":{"start":{"line":24,"column":6},"end":{"line":24,"column":null}},"12":{"start":{"line":28,"column":33},"end":{"line":28,"column":null}},"13":{"start":{"line":29,"column":6},"end":{"line":29,"column":null}},"14":{"start":{"line":30,"column":6},"end":{"line":32,"column":null}},"15":{"start":{"line":31,"column":8},"end":{"line":31,"column":null}},"16":{"start":{"line":33,"column":6},"end":{"line":33,"column":null}},"17":{"start":{"line":35,"column":4},"end":{"line":35,"column":null}},"18":{"start":{"line":37,"column":39},"end":{"line":45,"column":null}},"19":{"start":{"line":38,"column":22},"end":{"line":38,"column":null}},"20":{"start":{"line":39,"column":6},"end":{"line":39,"column":null}},"21":{"start":{"line":40,"column":6},"end":{"line":44,"column":null}},"22":{"start":{"line":41,"column":8},"end":{"line":41,"column":null}},"23":{"start":{"line":43,"column":8},"end":{"line":43,"column":null}},"24":{"start":{"line":46,"column":4},"end":{"line":46,"column":null}},"25":{"start":{"line":46,"column":17},"end":{"line":46,"column":null}},"26":{"start":{"line":57,"column":2},"end":{"line":57,"column":null}}},"fnMap":{"0":{"name":"UserProvider","decl":{"start":{"line":15,"column":16},"end":{"line":15,"column":29}},"loc":{"start":{"line":15,"column":66},"end":{"line":54,"column":null}}},"1":{"name":"(anonymous_4)","decl":{"start":{"line":21,"column":12},"end":{"line":21,"column":null}},"loc":{"start":{"line":21,"column":12},"end":{"line":47,"column":5}}},"2":{"name":"fetchProfile","decl":{"start":{"line":22,"column":19},"end":{"line":22,"column":32}},"loc":{"start":{"line":22,"column":46},"end":{"line":25,"column":null}}},"3":{"name":"load","decl":{"start":{"line":27,"column":19},"end":{"line":27,"column":null}},"loc":{"start":{"line":27,"column":19},"end":{"line":34,"column":null}}},"4":{"name":"(anonymous_7)","decl":{"start":{"line":37,"column":71},"end":{"line":37,"column":78}},"loc":{"start":{"line":37,"column":86},"end":{"line":45,"column":null}}},"5":{"name":"(anonymous_8)","decl":{"start":{"line":46,"column":11},"end":{"line":46,"column":17}},"loc":{"start":{"line":46,"column":17},"end":{"line":46,"column":null}}},"6":{"name":"useUser","decl":{"start":{"line":56,"column":16},"end":{"line":56,"column":null}},"loc":{"start":{"line":56,"column":16},"end":{"line":58,"column":null}}}},"branchMap":{"0":{"loc":{"start":{"line":30,"column":6},"end":{"line":32,"column":null}},"type":"if","locations":[{"start":{"line":30,"column":6},"end":{"line":32,"column":null}},{"start":{},"end":{}}]},"1":{"loc":{"start":{"line":38,"column":22},"end":{"line":38,"column":null}},"type":"binary-expr","locations":[{"start":{"line":38,"column":22},"end":{"line":38,"column":39}},{"start":{"line":38,"column":39},"end":{"line":38,"column":null}}]},"2":{"loc":{"start":{"line":40,"column":6},"end":{"line":44,"column":null}},"type":"if","locations":[{"start":{"line":40,"column":6},"end":{"line":44,"column":null}},{"start":{"line":42,"column":13},"end":{"line":44,"column":null}}]}},"s":{"0":3,"1":7,"2":1,"3":1,"4":1,"5":7,"6":7,"7":7,"8":7,"9":7,"10":2,"11":2,"12":3,"13":3,"14":3,"15":1,"16":3,"17":3,"18":3,"19":1,"20":1,"21":1,"22":1,"23":0,"24":3,"25":3,"26":7},"f":{"0":7,"1":3,"2":2,"3":3,"4":1,"5":3,"6":7},"b":{"0":[1,2],"1":[1,0],"2":[1,0]}}
,"C:\\Users\\user\\Projects\\financetracker\\lib\\supabase\\admin.ts": {"path":"C:\\Users\\user\\Projects\\financetracker\\lib\\supabase\\admin.ts","statementMap":{"0":{"start":{"line":15,"column":16},"end":{"line":15,"column":null}},"1":{"start":{"line":8,"column":29},"end":{"line":8,"column":null}},"2":{"start":{"line":16,"column":14},"end":{"line":16,"column":50}},"3":{"start":{"line":17,"column":14},"end":{"line":17,"column":51}},"4":{"start":{"line":19,"column":2},"end":{"line":24,"column":null}},"5":{"start":{"line":20,"column":4},"end":{"line":22,"column":null}},"6":{"start":{"line":26,"column":2},"end":{"line":31,"column":null}}},"fnMap":{"0":{"name":"createAdminClient","decl":{"start":{"line":15,"column":16},"end":{"line":15,"column":null}},"loc":{"start":{"line":15,"column":16},"end":{"line":32,"column":null}}}},"branchMap":{"0":{"loc":{"start":{"line":19,"column":2},"end":{"line":24,"column":null}},"type":"if","locations":[{"start":{"line":19,"column":2},"end":{"line":24,"column":null}},{"start":{},"end":{}}]},"1":{"loc":{"start":{"line":19,"column":6},"end":{"line":19,"column":20}},"type":"binary-expr","locations":[{"start":{"line":19,"column":6},"end":{"line":19,"column":14}},{"start":{"line":19,"column":14},"end":{"line":19,"column":20}}]}},"s":{"0":1,"1":1,"2":1,"3":1,"4":1,"5":0,"6":1},"f":{"0":1},"b":{"0":[0,1],"1":[1,1]}}
,"C:\\Users\\user\\Projects\\financetracker\\lib\\supabase\\client.ts": {"path":"C:\\Users\\user\\Projects\\financetracker\\lib\\supabase\\client.ts","statementMap":{"0":{"start":{"line":4,"column":16},"end":{"line":4,"column":null}},"1":{"start":{"line":2,"column":36},"end":{"line":2,"column":null}},"2":{"start":{"line":5,"column":2},"end":{"line":15,"column":null}}},"fnMap":{"0":{"name":"createClient","decl":{"start":{"line":4,"column":16},"end":{"line":4,"column":null}},"loc":{"start":{"line":4,"column":16},"end":{"line":17,"column":null}}}},"branchMap":{},"s":{"0":0,"1":0,"2":0},"f":{"0":0},"b":{}}
,"C:\\Users\\user\\Projects\\financetracker\\lib\\supabase\\server.ts": {"path":"C:\\Users\\user\\Projects\\financetracker\\lib\\supabase\\server.ts","statementMap":{"0":{"start":{"line":10,"column":22},"end":{"line":10,"column":null}},"1":{"start":{"line":1,"column":35},"end":{"line":1,"column":null}},"2":{"start":{"line":2,"column":24},"end":{"line":2,"column":null}},"3":{"start":{"line":11,"column":22},"end":{"line":11,"column":null}},"4":{"start":{"line":12,"column":2},"end":{"line":26,"column":null}},"5":{"start":{"line":17,"column":19},"end":{"line":17,"column":47}},"6":{"start":{"line":19,"column":10},"end":{"line":23,"column":null}},"7":{"start":{"line":20,"column":12},"end":{"line":21,"column":null}},"8":{"start":{"line":21,"column":14},"end":{"line":21,"column":null}}},"fnMap":{"0":{"name":"createClient","decl":{"start":{"line":10,"column":22},"end":{"line":10,"column":null}},"loc":{"start":{"line":10,"column":22},"end":{"line":28,"column":null}}},"1":{"name":"(anonymous_2)","decl":{"start":{"line":17,"column":8},"end":{"line":17,"column":19}},"loc":{"start":{"line":17,"column":8},"end":{"line":17,"column":null}}},"2":{"name":"(anonymous_3)","decl":{"start":{"line":18,"column":8},"end":{"line":18,"column":15}},"loc":{"start":{"line":18,"column":87},"end":{"line":24,"column":null}}},"3":{"name":"(anonymous_4)","decl":{"start":{"line":20,"column":33},"end":{"line":20,"column":34}},"loc":{"start":{"line":21,"column":14},"end":{"line":21,"column":null}}}},"branchMap":{},"s":{"0":0,"1":0,"2":0,"3":0,"4":0,"5":0,"6":0,"7":0,"8":0},"f":{"0":0,"1":0,"2":0,"3":0},"b":{}}
,"C:\\Users\\user\\Projects\\financetracker\\types\\index.ts": {"path":"C:\\Users\\user\\Projects\\financetracker\\types\\index.ts","statementMap":{"0":{"start":{"line":211,"column":13},"end":{"line":211,"column":34}},"1":{"start":{"line":224,"column":13},"end":{"line":224,"column":33}},"2":{"start":{"line":211,"column":34},"end":{"line":222,"column":null}},"3":{"start":{"line":224,"column":33},"end":{"line":230,"column":null}}},"fnMap":{},"branchMap":{},"s":{"0":11,"1":6,"2":1,"3":1},"f":{},"b":{}}
}
