TN:
SF:app\global-error.tsx
FN:7,GlobalError
FN:12,(anonymous_6)
FNF:2
FNH:0
FNDA:0,GlobalError
FNDA:0,(anonymous_6)
DA:3,0
DA:4,0
DA:5,0
DA:7,0
DA:12,0
DA:13,0
LF:6
LH:0
BRF:0
BRH:0
end_of_record
TN:
SF:app\layout.tsx
FN:18,generateMetadata
FN:38,RootLayout
FNF:2
FNH:0
FNDA:0,generateMetadata
FNDA:0,RootLayout
DA:3,0
DA:4,0
DA:5,0
DA:6,0
DA:7,0
DA:8,0
DA:9,0
DA:10,0
DA:12,0
DA:18,0
DA:19,0
DA:21,0
DA:38,0
DA:39,0
LF:14
LH:0
BRDA:42,0,0,0
BRDA:42,0,1,0
BRF:2
BRH:0
end_of_record
TN:
SF:app\not-found.tsx
FN:5,NotFound
FN:75,(anonymous_3)
FN:95,(anonymous_4)
FNF:3
FNH:0
FNDA:0,NotFound
FNDA:0,(anonymous_3)
FNDA:0,(anonymous_4)
DA:2,0
DA:3,0
DA:5,0
DA:6,0
DA:75,0
DA:96,0
LF:6
LH:0
BRDA:18,0,0,0
BRDA:18,0,1,0
BRDA:47,1,0,0
BRDA:47,1,1,0
BRDA:56,2,0,0
BRDA:56,2,1,0
BRDA:72,3,0,0
BRDA:72,3,1,0
BRDA:83,4,0,0
BRDA:83,4,1,0
BRF:10
BRH:0
end_of_record
TN:
SF:app\page.tsx
FN:4,LandingPage
FNF:1
FNH:0
FNDA:0,LandingPage
DA:1,0
DA:2,0
DA:4,0
DA:5,0
DA:6,0
LF:5
LH:0
BRDA:12,0,0,0
BRDA:12,0,1,0
BRF:2
BRH:0
end_of_record
TN:
SF:app\(auth)\layout.tsx
FN:3,AuthLayout
FNF:1
FNH:0
FNDA:0,AuthLayout
DA:1,0
DA:3,0
LF:2
LH:0
BRF:0
BRH:0
end_of_record
TN:
SF:app\(auth)\forgot-password\page.tsx
FN:6,ForgotPasswordPage
FN:12,handleSubmit
FN:57,(anonymous_4)
FNF:3
FNH:0
FNDA:0,ForgotPasswordPage
FNDA:0,handleSubmit
FNDA:0,(anonymous_4)
DA:2,0
DA:3,0
DA:4,0
DA:6,0
DA:7,0
DA:8,0
DA:9,0
DA:10,0
DA:13,0
DA:14,0
DA:15,0
DA:16,0
DA:17,0
DA:20,0
DA:21,0
DA:22,0
DA:57,0
LF:17
LH:0
BRDA:20,0,0,0
BRDA:20,0,1,0
BRDA:35,1,0,0
BRDA:49,2,0,0
BRDA:64,3,0,0
BRDA:64,3,1,0
BRDA:65,4,0,0
BRDA:65,4,1,0
BRF:8
BRH:0
end_of_record
TN:
SF:app\(auth)\login\page.tsx
FN:8,LoginPage
FN:16,handleLogin
FN:27,(anonymous_4)
FN:54,(anonymous_5)
FN:66,(anonymous_6)
FNF:5
FNH:0
FNDA:0,LoginPage
FNDA:0,handleLogin
FNDA:0,(anonymous_4)
FNDA:0,(anonymous_5)
FNDA:0,(anonymous_6)
DA:2,0
DA:3,0
DA:4,0
DA:5,0
DA:6,0
DA:8,0
DA:9,0
DA:10,0
DA:11,0
DA:12,0
DA:13,0
DA:14,0
DA:17,0
DA:18,0
DA:19,0
DA:20,0
DA:21,0
DA:22,0
DA:23,0
DA:24,0
DA:26,0
DA:27,0
DA:28,0
DA:54,0
DA:66,0
LF:25
LH:0
BRDA:22,0,0,0
BRDA:22,0,1,0
BRDA:45,1,0,0
BRDA:74,2,0,0
BRDA:74,2,1,0
BRF:5
BRH:0
end_of_record
TN:
SF:app\(auth)\onboarding\page.tsx
FN:18,ProgressBar
FN:27,StepDots
FN:30,(anonymous_5)
FN:37,Field
FN:46,StyledInput
FN:49,(anonymous_8)
FN:50,(anonymous_9)
FN:55,StyledSelect
FN:61,BudgetPreview
FN:92,Step1
FN:104,(anonymous_13)
FN:123,(anonymous_14)
FN:123,(anonymous_15)
FN:132,(anonymous_16)
FN:132,(anonymous_17)
FN:141,(anonymous_18)
FN:141,(anonymous_19)
FN:159,Step2
FN:186,(anonymous_21)
FN:187,(anonymous_22)
FN:187,(anonymous_23)
FN:194,(anonymous_24)
FN:194,(anonymous_25)
FN:198,(anonymous_26)
FN:198,(anonymous_27)
FN:200,(anonymous_28)
FN:208,(anonymous_29)
FN:208,(anonymous_30)
FN:231,Step3
FN:260,(anonymous_32)
FN:290,(anonymous_33)
FN:301,(anonymous_34)
FN:302,(anonymous_35)
FN:311,OnboardingPage
FN:314,(anonymous_37)
FN:323,(anonymous_38)
FN:324,load
FN:343,handleStep1
FN:375,handleStep2
FN:395,handleDone
FN:434,(anonymous_43)
FNF:41
FNH:0
FNDA:0,ProgressBar
FNDA:0,StepDots
FNDA:0,(anonymous_5)
FNDA:0,Field
FNDA:0,StyledInput
FNDA:0,(anonymous_8)
FNDA:0,(anonymous_9)
FNDA:0,StyledSelect
FNDA:0,BudgetPreview
FNDA:0,Step1
FNDA:0,(anonymous_13)
FNDA:0,(anonymous_14)
FNDA:0,(anonymous_15)
FNDA:0,(anonymous_16)
FNDA:0,(anonymous_17)
FNDA:0,(anonymous_18)
FNDA:0,(anonymous_19)
FNDA:0,Step2
FNDA:0,(anonymous_21)
FNDA:0,(anonymous_22)
FNDA:0,(anonymous_23)
FNDA:0,(anonymous_24)
FNDA:0,(anonymous_25)
FNDA:0,(anonymous_26)
FNDA:0,(anonymous_27)
FNDA:0,(anonymous_28)
FNDA:0,(anonymous_29)
FNDA:0,(anonymous_30)
FNDA:0,Step3
FNDA:0,(anonymous_32)
FNDA:0,(anonymous_33)
FNDA:0,(anonymous_34)
FNDA:0,(anonymous_35)
FNDA:0,OnboardingPage
FNDA:0,(anonymous_37)
FNDA:0,(anonymous_38)
FNDA:0,load
FNDA:0,handleStep1
FNDA:0,handleStep2
FNDA:0,handleDone
FNDA:0,(anonymous_43)
DA:2,0
DA:4,0
DA:5,0
DA:6,0
DA:7,0
DA:8,0
DA:9,0
DA:15,0
DA:16,0
DA:19,0
DA:31,0
DA:49,0
DA:50,0
DA:62,0
DA:63,0
DA:64,0
DA:65,0
DA:66,0
DA:67,0
DA:100,0
DA:101,0
DA:104,0
DA:123,0
DA:132,0
DA:141,0
DA:168,0
DA:169,0
DA:170,0
DA:187,0
DA:194,0
DA:198,0
DA:200,0
DA:208,0
DA:232,0
DA:234,0
DA:261,0
DA:291,0
DA:301,0
DA:302,0
DA:311,0
DA:312,0
DA:313,0
DA:314,0
DA:315,0
DA:316,0
DA:317,0
DA:318,0
DA:319,0
DA:320,0
DA:321,0
DA:323,0
DA:325,0
DA:326,0
DA:327,0
DA:328,0
DA:330,0
DA:331,0
DA:332,0
DA:333,0
DA:338,0
DA:340,0
DA:344,0
DA:345,0
DA:346,0
DA:347,0
DA:354,0
DA:356,0
DA:358,0
DA:363,0
DA:372,0
DA:378,0
DA:379,0
DA:380,0
DA:384,0
DA:385,0
DA:386,0
DA:387,0
DA:388,0
DA:390,0
DA:392,0
DA:396,0
DA:397,0
DA:398,0
DA:400,0
DA:401,0
DA:402,0
DA:403,0
DA:411,0
DA:412,0
DA:413,0
DA:416,0
DA:417,0
DA:434,0
LF:93
LH:0
BRDA:31,0,0,0
BRDA:31,0,1,0
BRDA:31,1,0,0
BRDA:31,1,1,0
BRDA:31,2,0,0
BRDA:31,2,1,0
BRDA:64,3,0,0
BRDA:64,3,1,0
BRDA:135,4,0,0
BRDA:135,4,1,0
BRDA:142,5,0,0
BRDA:142,5,1,0
BRDA:143,6,0,0
BRDA:143,6,1,0
BRDA:150,7,0,0
BRDA:150,7,1,0
BRDA:150,8,0,0
BRDA:150,8,1,0
BRDA:170,9,0,0
BRDA:170,9,1,0
BRDA:174,10,0,0
BRDA:174,10,1,0
BRDA:174,11,0,0
BRDA:174,11,1,0
BRDA:175,12,0,0
BRDA:175,12,1,0
BRDA:187,13,0,0
BRDA:187,13,1,0
BRDA:187,14,0,0
BRDA:187,14,1,0
BRDA:187,15,0,0
BRDA:187,15,1,0
BRDA:188,16,0,0
BRDA:188,16,1,0
BRDA:209,17,0,0
BRDA:209,17,1,0
BRDA:210,18,0,0
BRDA:210,18,1,0
BRDA:211,19,0,0
BRDA:211,19,1,0
BRDA:219,20,0,0
BRDA:219,20,1,0
BRDA:219,20,2,0
BRDA:219,21,0,0
BRDA:219,21,1,0
BRDA:219,22,0,0
BRDA:219,22,1,0
BRDA:219,23,0,0
BRDA:219,23,1,0
BRDA:219,23,2,0
BRDA:219,24,0,0
BRDA:219,24,1,0
BRDA:219,25,0,0
BRDA:219,25,1,0
BRDA:219,25,2,0
BRDA:220,26,0,0
BRDA:220,26,1,0
BRDA:232,27,0,0
BRDA:232,27,1,0
BRDA:232,28,0,0
BRDA:232,28,1,0
BRDA:262,29,0,0
BRDA:262,29,1,0
BRDA:263,30,0,0
BRDA:263,30,1,0
BRDA:264,31,0,0
BRDA:291,32,0,0
BRDA:291,32,1,0
BRDA:326,33,0,0
BRDA:326,33,1,0
BRDA:334,34,0,0
BRDA:334,34,1,0
BRDA:334,34,2,0
BRDA:335,35,0,0
BRDA:335,35,1,0
BRDA:335,35,2,0
BRDA:336,36,0,0
BRDA:336,36,1,0
BRDA:345,37,0,0
BRDA:345,37,1,0
BRDA:346,38,0,0
BRDA:346,38,1,0
BRDA:350,39,0,0
BRDA:350,39,1,0
BRDA:354,40,0,0
BRDA:354,40,1,0
BRDA:356,41,0,0
BRDA:356,41,1,0
BRDA:356,42,0,0
BRDA:356,42,1,0
BRDA:368,43,0,0
BRDA:368,43,1,0
BRDA:378,44,0,0
BRDA:378,44,1,0
BRDA:378,45,0,0
BRDA:378,45,1,0
BRDA:378,45,2,0
BRDA:378,45,3,0
BRDA:380,46,0,0
BRDA:380,46,1,0
BRDA:384,47,0,0
BRDA:384,47,1,0
BRDA:384,48,0,0
BRDA:384,48,1,0
BRDA:387,49,0,0
BRDA:387,49,1,0
BRDA:388,50,0,0
BRDA:388,50,1,0
BRDA:397,51,0,0
BRDA:397,51,1,0
BRDA:402,52,0,0
BRDA:402,52,1,0
BRDA:412,53,0,0
BRDA:412,53,1,0
BRDA:412,54,0,0
BRDA:412,54,1,0
BRDA:421,55,0,0
BRDA:421,55,1,0
BRDA:433,56,0,0
BRDA:434,57,0,0
BRDA:435,58,0,0
BRF:121
BRH:0
end_of_record
TN:
SF:app\(auth)\register\page.tsx
FN:8,RegisterPage
FN:16,handleRegister
FN:58,(anonymous_4)
FN:65,(anonymous_5)
FNF:4
FNH:0
FNDA:0,RegisterPage
FNDA:0,handleRegister
FNDA:0,(anonymous_4)
FNDA:0,(anonymous_5)
DA:2,0
DA:3,0
DA:4,0
DA:5,0
DA:6,0
DA:8,0
DA:9,0
DA:10,0
DA:11,0
DA:12,0
DA:13,0
DA:14,0
DA:17,0
DA:18,0
DA:19,0
DA:20,0
DA:21,0
DA:28,0
DA:29,0
DA:30,0
DA:32,0
DA:33,0
DA:58,0
DA:65,0
LF:24
LH:0
BRDA:28,0,0,0
BRDA:28,0,1,0
BRDA:50,1,0,0
BRDA:72,2,0,0
BRDA:72,2,1,0
BRF:5
BRH:0
end_of_record
TN:
SF:app\(auth)\reset-password\actions.ts
FN:6,exchangeCode
FN:10,(anonymous_4)
FN:10,(anonymous_5)
FN:17,updatePassword
FNF:4
FNH:0
FNDA:0,exchangeCode
FNDA:0,(anonymous_4)
FNDA:0,(anonymous_5)
FNDA:0,updatePassword
DA:2,0
DA:3,0
DA:6,0
DA:7,0
DA:10,0
DA:12,0
DA:13,0
DA:14,0
DA:17,0
DA:18,0
DA:20,0
DA:22,0
DA:23,0
DA:25,0
DA:26,0
LF:15
LH:0
BRDA:13,0,0,0
BRDA:13,0,1,0
BRDA:13,1,0,0
BRDA:13,1,1,0
BRDA:18,2,0,0
BRDA:18,2,1,0
BRDA:23,3,0,0
BRDA:23,3,1,0
BRDA:23,4,0,0
BRDA:23,4,1,0
BRF:10
BRH:0
end_of_record
TN:
SF:app\(auth)\reset-password\page.tsx
FN:7,ResetPasswordForm
FN:20,(anonymous_2)
FN:22,resolve
FN:63,handleSubmit
FN:76,(anonymous_5)
FN:85,(anonymous_6)
FN:91,(anonymous_7)
FN:103,ResetPasswordPage
FNF:8
FNH:0
FNDA:0,ResetPasswordForm
FNDA:0,(anonymous_2)
FNDA:0,resolve
FNDA:0,handleSubmit
FNDA:0,(anonymous_5)
FNDA:0,(anonymous_6)
FNDA:0,(anonymous_7)
FNDA:0,ResetPasswordPage
DA:2,0
DA:3,0
DA:4,0
DA:5,0
DA:8,0
DA:9,0
DA:10,0
DA:12,0
DA:13,0
DA:14,0
DA:15,0
DA:16,0
DA:17,0
DA:18,0
DA:20,0
DA:21,0
DA:24,0
DA:25,0
DA:26,0
DA:27,0
DA:28,0
DA:29,0
DA:30,0
DA:31,0
DA:34,0
DA:35,0
DA:36,0
DA:37,0
DA:38,0
DA:39,0
DA:42,0
DA:44,0
DA:47,0
DA:55,0
DA:64,0
DA:65,0
DA:66,0
DA:67,0
DA:68,0
DA:69,0
DA:72,0
DA:73,0
DA:75,0
DA:76,0
DA:85,0
DA:91,0
DA:103,0
DA:104,0
LF:48
LH:0
BRDA:12,0,0,0
BRDA:12,0,1,0
BRDA:21,1,0,0
BRDA:21,1,1,0
BRDA:27,2,0,0
BRDA:27,2,1,0
BRDA:27,3,0,0
BRDA:27,3,1,0
BRDA:35,4,0,0
BRDA:35,4,1,0
BRDA:37,5,0,0
BRDA:37,5,1,0
BRDA:47,6,0,0
BRDA:47,6,1,0
BRDA:55,7,0,0
BRDA:55,7,1,0
BRDA:65,8,0,0
BRDA:65,8,1,0
BRDA:68,9,0,0
BRDA:68,9,1,0
BRDA:69,10,0,0
BRDA:69,10,1,0
BRDA:81,11,0,0
BRDA:82,12,0,0
BRDA:95,13,0,0
BRDA:95,13,1,0
BRDA:96,14,0,0
BRDA:96,14,1,0
BRDA:96,15,0,0
BRDA:96,15,1,0
BRDA:97,16,0,0
BRDA:97,16,1,0
BRF:32
BRH:0
end_of_record
TN:
SF:app\(dashboard)\layout.tsx
FN:16,TranslatedErrorBoundary
FN:21,DashboardContent
FN:26,(anonymous_4)
FN:29,(anonymous_5)
FN:38,(anonymous_6)
FN:43,(anonymous_7)
FN:55,(anonymous_8)
FN:85,DashboardLayout
FNF:8
FNH:0
FNDA:0,TranslatedErrorBoundary
FNDA:0,DashboardContent
FNDA:0,(anonymous_4)
FNDA:0,(anonymous_5)
FNDA:0,(anonymous_6)
FNDA:0,(anonymous_7)
FNDA:0,(anonymous_8)
FNDA:0,DashboardLayout
DA:2,0
DA:3,0
DA:4,0
DA:5,0
DA:6,0
DA:7,0
DA:8,0
DA:9,0
DA:10,0
DA:11,0
DA:12,0
DA:13,0
DA:14,0
DA:17,0
DA:22,0
DA:23,0
DA:24,0
DA:25,0
DA:26,0
DA:27,0
DA:29,0
DA:30,0
DA:31,0
DA:35,0
DA:38,0
DA:39,0
DA:40,0
DA:43,0
DA:44,0
DA:45,0
DA:46,0
DA:55,0
DA:56,0
DA:57,0
DA:85,0
LF:35
LH:0
BRDA:30,0,0,0
BRDA:30,0,1,0
BRDA:35,1,0,0
BRDA:35,1,1,0
BRDA:39,2,0,0
BRDA:39,2,1,0
BRDA:44,3,0,0
BRDA:44,3,1,0
BRDA:56,4,0,0
BRDA:56,4,1,0
BRDA:62,5,0,0
BRDA:62,5,1,0
BRF:12
BRH:0
end_of_record
TN:
SF:app\(dashboard)\dashboard\loading.tsx
FN:3,DashboardLoading
FNF:1
FNH:0
FNDA:0,DashboardLoading
DA:1,0
DA:3,0
DA:4,0
LF:3
LH:0
BRF:0
BRH:0
end_of_record
TN:
SF:app\(dashboard)\dashboard\page.tsx
FN:27,(anonymous_5)
FN:27,(anonymous_6)
FN:27,(anonymous_7)
FN:28,(anonymous_10)
FN:28,(anonymous_11)
FN:28,(anonymous_12)
FN:30,(anonymous_15)
FN:30,(anonymous_16)
FN:30,(anonymous_17)
FN:34,(anonymous_20)
FN:35,(anonymous_21)
FN:35,(anonymous_22)
FN:35,(anonymous_23)
FN:38,DashboardPage
FN:50,(anonymous_27)
FN:54,(anonymous_28)
FN:56,(anonymous_29)
FN:61,(anonymous_30)
FN:61,(anonymous_31)
FN:64,(anonymous_32)
FN:112,(anonymous_33)
FN:157,(anonymous_34)
FN:188,(anonymous_35)
FN:224,(anonymous_36)
FNF:24
FNH:0
FNDA:0,(anonymous_5)
FNDA:0,(anonymous_6)
FNDA:0,(anonymous_7)
FNDA:0,(anonymous_10)
FNDA:0,(anonymous_11)
FNDA:0,(anonymous_12)
FNDA:0,(anonymous_15)
FNDA:0,(anonymous_16)
FNDA:0,(anonymous_17)
FNDA:0,(anonymous_20)
FNDA:0,(anonymous_21)
FNDA:0,(anonymous_22)
FNDA:0,(anonymous_23)
FNDA:0,DashboardPage
FNDA:0,(anonymous_27)
FNDA:0,(anonymous_28)
FNDA:0,(anonymous_29)
FNDA:0,(anonymous_30)
FNDA:0,(anonymous_31)
FNDA:0,(anonymous_32)
FNDA:0,(anonymous_33)
FNDA:0,(anonymous_34)
FNDA:0,(anonymous_35)
FNDA:0,(anonymous_36)
DA:2,0
DA:3,0
DA:4,0
DA:5,0
DA:6,0
DA:10,0
DA:11,0
DA:12,0
DA:13,0
DA:14,0
DA:15,0
DA:16,0
DA:19,0
DA:20,0
DA:21,0
DA:22,0
DA:23,0
DA:24,0
DA:25,0
DA:27,0
DA:28,0
DA:30,0
DA:34,0
DA:35,0
DA:38,0
DA:39,0
DA:40,0
DA:41,0
DA:42,0
DA:45,0
DA:47,0
DA:48,0
DA:50,0
DA:51,0
DA:52,0
DA:54,0
DA:55,0
DA:56,0
DA:57,0
DA:58,0
DA:59,0
DA:61,0
DA:62,0
DA:65,0
DA:70,0
DA:73,0
DA:78,0
DA:80,0
DA:81,0
DA:82,0
DA:83,0
DA:84,0
DA:85,0
DA:86,0
DA:87,0
DA:88,0
DA:89,0
DA:112,0
DA:158,0
DA:190,0
DA:191,0
DA:224,0
LF:62
LH:0
BRDA:34,0,0,0
BRDA:34,0,1,0
BRDA:51,1,0,0
BRDA:51,1,1,0
BRDA:58,2,0,0
BRDA:58,2,1,0
BRDA:70,3,0,0
BRDA:70,3,1,0
BRDA:73,4,0,0
BRDA:73,4,1,0
BRDA:78,5,0,0
BRDA:78,5,1,0
BRDA:78,6,0,0
BRDA:78,6,1,0
BRDA:80,7,0,0
BRDA:80,7,1,0
BRDA:81,8,0,0
BRDA:81,8,1,0
BRDA:82,9,0,0
BRDA:82,9,1,0
BRDA:83,10,0,0
BRDA:83,10,1,0
BRDA:85,11,0,0
BRDA:85,11,1,0
BRDA:87,12,0,0
BRDA:87,12,1,0
BRDA:88,13,0,0
BRDA:88,13,1,0
BRDA:88,13,2,0
BRDA:98,14,0,0
BRDA:98,14,1,0
BRDA:98,15,0,0
BRDA:98,15,1,0
BRDA:101,16,0,0
BRDA:101,16,1,0
BRDA:101,17,0,0
BRDA:101,17,1,0
BRDA:102,18,0,0
BRDA:102,18,1,0
BRDA:110,19,0,0
BRDA:110,19,1,0
BRDA:112,20,0,0
BRDA:112,20,1,0
BRDA:114,21,0,0
BRDA:114,21,1,0
BRDA:114,22,0,0
BRDA:114,22,1,0
BRDA:114,23,0,0
BRDA:114,23,1,0
BRDA:115,24,0,0
BRDA:115,24,1,0
BRDA:118,25,0,0
BRDA:118,26,0,0
BRDA:118,26,1,0
BRDA:128,27,0,0
BRDA:128,28,0,0
BRDA:128,28,1,0
BRDA:131,29,0,0
BRDA:131,29,1,0
BRDA:131,30,0,0
BRDA:131,30,1,0
BRDA:131,31,0,0
BRDA:131,31,1,0
BRDA:139,32,0,0
BRDA:139,32,1,0
BRDA:139,33,0,0
BRDA:139,33,1,0
BRDA:144,34,0,0
BRDA:147,35,0,0
BRDA:147,35,1,0
BRDA:150,36,0,0
BRDA:150,36,1,0
BRDA:150,37,0,0
BRDA:150,37,1,0
BRDA:150,38,0,0
BRDA:150,38,1,0
BRDA:151,39,0,0
BRDA:151,39,1,0
BRDA:151,40,0,0
BRDA:151,40,1,0
BRDA:152,41,0,0
BRDA:152,41,1,0
BRDA:152,42,0,0
BRDA:152,42,1,0
BRDA:153,43,0,0
BRDA:153,43,1,0
BRDA:153,44,0,0
BRDA:153,44,1,0
BRDA:155,45,0,0
BRDA:155,45,1,0
BRDA:162,46,0,0
BRDA:167,47,0,0
BRDA:167,47,1,0
BRDA:167,47,2,0
BRDA:169,48,0,0
BRDA:175,49,0,0
BRDA:176,50,0,0
BRDA:176,50,1,0
BRDA:176,51,0,0
BRDA:176,51,1,0
BRDA:178,52,0,0
BRDA:178,52,1,0
BRDA:178,53,0,0
BRDA:178,53,1,0
BRDA:185,54,0,0
BRDA:185,54,1,0
BRDA:185,54,2,0
BRDA:185,54,3,0
BRDA:185,54,4,0
BRDA:185,55,0,0
BRDA:185,55,1,0
BRDA:195,56,0,0
BRDA:195,57,0,0
BRDA:195,57,1,0
BRDA:198,58,0,0
BRDA:200,59,0,0
BRDA:200,60,0,0
BRDA:200,60,1,0
BRDA:200,61,0,0
BRDA:200,61,1,0
BRDA:200,62,0,0
BRDA:200,62,1,0
BRDA:200,63,0,0
BRDA:200,63,1,0
BRDA:202,64,0,0
BRDA:202,64,1,0
BRDA:202,65,0,0
BRDA:202,65,1,0
BRDA:202,66,0,0
BRDA:202,66,1,0
BRDA:202,67,0,0
BRDA:202,67,1,0
BRDA:203,68,0,0
BRDA:203,68,1,0
BRDA:203,69,0,0
BRDA:203,69,1,0
BRDA:203,70,0,0
BRDA:203,70,1,0
BRDA:203,71,0,0
BRDA:203,71,1,0
BRDA:203,72,0,0
BRDA:203,72,1,0
BRDA:206,73,0,0
BRDA:207,74,0,0
BRDA:207,74,1,0
BRDA:209,75,0,0
BRDA:209,75,1,0
BRDA:209,76,0,0
BRDA:209,76,1,0
BRDA:209,77,0,0
BRDA:209,77,1,0
BRDA:209,78,0,0
BRDA:209,78,1,0
BRDA:209,79,0,0
BRDA:209,79,1,0
BRDA:214,80,0,0
BRDA:220,81,0,0
BRDA:223,82,0,0
BRDA:223,82,1,0
BRDA:223,83,0,0
BRDA:223,83,1,0
BRDA:224,84,0,0
BRDA:224,84,1,0
BRDA:224,85,0,0
BRDA:224,85,1,0
BRDA:225,86,0,0
BRDA:225,86,1,0
BRDA:230,87,0,0
BRDA:236,88,0,0
BRDA:238,89,0,0
BRDA:238,89,1,0
BRF:171
BRH:0
end_of_record
TN:
SF:app\(dashboard)\dashboard\accounts\page.tsx
FN:10,AccountsSkeleton
FN:18,(anonymous_2)
FN:26,ConfirmArchiveDialog
FN:29,(anonymous_4)
FN:60,typeInfo
FN:61,(anonymous_6)
FN:65,AccountCard
FN:72,(anonymous_8)
FN:112,(anonymous_9)
FN:114,(anonymous_10)
FN:114,(anonymous_11)
FN:118,(anonymous_12)
FN:120,(anonymous_13)
FN:120,(anonymous_14)
FN:130,AccountModal
FN:143,handleSave
FN:153,(anonymous_17)
FN:167,(anonymous_18)
FN:168,(anonymous_19)
FN:190,(anonymous_20)
FN:203,(anonymous_21)
FN:214,(anonymous_22)
FN:215,(anonymous_23)
FN:231,TransferModal
FN:236,(anonymous_25)
FN:237,(anonymous_26)
FN:245,handleSave
FN:255,(anonymous_28)
FN:265,(anonymous_29)
FN:266,(anonymous_30)
FN:272,(anonymous_31)
FN:273,(anonymous_32)
FN:273,(anonymous_33)
FN:279,(anonymous_34)
FN:284,(anonymous_35)
FN:289,(anonymous_36)
FN:302,AccountsPage
FN:306,(anonymous_38)
FN:313,(anonymous_39)
FN:338,(anonymous_40)
FN:343,(anonymous_41)
FN:352,(anonymous_42)
FN:354,(anonymous_43)
FN:355,(anonymous_44)
FN:361,(anonymous_45)
FN:361,(anonymous_46)
FN:365,(anonymous_47)
FN:365,(anonymous_48)
FN:370,(anonymous_49)
FN:371,(anonymous_50)
FN:378,(anonymous_51)
FN:379,(anonymous_52)
FNF:52
FNH:0
FNDA:0,AccountsSkeleton
FNDA:0,(anonymous_2)
FNDA:0,ConfirmArchiveDialog
FNDA:0,(anonymous_4)
FNDA:0,typeInfo
FNDA:0,(anonymous_6)
FNDA:0,AccountCard
FNDA:0,(anonymous_8)
FNDA:0,(anonymous_9)
FNDA:0,(anonymous_10)
FNDA:0,(anonymous_11)
FNDA:0,(anonymous_12)
FNDA:0,(anonymous_13)
FNDA:0,(anonymous_14)
FNDA:0,AccountModal
FNDA:0,handleSave
FNDA:0,(anonymous_17)
FNDA:0,(anonymous_18)
FNDA:0,(anonymous_19)
FNDA:0,(anonymous_20)
FNDA:0,(anonymous_21)
FNDA:0,(anonymous_22)
FNDA:0,(anonymous_23)
FNDA:0,TransferModal
FNDA:0,(anonymous_25)
FNDA:0,(anonymous_26)
FNDA:0,handleSave
FNDA:0,(anonymous_28)
FNDA:0,(anonymous_29)
FNDA:0,(anonymous_30)
FNDA:0,(anonymous_31)
FNDA:0,(anonymous_32)
FNDA:0,(anonymous_33)
FNDA:0,(anonymous_34)
FNDA:0,(anonymous_35)
FNDA:0,(anonymous_36)
FNDA:0,AccountsPage
FNDA:0,(anonymous_38)
FNDA:0,(anonymous_39)
FNDA:0,(anonymous_40)
FNDA:0,(anonymous_41)
FNDA:0,(anonymous_42)
FNDA:0,(anonymous_43)
FNDA:0,(anonymous_44)
FNDA:0,(anonymous_45)
FNDA:0,(anonymous_46)
FNDA:0,(anonymous_47)
FNDA:0,(anonymous_48)
FNDA:0,(anonymous_49)
FNDA:0,(anonymous_50)
FNDA:0,(anonymous_51)
FNDA:0,(anonymous_52)
DA:2,0
DA:3,0
DA:4,0
DA:5,0
DA:7,0
DA:19,0
DA:29,0
DA:51,0
DA:58,0
DA:61,0
DA:70,0
DA:71,0
DA:72,0
DA:112,0
DA:114,0
DA:118,0
DA:120,0
DA:135,0
DA:136,0
DA:137,0
DA:138,0
DA:139,0
DA:140,0
DA:141,0
DA:144,0
DA:145,0
DA:146,0
DA:147,0
DA:148,0
DA:153,0
DA:168,0
DA:190,0
DA:203,0
DA:215,0
DA:236,0
DA:237,0
DA:238,0
DA:239,0
DA:240,0
DA:241,0
DA:243,0
DA:246,0
DA:247,0
DA:248,0
DA:249,0
DA:250,0
DA:255,0
DA:265,0
DA:266,0
DA:272,0
DA:273,0
DA:279,0
DA:284,0
DA:289,0
DA:302,0
DA:303,0
DA:304,0
DA:305,0
DA:306,0
DA:308,0
DA:309,0
DA:310,0
DA:311,0
DA:313,0
DA:315,0
DA:338,0
DA:343,0
DA:353,0
DA:354,0
DA:355,0
DA:361,0
DA:365,0
DA:370,0
DA:371,0
DA:378,0
DA:379,0
LF:76
LH:0
BRDA:32,0,0,0
BRDA:32,0,1,0
BRDA:35,1,0,0
BRDA:35,1,1,0
BRDA:39,2,0,0
BRDA:39,2,1,0
BRDA:42,3,0,0
BRDA:42,3,1,0
BRDA:61,4,0,0
BRDA:61,4,1,0
BRDA:71,5,0,0
BRDA:71,5,1,0
BRDA:72,6,0,0
BRDA:72,6,1,0
BRDA:93,7,0,0
BRDA:95,8,0,0
BRDA:95,8,1,0
BRDA:100,9,0,0
BRDA:100,9,1,0
BRDA:105,10,0,0
BRDA:105,10,1,0
BRDA:106,11,0,0
BRDA:106,11,1,0
BRDA:112,12,0,0
BRDA:112,12,1,0
BRDA:117,13,0,0
BRDA:118,14,0,0
BRDA:118,14,1,0
BRDA:135,15,0,0
BRDA:135,15,1,0
BRDA:136,16,0,0
BRDA:136,16,1,0
BRDA:137,17,0,0
BRDA:137,17,1,0
BRDA:138,18,0,0
BRDA:138,18,1,0
BRDA:139,19,0,0
BRDA:139,19,1,0
BRDA:140,20,0,0
BRDA:140,20,1,0
BRDA:144,21,0,0
BRDA:144,21,1,0
BRDA:146,22,0,0
BRDA:146,22,1,0
BRDA:156,23,0,0
BRDA:156,23,1,0
BRDA:156,24,0,0
BRDA:156,24,1,0
BRDA:156,25,0,0
BRDA:156,25,1,0
BRDA:164,26,0,0
BRDA:164,26,1,0
BRDA:171,27,0,0
BRDA:171,27,1,0
BRDA:172,28,0,0
BRDA:172,28,1,0
BRDA:173,29,0,0
BRDA:173,29,1,0
BRDA:177,30,0,0
BRDA:177,30,1,0
BRDA:186,31,0,0
BRDA:186,31,1,0
BRDA:191,32,0,0
BRDA:191,32,1,0
BRDA:199,33,0,0
BRDA:199,33,1,0
BRDA:211,34,0,0
BRDA:211,34,1,0
BRDA:216,35,0,0
BRDA:216,35,1,0
BRDA:221,36,0,0
BRDA:221,36,1,0
BRDA:222,37,0,0
BRDA:222,37,1,0
BRDA:222,38,0,0
BRDA:222,38,1,0
BRDA:223,39,0,0
BRDA:223,39,1,0
BRDA:223,40,0,0
BRDA:223,40,1,0
BRDA:236,41,0,0
BRDA:236,41,1,0
BRDA:236,41,2,0
BRDA:237,42,0,0
BRDA:237,42,1,0
BRDA:246,43,0,0
BRDA:246,43,1,0
BRDA:246,44,0,0
BRDA:246,44,1,0
BRDA:246,44,2,0
BRDA:246,44,3,0
BRDA:258,45,0,0
BRDA:258,45,1,0
BRDA:264,46,0,0
BRDA:264,46,1,0
BRDA:271,47,0,0
BRDA:271,47,1,0
BRDA:278,48,0,0
BRDA:278,48,1,0
BRDA:283,49,0,0
BRDA:283,49,1,0
BRDA:288,50,0,0
BRDA:288,50,1,0
BRDA:292,51,0,0
BRDA:292,51,1,0
BRDA:292,51,2,0
BRDA:293,52,0,0
BRDA:293,52,1,0
BRDA:294,53,0,0
BRDA:294,53,1,0
BRDA:294,54,0,0
BRDA:294,54,1,0
BRDA:306,55,0,0
BRDA:306,55,1,0
BRDA:313,56,0,0
BRDA:313,56,1,0
BRDA:315,57,0,0
BRDA:315,57,1,0
BRDA:319,58,0,0
BRDA:319,58,1,0
BRDA:323,59,0,0
BRDA:323,59,1,0
BRDA:324,60,0,0
BRDA:324,60,1,0
BRDA:328,61,0,0
BRDA:328,61,1,0
BRDA:330,62,0,0
BRDA:330,62,1,0
BRDA:331,63,0,0
BRDA:331,63,1,0
BRDA:340,64,0,0
BRDA:340,64,1,0
BRDA:342,65,0,0
BRDA:345,66,0,0
BRDA:345,66,1,0
BRDA:360,67,0,0
BRDA:364,68,0,0
BRDA:368,69,0,0
BRDA:368,69,1,0
BRDA:375,70,0,0
BRF:140
BRH:0
end_of_record
TN:
SF:app\(dashboard)\dashboard\alerts\loading.tsx
FN:1,AlertsLoading
FN:6,(anonymous_2)
FNF:2
FNH:0
FNDA:0,AlertsLoading
FNDA:0,(anonymous_2)
DA:1,0
DA:7,0
LF:2
LH:0
BRF:0
BRH:0
end_of_record
TN:
SF:app\(dashboard)\dashboard\alerts\page.tsx
FN:21,AlertCard
FN:31,(anonymous_4)
FN:89,(anonymous_5)
FN:103,AlertsPage
FN:112,(anonymous_7)
FN:114,(anonymous_8)
FN:143,(anonymous_9)
FN:145,getAlertLink
FN:157,generateNow
FN:176,markRead
FN:178,(anonymous_13)
FN:178,(anonymous_14)
FN:181,markAllRead
FN:184,(anonymous_16)
FN:184,(anonymous_17)
FN:188,deleteAlert
FN:190,(anonymous_19)
FN:190,(anonymous_20)
FN:193,deleteAll
FN:200,(anonymous_22)
FN:203,(anonymous_23)
FN:207,(anonymous_24)
FN:210,(anonymous_25)
FN:215,(anonymous_26)
FN:233,(anonymous_27)
FN:298,(anonymous_28)
FN:300,(anonymous_29)
FN:316,(anonymous_30)
FN:317,(anonymous_31)
FNF:29
FNH:0
FNDA:0,AlertCard
FNDA:0,(anonymous_4)
FNDA:0,(anonymous_5)
FNDA:0,AlertsPage
FNDA:0,(anonymous_7)
FNDA:0,(anonymous_8)
FNDA:0,(anonymous_9)
FNDA:0,getAlertLink
FNDA:0,generateNow
FNDA:0,markRead
FNDA:0,(anonymous_13)
FNDA:0,(anonymous_14)
FNDA:0,markAllRead
FNDA:0,(anonymous_16)
FNDA:0,(anonymous_17)
FNDA:0,deleteAlert
FNDA:0,(anonymous_19)
FNDA:0,(anonymous_20)
FNDA:0,deleteAll
FNDA:0,(anonymous_22)
FNDA:0,(anonymous_23)
FNDA:0,(anonymous_24)
FNDA:0,(anonymous_25)
FNDA:0,(anonymous_26)
FNDA:0,(anonymous_27)
FNDA:0,(anonymous_28)
FNDA:0,(anonymous_29)
FNDA:0,(anonymous_30)
FNDA:0,(anonymous_31)
DA:2,0
DA:3,0
DA:4,0
DA:5,0
DA:6,0
DA:7,0
DA:8,0
DA:10,0
DA:14,0
DA:22,0
DA:23,0
DA:25,0
DA:31,0
DA:89,0
DA:103,0
DA:104,0
DA:105,0
DA:106,0
DA:107,0
DA:108,0
DA:109,0
DA:110,0
DA:111,0
DA:112,0
DA:114,0
DA:115,0
DA:116,0
DA:119,0
DA:120,0
DA:121,0
DA:122,0
DA:123,0
DA:124,0
DA:125,0
DA:131,0
DA:137,0
DA:138,0
DA:139,0
DA:140,0
DA:143,0
DA:146,0
DA:147,0
DA:148,0
DA:149,0
DA:150,0
DA:151,0
DA:152,0
DA:153,0
DA:154,0
DA:158,0
DA:159,0
DA:160,0
DA:161,0
DA:162,0
DA:166,0
DA:167,0
DA:169,0
DA:170,0
DA:172,0
DA:173,0
DA:177,0
DA:178,0
DA:182,0
DA:183,0
DA:184,0
DA:185,0
DA:189,0
DA:190,0
DA:194,0
DA:195,0
DA:196,0
DA:197,0
DA:200,0
DA:203,0
DA:204,0
DA:205,0
DA:207,0
DA:210,0
DA:215,0
DA:216,0
DA:217,0
DA:218,0
DA:219,0
DA:222,0
DA:234,0
DA:299,0
DA:300,0
DA:317,0
LF:88
LH:0
BRDA:22,0,0,0
BRDA:22,0,1,0
BRDA:31,1,0,0
BRDA:31,1,1,0
BRDA:33,2,0,0
BRDA:33,2,1,0
BRDA:34,3,0,0
BRDA:34,3,1,0
BRDA:43,4,0,0
BRDA:56,5,0,0
BRDA:56,5,1,0
BRDA:57,6,0,0
BRDA:57,6,1,0
BRDA:67,7,0,0
BRDA:67,7,1,0
BRDA:69,8,0,0
BRDA:79,9,0,0
BRDA:79,9,1,0
BRDA:96,10,0,0
BRDA:96,10,1,0
BRDA:115,11,0,0
BRDA:115,11,1,0
BRDA:121,12,0,0
BRDA:121,12,1,0
BRDA:123,13,0,0
BRDA:123,13,1,0
BRDA:137,14,0,0
BRDA:137,14,1,0
BRDA:143,15,0,0
BRDA:143,15,1,0
BRDA:146,16,0,0
BRDA:146,16,1,0
BRDA:147,17,0,0
BRDA:147,17,1,0
BRDA:148,18,0,0
BRDA:148,18,1,0
BRDA:148,19,0,0
BRDA:148,19,1,0
BRDA:148,19,2,0
BRDA:148,19,3,0
BRDA:149,20,0,0
BRDA:149,20,1,0
BRDA:149,21,0,0
BRDA:149,21,1,0
BRDA:149,21,2,0
BRDA:150,22,0,0
BRDA:150,22,1,0
BRDA:150,23,0,0
BRDA:150,23,1,0
BRDA:150,23,2,0
BRDA:151,24,0,0
BRDA:151,24,1,0
BRDA:151,25,0,0
BRDA:151,25,1,0
BRDA:151,25,2,0
BRDA:152,26,0,0
BRDA:152,26,1,0
BRDA:152,27,0,0
BRDA:152,27,1,0
BRDA:152,27,2,0
BRDA:153,28,0,0
BRDA:153,28,1,0
BRDA:153,29,0,0
BRDA:153,29,1,0
BRDA:153,29,2,0
BRDA:161,30,0,0
BRDA:161,30,1,0
BRDA:161,31,0,0
BRDA:161,31,1,0
BRDA:167,32,0,0
BRDA:167,32,1,0
BRDA:167,33,0,0
BRDA:167,33,1,0
BRDA:167,34,0,0
BRDA:167,34,1,0
BRDA:172,35,0,0
BRDA:172,35,1,0
BRDA:178,36,0,0
BRDA:178,36,1,0
BRDA:182,37,0,0
BRDA:182,37,1,0
BRDA:194,38,0,0
BRDA:194,38,1,0
BRDA:204,39,0,0
BRDA:204,39,1,0
BRDA:204,40,0,0
BRDA:204,40,1,0
BRDA:205,41,0,0
BRDA:205,41,1,0
BRDA:210,42,0,0
BRDA:210,42,1,0
BRDA:216,43,0,0
BRDA:216,43,1,0
BRDA:217,44,0,0
BRDA:217,44,1,0
BRDA:218,45,0,0
BRDA:218,45,1,0
BRDA:223,46,0,0
BRDA:223,46,1,0
BRDA:224,47,0,0
BRDA:224,47,1,0
BRDA:225,48,0,0
BRDA:225,48,1,0
BRDA:226,49,0,0
BRDA:226,49,1,0
BRDA:248,50,0,0
BRDA:256,51,0,0
BRDA:263,52,0,0
BRDA:289,53,0,0
BRDA:289,53,1,0
BRDA:289,54,0,0
BRDA:289,54,1,0
BRDA:290,55,0,0
BRDA:290,55,1,0
BRDA:296,56,0,0
BRDA:303,57,0,0
BRDA:303,57,1,0
BRDA:304,58,0,0
BRDA:304,58,1,0
BRDA:305,59,0,0
BRDA:305,59,1,0
BRDA:319,60,0,0
BRF:122
BRH:0
end_of_record
TN:
SF:app\(dashboard)\dashboard\budgets\page.tsx
FN:28,FinancialAdvisor
FN:35,(anonymous_2)
FN:38,(anonymous_3)
FN:91,(anonymous_4)
FN:107,Rule502030
FN:131,(anonymous_6)
FN:131,(anonymous_7)
FN:148,(anonymous_8)
FN:156,(anonymous_9)
FN:166,BudgetsPage
FN:185,(anonymous_11)
FN:200,(anonymous_12)
FN:204,(anonymous_13)
FN:204,(anonymous_14)
FN:207,(anonymous_15)
FN:208,(anonymous_16)
FN:216,(anonymous_17)
FN:218,(anonymous_18)
FN:220,openAdd
FN:221,openEdit
FN:223,handleSave
FN:240,handleDelete
FN:248,handleApply502030
FN:253,(anonymous_24)
FN:267,(anonymous_25)
FN:268,(anonymous_26)
FN:284,(anonymous_27)
FN:285,(anonymous_28)
FN:302,(anonymous_29)
FN:350,(anonymous_30)
FN:351,(anonymous_31)
FN:378,(anonymous_32)
FN:379,(anonymous_33)
FN:396,(anonymous_34)
FN:402,(anonymous_35)
FN:403,(anonymous_36)
FN:403,(anonymous_37)
FN:413,(anonymous_38)
FN:413,(anonymous_39)
FNF:39
FNH:0
FNDA:0,FinancialAdvisor
FNDA:0,(anonymous_2)
FNDA:0,(anonymous_3)
FNDA:0,(anonymous_4)
FNDA:0,Rule502030
FNDA:0,(anonymous_6)
FNDA:0,(anonymous_7)
FNDA:0,(anonymous_8)
FNDA:0,(anonymous_9)
FNDA:0,BudgetsPage
FNDA:0,(anonymous_11)
FNDA:0,(anonymous_12)
FNDA:0,(anonymous_13)
FNDA:0,(anonymous_14)
FNDA:0,(anonymous_15)
FNDA:0,(anonymous_16)
FNDA:0,(anonymous_17)
FNDA:0,(anonymous_18)
FNDA:0,openAdd
FNDA:0,openEdit
FNDA:0,handleSave
FNDA:0,handleDelete
FNDA:0,handleApply502030
FNDA:0,(anonymous_24)
FNDA:0,(anonymous_25)
FNDA:0,(anonymous_26)
FNDA:0,(anonymous_27)
FNDA:0,(anonymous_28)
FNDA:0,(anonymous_29)
FNDA:0,(anonymous_30)
FNDA:0,(anonymous_31)
FNDA:0,(anonymous_32)
FNDA:0,(anonymous_33)
FNDA:0,(anonymous_34)
FNDA:0,(anonymous_35)
FNDA:0,(anonymous_36)
FNDA:0,(anonymous_37)
FNDA:0,(anonymous_38)
FNDA:0,(anonymous_39)
DA:2,0
DA:3,0
DA:4,0
DA:5,0
DA:6,0
DA:8,0
DA:9,0
DA:10,0
DA:11,0
DA:12,0
DA:13,0
DA:15,0
DA:32,0
DA:35,0
DA:36,0
DA:37,0
DA:38,0
DA:39,0
DA:40,0
DA:41,0
DA:42,0
DA:43,0
DA:48,0
DA:49,0
DA:53,0
DA:54,0
DA:55,0
DA:56,0
DA:57,0
DA:58,0
DA:63,0
DA:64,0
DA:68,0
DA:69,0
DA:72,0
DA:74,0
DA:92,0
DA:93,0
DA:111,0
DA:112,0
DA:114,0
DA:115,0
DA:116,0
DA:117,0
DA:119,0
DA:131,0
DA:149,0
DA:156,0
DA:166,0
DA:167,0
DA:168,0
DA:169,0
DA:170,0
DA:171,0
DA:172,0
DA:173,0
DA:174,0
DA:175,0
DA:176,0
DA:177,0
DA:178,0
DA:179,0
DA:180,0
DA:181,0
DA:182,0
DA:183,0
DA:185,0
DA:186,0
DA:187,0
DA:188,0
DA:189,0
DA:190,0
DA:191,0
DA:198,0
DA:199,0
DA:200,0
DA:201,0
DA:203,0
DA:204,0
DA:205,0
DA:206,0
DA:207,0
DA:208,0
DA:209,0
DA:210,0
DA:212,0
DA:213,0
DA:216,0
DA:218,0
DA:220,0
DA:221,0
DA:224,0
DA:225,0
DA:226,0
DA:227,0
DA:228,0
DA:230,0
DA:231,0
DA:233,0
DA:234,0
DA:235,0
DA:236,0
DA:237,0
DA:241,0
DA:242,0
DA:243,0
DA:244,0
DA:249,0
DA:250,0
DA:251,0
DA:252,0
DA:253,0
DA:254,0
DA:255,0
DA:257,0
DA:260,0
DA:261,0
DA:262,0
DA:263,0
DA:266,0
DA:267,0
DA:268,0
DA:269,0
DA:285,0
DA:303,0
DA:351,0
DA:352,0
DA:353,0
DA:354,0
DA:355,0
DA:356,0
DA:357,0
DA:358,0
DA:378,0
DA:379,0
DA:396,0
DA:403,0
DA:413,0
LF:138
LH:0
BRDA:36,0,0,0
BRDA:36,0,1,0
BRDA:39,1,0,0
BRDA:39,1,1,0
BRDA:40,2,0,0
BRDA:40,2,1,0
BRDA:41,3,0,0
BRDA:41,3,1,0
BRDA:42,4,0,0
BRDA:42,4,1,0
BRDA:42,5,0,0
BRDA:42,5,1,0
BRDA:43,6,0,0
BRDA:43,6,1,0
BRDA:48,7,0,0
BRDA:48,7,1,0
BRDA:48,8,0,0
BRDA:48,8,1,0
BRDA:53,9,0,0
BRDA:53,9,1,0
BRDA:53,10,0,0
BRDA:53,10,1,0
BRDA:55,11,0,0
BRDA:55,11,1,0
BRDA:57,12,0,0
BRDA:57,12,1,0
BRDA:63,13,0,0
BRDA:63,13,1,0
BRDA:68,14,0,0
BRDA:68,14,1,0
BRDA:68,15,0,0
BRDA:68,15,1,0
BRDA:72,16,0,0
BRDA:72,16,1,0
BRDA:112,17,0,0
BRDA:112,17,1,0
BRDA:138,18,0,0
BRDA:138,18,1,0
BRDA:141,19,0,0
BRDA:187,20,0,0
BRDA:187,20,1,0
BRDA:198,21,0,0
BRDA:198,21,1,0
BRDA:200,22,0,0
BRDA:200,22,1,0
BRDA:201,23,0,0
BRDA:201,23,1,0
BRDA:201,24,0,0
BRDA:201,24,1,0
BRDA:204,25,0,0
BRDA:204,25,1,0
BRDA:205,26,0,0
BRDA:205,26,1,0
BRDA:205,26,2,0
BRDA:206,27,0,0
BRDA:206,27,1,0
BRDA:207,28,0,0
BRDA:207,28,1,0
BRDA:208,29,0,0
BRDA:208,29,1,0
BRDA:210,30,0,0
BRDA:210,30,1,0
BRDA:225,31,0,0
BRDA:225,31,1,0
BRDA:225,32,0,0
BRDA:225,32,1,0
BRDA:225,33,0,0
BRDA:225,33,1,0
BRDA:225,34,0,0
BRDA:225,34,1,0
BRDA:227,35,0,0
BRDA:227,35,1,0
BRDA:231,36,0,0
BRDA:231,36,1,0
BRDA:233,37,0,0
BRDA:233,37,1,0
BRDA:242,38,0,0
BRDA:242,38,1,0
BRDA:250,39,0,0
BRDA:250,39,1,0
BRDA:254,40,0,0
BRDA:254,40,1,0
BRDA:268,41,0,0
BRDA:268,41,1,0
BRDA:269,42,0,0
BRDA:269,42,1,0
BRDA:285,43,0,0
BRDA:285,43,1,0
BRDA:285,44,0,0
BRDA:285,44,1,0
BRDA:285,45,0,0
BRDA:285,45,1,0
BRDA:292,46,0,0
BRDA:309,47,0,0
BRDA:309,47,1,0
BRDA:311,48,0,0
BRDA:311,48,1,0
BRDA:313,49,0,0
BRDA:317,50,0,0
BRDA:317,50,1,0
BRDA:320,51,0,0
BRDA:320,51,1,0
BRDA:342,52,0,0
BRDA:342,52,1,0
BRDA:344,53,0,0
BRDA:344,53,1,0
BRDA:352,54,0,0
BRDA:352,54,1,0
BRDA:356,55,0,0
BRDA:356,55,1,0
BRDA:359,56,0,0
BRDA:359,56,1,0
BRDA:359,57,0,0
BRDA:359,57,1,0
BRDA:362,58,0,0
BRDA:362,58,1,0
BRDA:362,59,0,0
BRDA:362,59,1,0
BRDA:363,60,0,0
BRDA:363,60,1,0
BRDA:366,61,0,0
BRDA:366,61,1,0
BRDA:366,62,0,0
BRDA:366,62,1,0
BRDA:367,63,0,0
BRDA:367,63,1,0
BRDA:367,64,0,0
BRDA:367,64,1,0
BRDA:369,65,0,0
BRDA:370,66,0,0
BRDA:370,66,1,0
BRDA:376,67,0,0
BRDA:376,67,1,0
BRDA:383,68,0,0
BRDA:383,68,1,0
BRDA:383,69,0,0
BRDA:383,69,1,0
BRDA:386,70,0,0
BRDA:386,70,1,0
BRDA:395,71,0,0
BRDA:396,72,0,0
BRDA:396,72,1,0
BRDA:398,73,0,0
BRDA:403,74,0,0
BRDA:403,74,1,0
BRDA:403,75,0,0
BRDA:403,75,1,0
BRDA:403,76,0,0
BRDA:403,76,1,0
BRDA:405,77,0,0
BRDA:405,77,1,0
BRDA:414,78,0,0
BRDA:414,78,1,0
BRDA:418,79,0,0
BRDA:418,79,1,0
BRDA:418,80,0,0
BRDA:418,80,1,0
BRDA:419,81,0,0
BRDA:419,81,1,0
BRDA:419,82,0,0
BRDA:419,82,1,0
BRF:161
BRH:0
end_of_record
TN:
SF:app\(dashboard)\dashboard\debts\page.tsx
FN:24,Confetti
FN:25,(anonymous_4)
FN:27,(anonymous_5)
FN:30,(anonymous_6)
FN:40,(anonymous_7)
FN:63,CelebrationModal
FN:65,(anonymous_9)
FN:67,(anonymous_10)
FN:74,(anonymous_11)
FN:87,DebtsPage
FN:121,(anonymous_13)
FN:123,(anonymous_14)
FN:128,(anonymous_15)
FN:129,(anonymous_16)
FN:133,(anonymous_17)
FN:134,getRate
FN:136,(anonymous_19)
FN:140,(anonymous_20)
FN:145,(anonymous_21)
FN:153,(anonymous_22)
FN:160,(anonymous_23)
FN:162,openAdd
FN:183,startEdit
FN:204,receiveDebt
FN:222,saveDebt
FN:279,(anonymous_28)
FN:281,(anonymous_29)
FN:281,(anonymous_30)
FN:285,makePayment
FN:290,(anonymous_32)
FN:329,(anonymous_33)
FN:355,(anonymous_34)
FN:356,(anonymous_35)
FN:357,(anonymous_36)
FN:358,(anonymous_37)
FN:359,(anonymous_38)
FN:360,(anonymous_39)
FN:367,(anonymous_40)
FN:368,(anonymous_41)
FN:380,(anonymous_42)
FN:384,(anonymous_43)
FN:435,(anonymous_44)
FN:435,(anonymous_45)
FN:445,(anonymous_46)
FN:457,(anonymous_47)
FN:458,(anonymous_48)
FN:471,(anonymous_49)
FN:471,(anonymous_50)
FN:481,(anonymous_51)
FN:507,(anonymous_52)
FN:511,(anonymous_53)
FN:515,(anonymous_54)
FN:532,(anonymous_55)
FN:532,(anonymous_56)
FN:540,(anonymous_57)
FN:563,(anonymous_58)
FN:564,(anonymous_59)
FN:577,(anonymous_60)
FNF:58
FNH:0
FNDA:0,Confetti
FNDA:0,(anonymous_4)
FNDA:0,(anonymous_5)
FNDA:0,(anonymous_6)
FNDA:0,(anonymous_7)
FNDA:0,CelebrationModal
FNDA:0,(anonymous_9)
FNDA:0,(anonymous_10)
FNDA:0,(anonymous_11)
FNDA:0,DebtsPage
FNDA:0,(anonymous_13)
FNDA:0,(anonymous_14)
FNDA:0,(anonymous_15)
FNDA:0,(anonymous_16)
FNDA:0,(anonymous_17)
FNDA:0,getRate
FNDA:0,(anonymous_19)
FNDA:0,(anonymous_20)
FNDA:0,(anonymous_21)
FNDA:0,(anonymous_22)
FNDA:0,(anonymous_23)
FNDA:0,openAdd
FNDA:0,startEdit
FNDA:0,receiveDebt
FNDA:0,saveDebt
FNDA:0,(anonymous_28)
FNDA:0,(anonymous_29)
FNDA:0,(anonymous_30)
FNDA:0,makePayment
FNDA:0,(anonymous_32)
FNDA:0,(anonymous_33)
FNDA:0,(anonymous_34)
FNDA:0,(anonymous_35)
FNDA:0,(anonymous_36)
FNDA:0,(anonymous_37)
FNDA:0,(anonymous_38)
FNDA:0,(anonymous_39)
FNDA:0,(anonymous_40)
FNDA:0,(anonymous_41)
FNDA:0,(anonymous_42)
FNDA:0,(anonymous_43)
FNDA:0,(anonymous_44)
FNDA:0,(anonymous_45)
FNDA:0,(anonymous_46)
FNDA:0,(anonymous_47)
FNDA:0,(anonymous_48)
FNDA:0,(anonymous_49)
FNDA:0,(anonymous_50)
FNDA:0,(anonymous_51)
FNDA:0,(anonymous_52)
FNDA:0,(anonymous_53)
FNDA:0,(anonymous_54)
FNDA:0,(anonymous_55)
FNDA:0,(anonymous_56)
FNDA:0,(anonymous_57)
FNDA:0,(anonymous_58)
FNDA:0,(anonymous_59)
FNDA:0,(anonymous_60)
DA:2,0
DA:3,0
DA:4,0
DA:5,0
DA:6,0
DA:7,0
DA:9,0
DA:10,0
DA:11,0
DA:12,0
DA:13,0
DA:14,0
DA:15,0
DA:16,0
DA:17,0
DA:18,0
DA:19,0
DA:20,0
DA:21,0
DA:25,0
DA:26,0
DA:27,0
DA:30,0
DA:41,0
DA:64,0
DA:65,0
DA:66,0
DA:67,0
DA:74,0
DA:87,0
DA:88,0
DA:89,0
DA:90,0
DA:91,0
DA:92,0
DA:93,0
DA:94,0
DA:95,0
DA:96,0
DA:97,0
DA:113,0
DA:114,0
DA:115,0
DA:116,0
DA:117,0
DA:118,0
DA:119,0
DA:120,0
DA:121,0
DA:122,0
DA:123,0
DA:125,0
DA:126,0
DA:128,0
DA:129,0
DA:133,0
DA:135,0
DA:136,0
DA:137,0
DA:139,0
DA:140,0
DA:142,0
DA:145,0
DA:146,0
DA:147,0
DA:149,0
DA:153,0
DA:154,0
DA:155,0
DA:156,0
DA:157,0
DA:160,0
DA:163,0
DA:164,0
DA:180,0
DA:184,0
DA:185,0
DA:201,0
DA:205,0
DA:206,0
DA:207,0
DA:208,0
DA:216,0
DA:217,0
DA:218,0
DA:219,0
DA:223,0
DA:224,0
DA:225,0
DA:227,0
DA:228,0
DA:229,0
DA:230,0
DA:232,0
DA:233,0
DA:244,0
DA:245,0
DA:247,0
DA:260,0
DA:261,0
DA:273,0
DA:274,0
DA:276,0
DA:279,0
DA:280,0
DA:281,0
DA:282,0
DA:286,0
DA:287,0
DA:288,0
DA:289,0
DA:290,0
DA:291,0
DA:294,0
DA:295,0
DA:296,0
DA:298,0
DA:299,0
DA:300,0
DA:302,0
DA:303,0
DA:304,0
DA:307,0
DA:308,0
DA:310,0
DA:311,0
DA:313,0
DA:322,0
DA:323,0
DA:324,0
DA:325,0
DA:329,0
DA:330,0
DA:331,0
DA:337,0
DA:343,0
DA:345,0
DA:346,0
DA:347,0
DA:348,0
DA:350,0
DA:352,0
DA:355,0
DA:356,0
DA:357,0
DA:358,0
DA:359,0
DA:360,0
DA:361,0
DA:367,0
DA:368,0
DA:373,0
DA:380,0
DA:384,0
DA:435,0
DA:446,0
DA:457,0
DA:458,0
DA:471,0
DA:482,0
DA:507,0
DA:511,0
DA:515,0
DA:532,0
DA:541,0
DA:563,0
DA:564,0
DA:577,0
LF:168
LH:0
BRDA:47,0,0,0
BRDA:47,0,1,0
BRDA:126,1,0,0
BRDA:126,1,1,0
BRDA:129,2,0,0
BRDA:129,2,1,0
BRDA:129,3,0,0
BRDA:129,3,1,0
BRDA:135,4,0,0
BRDA:135,4,1,0
BRDA:135,5,0,0
BRDA:135,5,1,0
BRDA:135,5,2,0
BRDA:140,6,0,0
BRDA:140,6,1,0
BRDA:145,7,0,0
BRDA:146,8,0,0
BRDA:146,8,1,0
BRDA:147,9,0,0
BRDA:147,9,1,0
BRDA:153,10,0,0
BRDA:153,10,1,0
BRDA:154,11,0,0
BRDA:154,11,1,0
BRDA:155,12,0,0
BRDA:155,12,1,0
BRDA:188,13,0,0
BRDA:188,13,1,0
BRDA:190,14,0,0
BRDA:190,14,1,0
BRDA:191,15,0,0
BRDA:191,15,1,0
BRDA:193,16,0,0
BRDA:193,16,1,0
BRDA:194,17,0,0
BRDA:194,17,1,0
BRDA:195,18,0,0
BRDA:195,18,1,0
BRDA:197,19,0,0
BRDA:197,19,1,0
BRDA:198,20,0,0
BRDA:198,20,1,0
BRDA:199,21,0,0
BRDA:199,21,1,0
BRDA:205,22,0,0
BRDA:205,22,1,0
BRDA:207,23,0,0
BRDA:207,23,1,0
BRDA:223,24,0,0
BRDA:223,24,1,0
BRDA:223,25,0,0
BRDA:223,25,1,0
BRDA:223,25,2,0
BRDA:225,26,0,0
BRDA:225,26,1,0
BRDA:228,27,0,0
BRDA:228,27,1,0
BRDA:229,28,0,0
BRDA:229,28,1,0
BRDA:230,29,0,0
BRDA:230,29,1,0
BRDA:232,30,0,0
BRDA:232,30,1,0
BRDA:236,31,0,0
BRDA:236,31,1,0
BRDA:237,32,0,0
BRDA:237,32,1,0
BRDA:238,33,0,0
BRDA:238,33,1,0
BRDA:241,34,0,0
BRDA:241,34,1,0
BRDA:242,35,0,0
BRDA:242,35,1,0
BRDA:242,36,0,0
BRDA:242,36,1,0
BRDA:242,37,0,0
BRDA:242,37,1,0
BRDA:244,38,0,0
BRDA:244,38,1,0
BRDA:251,39,0,0
BRDA:251,39,1,0
BRDA:253,40,0,0
BRDA:253,40,1,0
BRDA:256,41,0,0
BRDA:256,41,1,0
BRDA:257,42,0,0
BRDA:257,42,1,0
BRDA:257,43,0,0
BRDA:257,43,1,0
BRDA:257,44,0,0
BRDA:257,44,1,0
BRDA:260,45,0,0
BRDA:260,45,1,0
BRDA:260,46,0,0
BRDA:260,46,1,0
BRDA:265,47,0,0
BRDA:265,47,1,0
BRDA:273,48,0,0
BRDA:273,48,1,0
BRDA:287,49,0,0
BRDA:287,49,1,0
BRDA:287,50,0,0
BRDA:287,50,1,0
BRDA:289,51,0,0
BRDA:289,51,1,0
BRDA:291,52,0,0
BRDA:291,52,1,0
BRDA:296,53,0,0
BRDA:296,53,1,0
BRDA:298,54,0,0
BRDA:298,54,1,0
BRDA:300,55,0,0
BRDA:300,55,1,0
BRDA:302,56,0,0
BRDA:302,56,1,0
BRDA:304,57,0,0
BRDA:304,57,1,0
BRDA:310,58,0,0
BRDA:310,58,1,0
BRDA:322,59,0,0
BRDA:322,59,1,0
BRDA:330,60,0,0
BRDA:330,60,1,0
BRDA:343,61,0,0
BRDA:343,61,1,0
BRDA:356,62,0,0
BRDA:356,62,1,0
BRDA:356,63,0,0
BRDA:356,63,1,0
BRDA:357,64,0,0
BRDA:357,64,1,0
BRDA:369,65,0,0
BRDA:369,65,1,0
BRDA:373,66,0,0
BRDA:373,66,1,0
BRDA:380,67,0,0
BRDA:383,68,0,0
BRDA:400,69,0,0
BRDA:414,70,0,0
BRDA:431,71,0,0
BRDA:434,72,0,0
BRDA:439,73,0,0
BRDA:440,74,0,0
BRDA:440,74,1,0
BRDA:445,75,0,0
BRDA:445,75,1,0
BRDA:469,76,0,0
BRDA:475,77,0,0
BRDA:476,78,0,0
BRDA:476,78,1,0
BRDA:479,79,0,0
BRDA:489,80,0,0
BRDA:490,81,0,0
BRDA:492,82,0,0
BRDA:492,82,1,0
BRDA:499,83,0,0
BRDA:499,83,1,0
BRDA:529,84,0,0
BRDA:535,85,0,0
BRDA:535,85,1,0
BRDA:538,86,0,0
BRDA:546,87,0,0
BRDA:546,87,1,0
BRDA:546,88,0,0
BRDA:546,88,1,0
BRDA:559,89,0,0
BRDA:568,90,0,0
BRF:167
BRH:0
end_of_record
TN:
SF:app\(dashboard)\dashboard\debts\_components\DebtCard.tsx
FN:31,DebtCard
FN:96,(anonymous_2)
FN:101,(anonymous_3)
FN:120,(anonymous_4)
FN:123,(anonymous_5)
FN:128,(anonymous_6)
FN:131,(anonymous_7)
FN:135,(anonymous_8)
FN:147,(anonymous_9)
FNF:9
FNH:0
FNDA:0,DebtCard
FNDA:0,(anonymous_2)
FNDA:0,(anonymous_3)
FNDA:0,(anonymous_4)
FNDA:0,(anonymous_5)
FNDA:0,(anonymous_6)
FNDA:0,(anonymous_7)
FNDA:0,(anonymous_8)
FNDA:0,(anonymous_9)
DA:1,0
DA:3,0
DA:4,0
DA:6,0
DA:31,0
DA:37,0
DA:38,0
DA:41,0
DA:42,0
DA:43,0
DA:44,0
DA:45,0
DA:50,0
DA:51,0
DA:96,0
DA:101,0
DA:120,0
DA:123,0
DA:128,0
DA:131,0
DA:135,0
DA:147,0
LF:22
LH:0
BRDA:38,0,0,0
BRDA:38,0,1,0
BRDA:41,1,0,0
BRDA:41,1,1,0
BRDA:41,2,0,0
BRDA:41,2,1,0
BRDA:44,3,0,0
BRDA:44,3,1,0
BRDA:45,4,0,0
BRDA:45,4,1,0
BRDA:46,5,0,0
BRDA:46,5,1,0
BRDA:50,6,0,0
BRDA:50,6,1,0
BRDA:66,7,0,0
BRDA:67,8,0,0
BRDA:67,8,1,0
BRDA:67,8,2,0
BRDA:69,9,0,0
BRDA:72,10,0,0
BRDA:75,11,0,0
BRDA:78,12,0,0
BRDA:78,12,1,0
BRDA:86,13,0,0
BRDA:86,13,1,0
BRDA:87,14,0,0
BRDA:87,14,1,0
BRDA:89,15,0,0
BRDA:89,15,1,0
BRDA:92,16,0,0
BRDA:117,17,0,0
BRDA:119,18,0,0
BRDA:119,18,1,0
BRDA:119,18,2,0
BRDA:131,19,0,0
BRDA:131,19,1,0
BRDA:138,20,0,0
BRDA:138,20,1,0
BRDA:139,21,0,0
BRDA:139,21,1,0
BRF:40
BRH:0
end_of_record
TN:
SF:app\(dashboard)\dashboard\debts\_components\DebtForm.tsx
FN:42,DebtForm
FN:48,(anonymous_2)
FN:48,(anonymous_3)
FN:54,(anonymous_4)
FN:54,(anonymous_5)
FN:63,(anonymous_6)
FN:63,(anonymous_7)
FN:70,(anonymous_8)
FN:71,(anonymous_9)
FN:72,(anonymous_10)
FN:75,(anonymous_11)
FN:75,(anonymous_12)
FN:76,(anonymous_13)
FN:85,(anonymous_14)
FN:85,(anonymous_15)
FN:98,(anonymous_16)
FN:98,(anonymous_17)
FN:101,(anonymous_18)
FN:101,(anonymous_19)
FN:106,(anonymous_20)
FN:106,(anonymous_21)
FN:107,(anonymous_22)
FN:116,(anonymous_23)
FN:116,(anonymous_24)
FN:146,(anonymous_25)
FN:146,(anonymous_26)
FN:149,(anonymous_27)
FN:149,(anonymous_28)
FN:155,(anonymous_29)
FN:155,(anonymous_30)
FNF:30
FNH:0
FNDA:0,DebtForm
FNDA:0,(anonymous_2)
FNDA:0,(anonymous_3)
FNDA:0,(anonymous_4)
FNDA:0,(anonymous_5)
FNDA:0,(anonymous_6)
FNDA:0,(anonymous_7)
FNDA:0,(anonymous_8)
FNDA:0,(anonymous_9)
FNDA:0,(anonymous_10)
FNDA:0,(anonymous_11)
FNDA:0,(anonymous_12)
FNDA:0,(anonymous_13)
FNDA:0,(anonymous_14)
FNDA:0,(anonymous_15)
FNDA:0,(anonymous_16)
FNDA:0,(anonymous_17)
FNDA:0,(anonymous_18)
FNDA:0,(anonymous_19)
FNDA:0,(anonymous_20)
FNDA:0,(anonymous_21)
FNDA:0,(anonymous_22)
FNDA:0,(anonymous_23)
FNDA:0,(anonymous_24)
FNDA:0,(anonymous_25)
FNDA:0,(anonymous_26)
FNDA:0,(anonymous_27)
FNDA:0,(anonymous_28)
FNDA:0,(anonymous_29)
FNDA:0,(anonymous_30)
DA:1,0
DA:2,0
DA:3,0
DA:4,0
DA:6,0
DA:42,0
DA:43,0
DA:48,0
DA:54,0
DA:63,0
DA:70,0
DA:71,0
DA:72,0
DA:75,0
DA:76,0
DA:85,0
DA:98,0
DA:101,0
DA:106,0
DA:108,0
DA:116,0
DA:146,0
DA:149,0
DA:155,0
LF:24
LH:0
BRDA:45,0,0,0
BRDA:45,0,1,0
BRDA:50,1,0,0
BRDA:50,1,1,0
BRDA:51,2,0,0
BRDA:51,2,1,0
BRDA:56,3,0,0
BRDA:56,3,1,0
BRDA:57,4,0,0
BRDA:57,4,1,0
BRDA:69,5,0,0
BRDA:69,5,1,0
BRDA:70,6,0,0
BRDA:70,6,1,0
BRDA:81,7,0,0
BRDA:84,8,0,0
BRDA:84,8,1,0
BRDA:89,9,0,0
BRDA:89,9,1,0
BRDA:113,10,0,0
BRDA:120,11,0,0
BRDA:120,11,1,0
BRDA:121,12,0,0
BRDA:121,12,1,0
BRDA:127,13,0,0
BRDA:127,13,1,0
BRDA:128,14,0,0
BRDA:128,14,1,0
BRDA:131,15,0,0
BRDA:134,16,0,0
BRDA:134,16,1,0
BRDA:156,17,0,0
BRDA:156,17,1,0
BRDA:157,18,0,0
BRDA:157,18,1,0
BRDA:159,19,0,0
BRDA:159,19,1,0
BRDA:160,20,0,0
BRDA:160,20,1,0
BRDA:165,21,0,0
BRDA:165,21,1,0
BRF:41
BRH:0
end_of_record
TN:
SF:app\(dashboard)\dashboard\fire\page.tsx
FN:9,yearsToFIRE
FN:21,FIREPage
FN:24,(anonymous_5)
FN:34,(anonymous_6)
FN:36,load
FN:43,(anonymous_8)
FN:44,(anonymous_9)
FN:45,(anonymous_10)
FN:62,(anonymous_11)
FN:71,(anonymous_12)
FN:78,(anonymous_13)
FN:99,(anonymous_14)
FN:100,(anonymous_15)
FN:176,(anonymous_16)
FN:183,(anonymous_17)
FNF:15
FNH:0
FNDA:0,yearsToFIRE
FNDA:0,FIREPage
FNDA:0,(anonymous_5)
FNDA:0,(anonymous_6)
FNDA:0,load
FNDA:0,(anonymous_8)
FNDA:0,(anonymous_9)
FNDA:0,(anonymous_10)
FNDA:0,(anonymous_11)
FNDA:0,(anonymous_12)
FNDA:0,(anonymous_13)
FNDA:0,(anonymous_14)
FNDA:0,(anonymous_15)
FNDA:0,(anonymous_16)
FNDA:0,(anonymous_17)
DA:2,0
DA:3,0
DA:4,0
DA:5,0
DA:6,0
DA:7,0
DA:10,0
DA:11,0
DA:12,0
DA:13,0
DA:14,0
DA:15,0
DA:16,0
DA:18,0
DA:21,0
DA:22,0
DA:23,0
DA:24,0
DA:26,0
DA:27,0
DA:28,0
DA:29,0
DA:30,0
DA:31,0
DA:32,0
DA:34,0
DA:35,0
DA:37,0
DA:43,0
DA:44,0
DA:45,0
DA:46,0
DA:47,0
DA:48,0
DA:49,0
DA:50,0
DA:51,0
DA:53,0
DA:56,0
DA:57,0
DA:58,0
DA:59,0
DA:60,0
DA:62,0
DA:63,0
DA:65,0
DA:70,0
DA:71,0
DA:72,0
DA:73,0
DA:74,0
DA:79,0
DA:100,0
DA:177,0
DA:183,0
LF:55
LH:0
BRDA:10,0,0,0
BRDA:10,0,1,0
BRDA:10,1,0,0
BRDA:10,1,1,0
BRDA:11,2,0,0
BRDA:11,2,1,0
BRDA:16,3,0,0
BRDA:16,3,1,0
BRDA:35,4,0,0
BRDA:35,4,1,0
BRDA:43,5,0,0
BRDA:43,5,1,0
BRDA:44,6,0,0
BRDA:44,6,1,0
BRDA:45,7,0,0
BRDA:45,7,1,0
BRDA:47,8,0,0
BRDA:47,8,1,0
BRDA:49,9,0,0
BRDA:49,9,1,0
BRDA:50,10,0,0
BRDA:50,10,1,0
BRDA:63,11,0,0
BRDA:63,11,1,0
BRDA:63,12,0,0
BRDA:63,12,1,0
BRDA:71,13,0,0
BRDA:71,13,1,0
BRDA:103,14,0,0
BRDA:103,14,1,0
BRDA:104,15,0,0
BRDA:104,15,1,0
BRDA:105,16,0,0
BRDA:105,16,1,0
BRDA:152,17,0,0
BRDA:152,18,0,0
BRDA:152,18,1,0
BRDA:152,19,0,0
BRDA:152,19,1,0
BRDA:154,20,0,0
BRDA:154,20,1,0
BRDA:155,21,0,0
BRDA:155,21,1,0
BRF:43
BRH:0
end_of_record
TN:
SF:app\(dashboard)\dashboard\goals\page.tsx
FN:14,GoalsPage
FN:27,(anonymous_4)
FN:29,(anonymous_5)
FN:42,(anonymous_6)
FN:44,startEdit
FN:51,cancelForm
FN:56,validateGoalForm
FN:67,mapGoalError
FN:76,saveGoal
FN:98,deleteGoal
FN:104,addSaving
FN:107,(anonymous_14)
FN:118,(anonymous_15)
FN:119,(anonymous_16)
FN:147,(anonymous_17)
FN:174,(anonymous_18)
FN:175,(anonymous_19)
FN:175,(anonymous_20)
FN:189,(anonymous_21)
FN:192,(anonymous_22)
FN:192,(anonymous_23)
FN:213,(anonymous_24)
FN:228,(anonymous_25)
FN:229,(anonymous_26)
FN:247,(anonymous_27)
FN:250,(anonymous_28)
FN:251,(anonymous_29)
FN:252,(anonymous_30)
FN:256,(anonymous_31)
FNF:29
FNH:0
FNDA:0,GoalsPage
FNDA:0,(anonymous_4)
FNDA:0,(anonymous_5)
FNDA:0,(anonymous_6)
FNDA:0,startEdit
FNDA:0,cancelForm
FNDA:0,validateGoalForm
FNDA:0,mapGoalError
FNDA:0,saveGoal
FNDA:0,deleteGoal
FNDA:0,addSaving
FNDA:0,(anonymous_14)
FNDA:0,(anonymous_15)
FNDA:0,(anonymous_16)
FNDA:0,(anonymous_17)
FNDA:0,(anonymous_18)
FNDA:0,(anonymous_19)
FNDA:0,(anonymous_20)
FNDA:0,(anonymous_21)
FNDA:0,(anonymous_22)
FNDA:0,(anonymous_23)
FNDA:0,(anonymous_24)
FNDA:0,(anonymous_25)
FNDA:0,(anonymous_26)
FNDA:0,(anonymous_27)
FNDA:0,(anonymous_28)
FNDA:0,(anonymous_29)
FNDA:0,(anonymous_30)
FNDA:0,(anonymous_31)
DA:2,0
DA:4,0
DA:5,0
DA:6,0
DA:7,0
DA:8,0
DA:10,0
DA:11,0
DA:12,0
DA:14,0
DA:15,0
DA:16,0
DA:17,0
DA:18,0
DA:19,0
DA:20,0
DA:21,0
DA:22,0
DA:23,0
DA:24,0
DA:25,0
DA:26,0
DA:27,0
DA:29,0
DA:30,0
DA:31,0
DA:32,0
DA:33,0
DA:34,0
DA:35,0
DA:36,0
DA:37,0
DA:38,0
DA:39,0
DA:42,0
DA:45,0
DA:46,0
DA:47,0
DA:48,0
DA:52,0
DA:53,0
DA:57,0
DA:58,0
DA:59,0
DA:60,0
DA:61,0
DA:62,0
DA:63,0
DA:64,0
DA:68,0
DA:69,0
DA:70,0
DA:71,0
DA:72,0
DA:73,0
DA:77,0
DA:78,0
DA:79,0
DA:80,0
DA:81,0
DA:82,0
DA:83,0
DA:84,0
DA:85,0
DA:86,0
DA:88,0
DA:89,0
DA:90,0
DA:92,0
DA:94,0
DA:99,0
DA:100,0
DA:101,0
DA:105,0
DA:106,0
DA:107,0
DA:108,0
DA:109,0
DA:110,0
DA:111,0
DA:112,0
DA:113,0
DA:114,0
DA:117,0
DA:118,0
DA:119,0
DA:147,0
DA:175,0
DA:190,0
DA:192,0
DA:214,0
DA:215,0
DA:216,0
DA:228,0
DA:229,0
DA:247,0
DA:250,0
DA:251,0
DA:252,0
DA:256,0
LF:100
LH:0
BRDA:26,0,0,0
BRDA:26,0,1,0
BRDA:31,1,0,0
BRDA:31,1,1,0
BRDA:34,2,0,0
BRDA:34,2,1,0
BRDA:34,3,0,0
BRDA:34,3,1,0
BRDA:36,4,0,0
BRDA:36,4,1,0
BRDA:46,5,0,0
BRDA:46,5,1,0
BRDA:46,6,0,0
BRDA:46,6,1,0
BRDA:57,7,0,0
BRDA:57,7,1,0
BRDA:59,8,0,0
BRDA:59,8,1,0
BRDA:60,9,0,0
BRDA:60,9,1,0
BRDA:60,10,0,0
BRDA:60,10,1,0
BRDA:62,11,0,0
BRDA:62,11,1,0
BRDA:62,12,0,0
BRDA:62,12,1,0
BRDA:62,12,2,0
BRDA:63,13,0,0
BRDA:63,13,1,0
BRDA:63,14,0,0
BRDA:63,14,1,0
BRDA:68,15,0,0
BRDA:68,15,1,0
BRDA:69,16,0,0
BRDA:69,16,1,0
BRDA:69,17,0,0
BRDA:69,17,1,0
BRDA:70,18,0,0
BRDA:70,18,1,0
BRDA:70,19,0,0
BRDA:70,19,1,0
BRDA:71,20,0,0
BRDA:71,20,1,0
BRDA:71,21,0,0
BRDA:71,21,1,0
BRDA:72,22,0,0
BRDA:72,22,1,0
BRDA:78,23,0,0
BRDA:78,23,1,0
BRDA:81,24,0,0
BRDA:81,24,1,0
BRDA:83,25,0,0
BRDA:83,25,1,0
BRDA:84,26,0,0
BRDA:84,26,1,0
BRDA:84,27,0,0
BRDA:84,27,1,0
BRDA:85,28,0,0
BRDA:85,28,1,0
BRDA:88,29,0,0
BRDA:88,29,1,0
BRDA:88,30,0,0
BRDA:88,30,1,0
BRDA:89,31,0,0
BRDA:89,31,1,0
BRDA:100,32,0,0
BRDA:100,32,1,0
BRDA:106,33,0,0
BRDA:106,33,1,0
BRDA:106,34,0,0
BRDA:106,34,1,0
BRDA:108,35,0,0
BRDA:108,35,1,0
BRDA:111,36,0,0
BRDA:111,36,1,0
BRDA:112,37,0,0
BRDA:112,37,1,0
BRDA:153,38,0,0
BRDA:166,39,0,0
BRDA:167,40,0,0
BRDA:167,40,1,0
BRDA:169,41,0,0
BRDA:169,41,1,0
BRDA:177,42,0,0
BRDA:177,42,1,0
BRDA:177,43,0,0
BRDA:177,43,1,0
BRDA:201,44,0,0
BRDA:201,44,1,0
BRDA:202,45,0,0
BRDA:202,45,1,0
BRDA:202,46,0,0
BRDA:202,46,1,0
BRDA:219,47,0,0
BRDA:219,47,1,0
BRDA:222,48,0,0
BRDA:225,49,0,0
BRDA:225,49,1,0
BRDA:226,50,0,0
BRDA:226,50,1,0
BRDA:239,51,0,0
BRDA:246,52,0,0
BRDA:250,53,0,0
BRDA:250,53,1,0
BRDA:255,54,0,0
BRDA:264,55,0,0
BRF:106
BRH:0
end_of_record
TN:
SF:app\(dashboard)\dashboard\help\page.tsx
FN:7,HelpPage
FN:13,(anonymous_2)
FN:15,(anonymous_3)
FN:20,(anonymous_4)
FN:34,(anonymous_5)
FN:44,(anonymous_6)
FN:49,(anonymous_7)
FN:85,FAQItem
FN:89,(anonymous_9)
FNF:9
FNH:0
FNDA:0,HelpPage
FNDA:0,(anonymous_2)
FNDA:0,(anonymous_3)
FNDA:0,(anonymous_4)
FNDA:0,(anonymous_5)
FNDA:0,(anonymous_6)
FNDA:0,(anonymous_7)
FNDA:0,FAQItem
FNDA:0,(anonymous_9)
DA:2,0
DA:3,0
DA:4,0
DA:7,0
DA:8,0
DA:9,0
DA:11,0
DA:13,0
DA:16,0
DA:17,0
DA:18,0
DA:20,0
DA:34,0
DA:45,0
DA:50,0
DA:86,0
DA:89,0
LF:17
LH:0
BRDA:11,0,0,0
BRDA:11,0,1,0
BRDA:16,1,0,0
BRDA:16,1,1,0
BRDA:17,2,0,0
BRDA:17,2,1,0
BRDA:18,3,0,0
BRDA:18,3,1,0
BRDA:55,4,0,0
BRDA:90,5,0,0
BRDA:90,5,1,0
BRDA:95,6,0,0
BRDA:95,6,1,0
BRDA:97,7,0,0
BRF:14
BRH:0
end_of_record
TN:
SF:app\(dashboard)\dashboard\investments\page.tsx
FN:23,fetchStockPrice
FN:35,WealthSimulator
FN:44,calc
FN:57,(anonymous_6)
FN:96,(anonymous_7)
FN:116,(anonymous_8)
FN:136,(anonymous_9)
FN:193,(anonymous_10)
FN:204,(anonymous_11)
FN:238,InvestmentsPage
FN:273,(anonymous_13)
FN:286,(anonymous_14)
FN:298,(anonymous_15)
FN:301,(anonymous_16)
FN:305,(anonymous_17)
FN:307,(anonymous_18)
FN:310,(anonymous_19)
FN:312,(anonymous_20)
FN:316,(anonymous_21)
FN:319,(anonymous_22)
FN:324,(anonymous_23)
FN:338,startEditInv
FN:343,saveEditInv
FN:351,deleteInv
FN:353,(anonymous_27)
FN:353,(anonymous_28)
FN:356,loadTxHistory
FN:364,refreshPrices
FN:376,(anonymous_31)
FN:380,(anonymous_32)
FN:383,addInvestment
FN:402,recordBuy
FN:409,(anonymous_35)
FN:421,openSellConfirm
FN:432,confirmSell
FN:457,openTransferModal
FN:470,confirmTransfer
FN:494,(anonymous_40)
FN:495,(anonymous_41)
FN:499,(anonymous_42)
FN:501,(anonymous_43)
FN:502,(anonymous_44)
FN:503,(anonymous_45)
FN:504,(anonymous_46)
FN:507,(anonymous_47)
FN:508,(anonymous_48)
FN:509,(anonymous_49)
FN:510,(anonymous_50)
FN:525,(anonymous_51)
FN:532,(anonymous_52)
FN:554,(anonymous_53)
FN:555,(anonymous_54)
FN:572,(anonymous_55)
FN:588,(anonymous_56)
FN:620,(anonymous_57)
FN:628,(anonymous_58)
FN:647,(anonymous_59)
FN:661,(anonymous_60)
FN:664,(anonymous_61)
FN:664,(anonymous_62)
FN:670,(anonymous_63)
FN:671,(anonymous_64)
FN:675,(anonymous_65)
FN:686,(anonymous_66)
FN:689,(anonymous_67)
FN:689,(anonymous_68)
FN:698,(anonymous_69)
FN:701,(anonymous_70)
FN:705,(anonymous_71)
FN:714,(anonymous_72)
FN:716,(anonymous_73)
FN:716,(anonymous_74)
FN:717,(anonymous_75)
FN:717,(anonymous_76)
FN:720,(anonymous_77)
FN:720,(anonymous_78)
FN:732,(anonymous_79)
FN:732,(anonymous_80)
FN:741,(anonymous_81)
FN:742,(anonymous_82)
FN:748,(anonymous_83)
FN:754,(anonymous_84)
FN:775,(anonymous_85)
FN:786,(anonymous_86)
FN:829,(anonymous_87)
FN:835,(anonymous_88)
FN:852,(anonymous_89)
FN:859,(anonymous_90)
FN:868,(anonymous_91)
FN:895,(anonymous_92)
FN:903,(anonymous_93)
FN:905,(anonymous_94)
FN:905,(anonymous_95)
FN:906,(anonymous_96)
FN:906,(anonymous_97)
FN:907,(anonymous_98)
FN:907,(anonymous_99)
FN:908,(anonymous_100)
FN:908,(anonymous_101)
FN:909,(anonymous_102)
FN:909,(anonymous_103)
FN:911,(anonymous_104)
FN:911,(anonymous_105)
FN:917,(anonymous_106)
FN:917,(anonymous_107)
FN:919,(anonymous_108)
FN:919,(anonymous_109)
FN:925,(anonymous_110)
FN:925,(anonymous_111)
FN:933,(anonymous_112)
FN:945,(anonymous_113)
FN:950,(anonymous_114)
FNF:112
FNH:0
FNDA:0,fetchStockPrice
FNDA:0,WealthSimulator
FNDA:0,calc
FNDA:0,(anonymous_6)
FNDA:0,(anonymous_7)
FNDA:0,(anonymous_8)
FNDA:0,(anonymous_9)
FNDA:0,(anonymous_10)
FNDA:0,(anonymous_11)
FNDA:0,InvestmentsPage
FNDA:0,(anonymous_13)
FNDA:0,(anonymous_14)
FNDA:0,(anonymous_15)
FNDA:0,(anonymous_16)
FNDA:0,(anonymous_17)
FNDA:0,(anonymous_18)
FNDA:0,(anonymous_19)
FNDA:0,(anonymous_20)
FNDA:0,(anonymous_21)
FNDA:0,(anonymous_22)
FNDA:0,(anonymous_23)
FNDA:0,startEditInv
FNDA:0,saveEditInv
FNDA:0,deleteInv
FNDA:0,(anonymous_27)
FNDA:0,(anonymous_28)
FNDA:0,loadTxHistory
FNDA:0,refreshPrices
FNDA:0,(anonymous_31)
FNDA:0,(anonymous_32)
FNDA:0,addInvestment
FNDA:0,recordBuy
FNDA:0,(anonymous_35)
FNDA:0,openSellConfirm
FNDA:0,confirmSell
FNDA:0,openTransferModal
FNDA:0,confirmTransfer
FNDA:0,(anonymous_40)
FNDA:0,(anonymous_41)
FNDA:0,(anonymous_42)
FNDA:0,(anonymous_43)
FNDA:0,(anonymous_44)
FNDA:0,(anonymous_45)
FNDA:0,(anonymous_46)
FNDA:0,(anonymous_47)
FNDA:0,(anonymous_48)
FNDA:0,(anonymous_49)
FNDA:0,(anonymous_50)
FNDA:0,(anonymous_51)
FNDA:0,(anonymous_52)
FNDA:0,(anonymous_53)
FNDA:0,(anonymous_54)
FNDA:0,(anonymous_55)
FNDA:0,(anonymous_56)
FNDA:0,(anonymous_57)
FNDA:0,(anonymous_58)
FNDA:0,(anonymous_59)
FNDA:0,(anonymous_60)
FNDA:0,(anonymous_61)
FNDA:0,(anonymous_62)
FNDA:0,(anonymous_63)
FNDA:0,(anonymous_64)
FNDA:0,(anonymous_65)
FNDA:0,(anonymous_66)
FNDA:0,(anonymous_67)
FNDA:0,(anonymous_68)
FNDA:0,(anonymous_69)
FNDA:0,(anonymous_70)
FNDA:0,(anonymous_71)
FNDA:0,(anonymous_72)
FNDA:0,(anonymous_73)
FNDA:0,(anonymous_74)
FNDA:0,(anonymous_75)
FNDA:0,(anonymous_76)
FNDA:0,(anonymous_77)
FNDA:0,(anonymous_78)
FNDA:0,(anonymous_79)
FNDA:0,(anonymous_80)
FNDA:0,(anonymous_81)
FNDA:0,(anonymous_82)
FNDA:0,(anonymous_83)
FNDA:0,(anonymous_84)
FNDA:0,(anonymous_85)
FNDA:0,(anonymous_86)
FNDA:0,(anonymous_87)
FNDA:0,(anonymous_88)
FNDA:0,(anonymous_89)
FNDA:0,(anonymous_90)
FNDA:0,(anonymous_91)
FNDA:0,(anonymous_92)
FNDA:0,(anonymous_93)
FNDA:0,(anonymous_94)
FNDA:0,(anonymous_95)
FNDA:0,(anonymous_96)
FNDA:0,(anonymous_97)
FNDA:0,(anonymous_98)
FNDA:0,(anonymous_99)
FNDA:0,(anonymous_100)
FNDA:0,(anonymous_101)
FNDA:0,(anonymous_102)
FNDA:0,(anonymous_103)
FNDA:0,(anonymous_104)
FNDA:0,(anonymous_105)
FNDA:0,(anonymous_106)
FNDA:0,(anonymous_107)
FNDA:0,(anonymous_108)
FNDA:0,(anonymous_109)
FNDA:0,(anonymous_110)
FNDA:0,(anonymous_111)
FNDA:0,(anonymous_112)
FNDA:0,(anonymous_113)
FNDA:0,(anonymous_114)
DA:2,0
DA:3,0
DA:4,0
DA:5,0
DA:6,0
DA:8,0
DA:9,0
DA:10,0
DA:11,0
DA:12,0
DA:13,0
DA:14,0
DA:15,0
DA:16,0
DA:17,0
DA:18,0
DA:24,0
DA:25,0
DA:26,0
DA:27,0
DA:30,0
DA:31,0
DA:32,0
DA:36,0
DA:37,0
DA:38,0
DA:39,0
DA:40,0
DA:41,0
DA:45,0
DA:46,0
DA:47,0
DA:48,0
DA:51,0
DA:52,0
DA:53,0
DA:54,0
DA:57,0
DA:96,0
DA:116,0
DA:136,0
DA:193,0
DA:205,0
DA:206,0
DA:207,0
DA:208,0
DA:238,0
DA:239,0
DA:240,0
DA:241,0
DA:242,0
DA:243,0
DA:244,0
DA:245,0
DA:246,0
DA:247,0
DA:248,0
DA:249,0
DA:250,0
DA:251,0
DA:252,0
DA:253,0
DA:254,0
DA:255,0
DA:256,0
DA:257,0
DA:258,0
DA:259,0
DA:260,0
DA:261,0
DA:262,0
DA:263,0
DA:264,0
DA:265,0
DA:266,0
DA:267,0
DA:268,0
DA:269,0
DA:270,0
DA:271,0
DA:273,0
DA:274,0
DA:275,0
DA:276,0
DA:277,0
DA:278,0
DA:279,0
DA:280,0
DA:281,0
DA:282,0
DA:283,0
DA:286,0
DA:287,0
DA:288,0
DA:289,0
DA:290,0
DA:291,0
DA:292,0
DA:294,0
DA:298,0
DA:299,0
DA:300,0
DA:301,0
DA:305,0
DA:306,0
DA:307,0
DA:310,0
DA:312,0
DA:313,0
DA:314,0
DA:316,0
DA:317,0
DA:319,0
DA:320,0
DA:321,0
DA:323,0
DA:325,0
DA:326,0
DA:327,0
DA:332,0
DA:333,0
DA:335,0
DA:339,0
DA:340,0
DA:344,0
DA:345,0
DA:346,0
DA:347,0
DA:348,0
DA:352,0
DA:353,0
DA:357,0
DA:358,0
DA:359,0
DA:360,0
DA:361,0
DA:365,0
DA:366,0
DA:367,0
DA:368,0
DA:369,0
DA:370,0
DA:371,0
DA:372,0
DA:373,0
DA:374,0
DA:376,0
DA:377,0
DA:378,0
DA:379,0
DA:380,0
DA:384,0
DA:385,0
DA:386,0
DA:387,0
DA:388,0
DA:389,0
DA:390,0
DA:391,0
DA:392,0
DA:394,0
DA:397,0
DA:398,0
DA:399,0
DA:403,0
DA:404,0
DA:405,0
DA:406,0
DA:407,0
DA:408,0
DA:409,0
DA:410,0
DA:411,0
DA:412,0
DA:413,0
DA:414,0
DA:415,0
DA:416,0
DA:417,0
DA:418,0
DA:422,0
DA:423,0
DA:424,0
DA:425,0
DA:426,0
DA:427,0
DA:428,0
DA:429,0
DA:433,0
DA:434,0
DA:435,0
DA:436,0
DA:441,0
DA:442,0
DA:443,0
DA:448,0
DA:449,0
DA:450,0
DA:451,0
DA:452,0
DA:453,0
DA:454,0
DA:458,0
DA:459,0
DA:460,0
DA:461,0
DA:462,0
DA:463,0
DA:464,0
DA:466,0
DA:471,0
DA:472,0
DA:473,0
DA:474,0
DA:475,0
DA:483,0
DA:488,0
DA:489,0
DA:490,0
DA:491,0
DA:494,0
DA:495,0
DA:496,0
DA:497,0
DA:499,0
DA:500,0
DA:501,0
DA:502,0
DA:503,0
DA:504,0
DA:507,0
DA:508,0
DA:509,0
DA:510,0
DA:511,0
DA:514,0
DA:525,0
DA:532,0
DA:555,0
DA:572,0
DA:589,0
DA:590,0
DA:591,0
DA:592,0
DA:593,0
DA:594,0
DA:595,0
DA:596,0
DA:597,0
DA:598,0
DA:620,0
DA:629,0
DA:647,0
DA:662,0
DA:664,0
DA:670,0
DA:671,0
DA:675,0
DA:687,0
DA:689,0
DA:698,0
DA:701,0
DA:705,0
DA:714,0
DA:716,0
DA:717,0
DA:720,0
DA:732,0
DA:742,0
DA:743,0
DA:744,0
DA:749,0
DA:750,0
DA:755,0
DA:756,0
DA:757,0
DA:758,0
DA:775,0
DA:787,0
DA:829,0
DA:836,0
DA:852,0
DA:859,0
DA:868,0
DA:895,0
DA:903,0
DA:905,0
DA:906,0
DA:907,0
DA:908,0
DA:909,0
DA:911,0
DA:917,0
DA:919,0
DA:925,0
DA:933,0
DA:946,0
DA:947,0
DA:948,0
DA:950,0
LF:300
LH:0
BRDA:25,0,0,0
BRDA:25,0,1,0
BRDA:31,1,0,0
BRDA:31,1,1,0
BRDA:47,2,0,0
BRDA:47,2,1,0
BRDA:161,3,0,0
BRDA:161,3,1,0
BRDA:163,4,0,0
BRDA:163,4,1,0
BRDA:179,5,0,0
BRDA:179,5,1,0
BRDA:199,6,0,0
BRDA:199,6,1,0
BRDA:202,7,0,0
BRDA:212,8,0,0
BRDA:212,8,1,0
BRDA:213,9,0,0
BRDA:213,9,1,0
BRDA:215,10,0,0
BRDA:215,10,1,0
BRDA:218,11,0,0
BRDA:218,11,1,0
BRDA:219,12,0,0
BRDA:219,12,1,0
BRDA:220,13,0,0
BRDA:220,13,1,0
BRDA:275,14,0,0
BRDA:275,14,1,0
BRDA:278,15,0,0
BRDA:278,15,1,0
BRDA:278,16,0,0
BRDA:278,16,1,0
BRDA:280,17,0,0
BRDA:280,17,1,0
BRDA:288,18,0,0
BRDA:288,18,1,0
BRDA:290,19,0,0
BRDA:290,19,1,0
BRDA:290,20,0,0
BRDA:290,20,1,0
BRDA:292,21,0,0
BRDA:292,21,1,0
BRDA:299,22,0,0
BRDA:299,22,1,0
BRDA:301,23,0,0
BRDA:301,23,1,0
BRDA:306,24,0,0
BRDA:306,24,1,0
BRDA:307,25,0,0
BRDA:307,25,1,0
BRDA:317,26,0,0
BRDA:317,26,1,0
BRDA:321,27,0,0
BRDA:321,27,1,0
BRDA:327,28,0,0
BRDA:327,28,1,0
BRDA:340,29,0,0
BRDA:340,29,1,0
BRDA:340,30,0,0
BRDA:340,30,1,0
BRDA:344,31,0,0
BRDA:344,31,1,0
BRDA:346,32,0,0
BRDA:346,32,1,0
BRDA:346,33,0,0
BRDA:346,33,1,0
BRDA:346,34,0,0
BRDA:346,34,1,0
BRDA:346,35,0,0
BRDA:346,35,1,0
BRDA:346,36,0,0
BRDA:346,36,1,0
BRDA:347,37,0,0
BRDA:347,37,1,0
BRDA:360,38,0,0
BRDA:360,38,1,0
BRDA:372,39,0,0
BRDA:372,39,1,0
BRDA:376,40,0,0
BRDA:376,40,1,0
BRDA:377,41,0,0
BRDA:377,41,1,0
BRDA:377,42,0,0
BRDA:377,42,1,0
BRDA:377,43,0,0
BRDA:377,43,1,0
BRDA:377,44,0,0
BRDA:377,44,1,0
BRDA:377,45,0,0
BRDA:377,45,1,0
BRDA:378,46,0,0
BRDA:378,46,1,0
BRDA:386,47,0,0
BRDA:386,47,1,0
BRDA:389,48,0,0
BRDA:389,48,1,0
BRDA:389,49,0,0
BRDA:389,49,1,0
BRDA:392,50,0,0
BRDA:392,50,1,0
BRDA:394,51,0,0
BRDA:394,51,1,0
BRDA:405,52,0,0
BRDA:405,52,1,0
BRDA:410,53,0,0
BRDA:410,53,1,0
BRDA:413,54,0,0
BRDA:413,54,1,0
BRDA:415,55,0,0
BRDA:415,55,1,0
BRDA:424,56,0,0
BRDA:424,56,1,0
BRDA:425,57,0,0
BRDA:425,57,1,0
BRDA:425,58,0,0
BRDA:425,58,1,0
BRDA:425,58,2,0
BRDA:425,58,3,0
BRDA:426,59,0,0
BRDA:426,59,1,0
BRDA:433,60,0,0
BRDA:433,60,1,0
BRDA:433,61,0,0
BRDA:433,61,1,0
BRDA:445,62,0,0
BRDA:445,62,1,0
BRDA:460,63,0,0
BRDA:460,63,1,0
BRDA:472,64,0,0
BRDA:472,64,1,0
BRDA:472,65,0,0
BRDA:472,65,1,0
BRDA:472,65,2,0
BRDA:472,65,3,0
BRDA:474,66,0,0
BRDA:474,66,1,0
BRDA:480,67,0,0
BRDA:480,67,1,0
BRDA:480,68,0,0
BRDA:480,68,1,0
BRDA:497,69,0,0
BRDA:497,69,1,0
BRDA:501,70,0,0
BRDA:501,70,1,0
BRDA:502,71,0,0
BRDA:502,71,1,0
BRDA:503,72,0,0
BRDA:503,72,1,0
BRDA:504,73,0,0
BRDA:504,73,1,0
BRDA:507,74,0,0
BRDA:507,74,1,0
BRDA:508,75,0,0
BRDA:508,75,1,0
BRDA:509,76,0,0
BRDA:509,76,1,0
BRDA:510,77,0,0
BRDA:510,77,1,0
BRDA:514,78,0,0
BRDA:514,78,1,0
BRDA:521,79,0,0
BRDA:521,79,1,0
BRDA:521,80,0,0
BRDA:521,80,1,0
BRDA:524,81,0,0
BRDA:526,82,0,0
BRDA:526,82,1,0
BRDA:529,83,0,0
BRDA:529,83,1,0
BRDA:529,84,0,0
BRDA:529,84,1,0
BRDA:530,85,0,0
BRDA:530,85,1,0
BRDA:537,86,0,0
BRDA:538,87,0,0
BRDA:538,87,1,0
BRDA:542,88,0,0
BRDA:542,88,1,0
BRDA:542,89,0,0
BRDA:542,89,1,0
BRDA:543,90,0,0
BRDA:543,90,1,0
BRDA:543,91,0,0
BRDA:543,91,1,0
BRDA:543,92,0,0
BRDA:543,92,1,0
BRDA:543,93,0,0
BRDA:543,93,1,0
BRDA:544,94,0,0
BRDA:544,94,1,0
BRDA:544,95,0,0
BRDA:544,95,1,0
BRDA:548,96,0,0
BRDA:558,97,0,0
BRDA:558,97,1,0
BRDA:559,98,0,0
BRDA:559,98,1,0
BRDA:560,99,0,0
BRDA:560,99,1,0
BRDA:562,100,0,0
BRDA:562,100,1,0
BRDA:563,101,0,0
BRDA:563,101,1,0
BRDA:564,102,0,0
BRDA:564,102,1,0
BRDA:576,103,0,0
BRDA:576,103,1,0
BRDA:577,104,0,0
BRDA:577,104,1,0
BRDA:590,105,0,0
BRDA:590,105,1,0
BRDA:593,106,0,0
BRDA:593,106,1,0
BRDA:597,107,0,0
BRDA:597,107,1,0
BRDA:607,108,0,0
BRDA:608,109,0,0
BRDA:612,110,0,0
BRDA:612,110,1,0
BRDA:614,111,0,0
BRDA:614,111,1,0
BRDA:614,112,0,0
BRDA:614,112,1,0
BRDA:616,113,0,0
BRDA:616,113,1,0
BRDA:617,114,0,0
BRDA:617,114,1,0
BRDA:637,115,0,0
BRDA:637,115,1,0
BRDA:637,116,0,0
BRDA:637,116,1,0
BRDA:641,117,0,0
BRDA:641,117,1,0
BRDA:642,118,0,0
BRDA:642,118,1,0
BRDA:654,119,0,0
BRDA:670,120,0,0
BRDA:670,120,1,0
BRDA:670,121,0,0
BRDA:670,121,1,0
BRDA:679,122,0,0
BRDA:698,123,0,0
BRDA:698,123,1,0
BRDA:713,124,0,0
BRDA:741,125,0,0
BRDA:741,125,1,0
BRDA:744,126,0,0
BRDA:744,126,1,0
BRDA:749,127,0,0
BRDA:749,127,1,0
BRDA:750,128,0,0
BRDA:750,128,1,0
BRDA:756,129,0,0
BRDA:756,129,1,0
BRDA:763,130,0,0
BRDA:763,130,1,0
BRDA:763,131,0,0
BRDA:763,131,1,0
BRDA:764,132,0,0
BRDA:764,132,1,0
BRDA:774,133,0,0
BRDA:777,134,0,0
BRDA:783,135,0,0
BRDA:788,136,0,0
BRDA:788,136,1,0
BRDA:789,137,0,0
BRDA:789,137,1,0
BRDA:792,138,0,0
BRDA:792,138,1,0
BRDA:795,139,0,0
BRDA:795,139,1,0
BRDA:796,140,0,0
BRDA:796,140,1,0
BRDA:797,141,0,0
BRDA:797,141,1,0
BRDA:799,142,0,0
BRDA:810,143,0,0
BRDA:810,143,1,0
BRDA:811,144,0,0
BRDA:811,144,1,0
BRDA:813,145,0,0
BRDA:816,146,0,0
BRDA:828,147,0,0
BRDA:841,148,0,0
BRDA:841,148,1,0
BRDA:841,149,0,0
BRDA:841,149,1,0
BRDA:842,150,0,0
BRDA:842,150,1,0
BRDA:843,151,0,0
BRDA:843,151,1,0
BRDA:844,152,0,0
BRDA:844,152,1,0
BRDA:849,153,0,0
BRDA:849,153,1,0
BRDA:850,154,0,0
BRDA:850,154,1,0
BRDA:858,155,0,0
BRDA:870,156,0,0
BRDA:873,157,0,0
BRDA:875,158,0,0
BRDA:882,159,0,0
BRDA:882,159,1,0
BRDA:892,160,0,0
BRDA:892,160,1,0
BRDA:892,161,0,0
BRDA:892,161,1,0
BRDA:892,162,0,0
BRDA:892,162,1,0
BRDA:893,163,0,0
BRDA:893,163,1,0
BRDA:902,164,0,0
BRDA:939,165,0,0
BRF:314
BRH:0
end_of_record
TN:
SF:app\(dashboard)\dashboard\learn\loading.tsx
FN:1,LearnLoading
FNF:1
FNH:0
FNDA:0,LearnLoading
DA:1,0
LF:1
LH:0
BRF:0
BRH:0
end_of_record
TN:
SF:app\(dashboard)\dashboard\learn\page.tsx
FN:10,wrapText
FN:37,LearnPage
FN:48,(anonymous_3)
FN:66,(anonymous_4)
FN:67,(anonymous_5)
FN:69,(anonymous_6)
FN:82,(anonymous_7)
FN:113,(anonymous_8)
FN:117,markComplete
FN:142,(anonymous_10)
FN:152,shareLesson
FN:183,(anonymous_12)
FN:183,(anonymous_13)
FN:183,(anonymous_14)
FN:245,(anonymous_15)
FN:306,(anonymous_16)
FNF:16
FNH:0
FNDA:0,wrapText
FNDA:0,LearnPage
FNDA:0,(anonymous_3)
FNDA:0,(anonymous_4)
FNDA:0,(anonymous_5)
FNDA:0,(anonymous_6)
FNDA:0,(anonymous_7)
FNDA:0,(anonymous_8)
FNDA:0,markComplete
FNDA:0,(anonymous_10)
FNDA:0,shareLesson
FNDA:0,(anonymous_12)
FNDA:0,(anonymous_13)
FNDA:0,(anonymous_14)
FNDA:0,(anonymous_15)
FNDA:0,(anonymous_16)
DA:2,0
DA:3,0
DA:4,0
DA:5,0
DA:6,0
DA:7,0
DA:8,0
DA:11,0
DA:12,0
DA:13,0
DA:14,0
DA:15,0
DA:16,0
DA:17,0
DA:18,0
DA:20,0
DA:23,0
DA:24,0
DA:27,0
DA:35,0
DA:37,0
DA:38,0
DA:39,0
DA:40,0
DA:41,0
DA:42,0
DA:43,0
DA:44,0
DA:45,0
DA:46,0
DA:48,0
DA:49,0
DA:50,0
DA:51,0
DA:52,0
DA:53,0
DA:55,0
DA:62,0
DA:63,0
DA:64,0
DA:65,0
DA:66,0
DA:67,0
DA:68,0
DA:69,0
DA:70,0
DA:72,0
DA:80,0
DA:82,0
DA:84,0
DA:93,0
DA:99,0
DA:100,0
DA:101,0
DA:102,0
DA:105,0
DA:106,0
DA:109,0
DA:113,0
DA:114,0
DA:118,0
DA:119,0
DA:120,0
DA:121,0
DA:124,0
DA:130,0
DA:131,0
DA:132,0
DA:134,0
DA:139,0
DA:142,0
DA:143,0
DA:144,0
DA:153,0
DA:154,0
DA:155,0
DA:156,0
DA:157,0
DA:158,0
DA:159,0
DA:160,0
DA:161,0
DA:164,0
DA:167,0
DA:168,0
DA:169,0
DA:170,0
DA:171,0
DA:174,0
DA:175,0
DA:176,0
DA:177,0
DA:178,0
DA:181,0
DA:182,0
DA:183,0
DA:184,0
DA:185,0
DA:186,0
DA:187,0
DA:188,0
DA:189,0
DA:192,0
DA:193,0
DA:194,0
DA:195,0
DA:196,0
DA:199,0
DA:200,0
DA:201,0
DA:202,0
DA:203,0
DA:204,0
DA:205,0
DA:206,0
DA:207,0
DA:208,0
DA:211,0
DA:212,0
DA:213,0
DA:214,0
DA:215,0
DA:216,0
DA:217,0
DA:220,0
DA:223,0
DA:224,0
DA:225,0
DA:226,0
DA:227,0
DA:228,0
DA:232,0
DA:233,0
DA:234,0
DA:235,0
DA:236,0
DA:237,0
DA:240,0
DA:241,0
DA:242,0
DA:245,0
DA:246,0
DA:247,0
DA:248,0
DA:249,0
DA:251,0
DA:252,0
DA:253,0
DA:254,0
DA:255,0
DA:256,0
DA:258,0
DA:261,0
DA:265,0
DA:266,0
DA:307,0
LF:156
LH:0
BRDA:15,0,0,0
BRDA:15,0,1,0
BRDA:16,1,0,0
BRDA:16,1,1,0
BRDA:16,2,0,0
BRDA:16,2,1,0
BRDA:23,3,0,0
BRDA:23,3,1,0
BRDA:49,4,0,0
BRDA:49,4,1,0
BRDA:63,5,0,0
BRDA:63,5,1,0
BRDA:64,6,0,0
BRDA:64,6,1,0
BRDA:65,7,0,0
BRDA:65,7,1,0
BRDA:68,8,0,0
BRDA:68,8,1,0
BRDA:73,9,0,0
BRDA:73,9,1,0
BRDA:77,10,0,0
BRDA:77,10,1,0
BRDA:82,11,0,0
BRDA:82,11,1,0
BRDA:87,12,0,0
BRDA:87,12,1,0
BRDA:89,13,0,0
BRDA:89,13,1,0
BRDA:102,14,0,0
BRDA:102,14,1,0
BRDA:105,15,0,0
BRDA:105,15,1,0
BRDA:132,16,0,0
BRDA:132,16,1,0
BRDA:132,17,0,0
BRDA:132,17,1,0
BRDA:143,18,0,0
BRDA:143,18,1,0
BRDA:153,19,0,0
BRDA:153,19,1,0
BRDA:153,20,0,0
BRDA:153,20,1,0
BRDA:246,21,0,0
BRDA:246,21,1,0
BRDA:248,22,0,0
BRDA:248,22,1,0
BRDA:307,23,0,0
BRDA:307,23,1,0
BRDA:310,24,0,0
BRDA:310,24,1,0
BRDA:311,25,0,0
BRDA:311,25,1,0
BRDA:315,26,0,0
BRDA:315,26,1,0
BRDA:317,27,0,0
BRDA:317,28,0,0
BRDA:317,28,1,0
BRDA:324,29,0,0
BRDA:342,30,0,0
BRDA:351,31,0,0
BRDA:362,32,0,0
BRDA:362,32,1,0
BRDA:364,33,0,0
BRDA:364,33,1,0
BRDA:366,34,0,0
BRDA:366,34,1,0
BRDA:369,35,0,0
BRDA:369,35,1,0
BRF:68
BRH:0
end_of_record
TN:
SF:app\(dashboard)\dashboard\pdf-report\loading.tsx
FN:1,PdfReportLoading
FNF:1
FNH:0
FNDA:0,PdfReportLoading
DA:1,0
LF:1
LH:0
BRF:0
BRH:0
end_of_record
TN:
SF:app\(dashboard)\dashboard\pdf-report\page.tsx
FN:8,PDFReportPage
FN:11,(anonymous_4)
FN:21,load
FN:41,(anonymous_6)
FN:41,(anonymous_7)
FN:44,(anonymous_8)
FN:44,(anonymous_9)
FN:46,(anonymous_10)
FN:46,(anonymous_11)
FN:47,(anonymous_12)
FN:68,(anonymous_13)
FN:74,(anonymous_14)
FN:87,(anonymous_15)
FN:89,(anonymous_16)
FN:94,(anonymous_17)
FN:96,(anonymous_18)
FN:98,(anonymous_19)
FN:145,(anonymous_20)
FN:158,(anonymous_21)
FN:181,(anonymous_22)
FN:201,(anonymous_23)
FN:212,(anonymous_24)
FNF:22
FNH:0
FNDA:0,PDFReportPage
FNDA:0,(anonymous_4)
FNDA:0,load
FNDA:0,(anonymous_6)
FNDA:0,(anonymous_7)
FNDA:0,(anonymous_8)
FNDA:0,(anonymous_9)
FNDA:0,(anonymous_10)
FNDA:0,(anonymous_11)
FNDA:0,(anonymous_12)
FNDA:0,(anonymous_13)
FNDA:0,(anonymous_14)
FNDA:0,(anonymous_15)
FNDA:0,(anonymous_16)
FNDA:0,(anonymous_17)
FNDA:0,(anonymous_18)
FNDA:0,(anonymous_19)
FNDA:0,(anonymous_20)
FNDA:0,(anonymous_21)
FNDA:0,(anonymous_22)
FNDA:0,(anonymous_23)
FNDA:0,(anonymous_24)
DA:2,0
DA:3,0
DA:4,0
DA:5,0
DA:6,0
DA:8,0
DA:9,0
DA:10,0
DA:11,0
DA:12,0
DA:14,0
DA:15,0
DA:16,0
DA:17,0
DA:18,0
DA:19,0
DA:22,0
DA:23,0
DA:24,0
DA:25,0
DA:26,0
DA:27,0
DA:28,0
DA:36,0
DA:37,0
DA:40,0
DA:41,0
DA:42,0
DA:43,0
DA:44,0
DA:45,0
DA:46,0
DA:47,0
DA:49,0
DA:61,0
DA:62,0
DA:64,0
DA:68,0
DA:70,0
DA:74,0
DA:75,0
DA:87,0
DA:89,0
DA:94,0
DA:96,0
DA:98,0
DA:146,0
DA:159,0
DA:182,0
DA:202,0
DA:213,0
LF:51
LH:0
BRDA:22,0,0,0
BRDA:22,0,1,0
BRDA:36,1,0,0
BRDA:36,1,1,0
BRDA:36,2,0,0
BRDA:36,2,1,0
BRDA:36,2,2,0
BRDA:36,2,3,0
BRDA:36,2,4,0
BRDA:40,3,0,0
BRDA:40,3,1,0
BRDA:42,4,0,0
BRDA:42,4,1,0
BRDA:46,5,0,0
BRDA:46,5,1,0
BRDA:56,6,0,0
BRDA:56,6,1,0
BRDA:57,7,0,0
BRDA:57,7,1,0
BRDA:58,8,0,0
BRDA:58,8,1,0
BRDA:70,9,0,0
BRDA:70,9,1,0
BRDA:75,10,0,0
BRDA:75,10,1,0
BRDA:103,11,0,0
BRDA:115,12,0,0
BRDA:115,12,1,0
BRDA:126,13,0,0
BRDA:135,14,0,0
BRDA:135,14,1,0
BRDA:144,15,0,0
BRDA:144,15,1,0
BRDA:155,16,0,0
BRDA:168,17,0,0
BRDA:174,18,0,0
BRDA:174,18,1,0
BRDA:175,19,0,0
BRDA:175,19,1,0
BRDA:176,20,0,0
BRDA:176,20,1,0
BRDA:186,21,0,0
BRDA:186,21,1,0
BRDA:187,22,0,0
BRDA:187,22,1,0
BRDA:198,23,0,0
BRDA:209,24,0,0
BRF:47
BRH:0
end_of_record
TN:
SF:app\(dashboard)\dashboard\settings\loading.tsx
FN:1,SettingsLoading
FNF:1
FNH:0
FNDA:0,SettingsLoading
DA:1,0
LF:1
LH:0
BRF:0
BRH:0
end_of_record
TN:
SF:app\(dashboard)\dashboard\settings\page.tsx
FN:35,(anonymous_3)
FN:36,(anonymous_4)
FN:39,StatBadge
FN:61,SectionCard
FN:76,SectionTitle
FN:94,ProfileSection
FN:108,(anonymous_9)
FN:190,(anonymous_10)
FN:190,(anonymous_11)
FN:194,(anonymous_12)
FN:194,(anonymous_13)
FN:198,(anonymous_14)
FN:198,(anonymous_15)
FN:202,(anonymous_16)
FN:202,(anonymous_17)
FN:209,(anonymous_18)
FN:209,(anonymous_19)
FN:213,(anonymous_20)
FN:213,(anonymous_21)
FN:217,(anonymous_22)
FN:217,(anonymous_23)
FN:221,(anonymous_24)
FN:221,(anonymous_25)
FN:222,(anonymous_26)
FN:224,(anonymous_27)
FN:237,(anonymous_28)
FN:238,(anonymous_29)
FN:258,(anonymous_30)
FN:259,(anonymous_31)
FN:285,AssetsSection
FN:350,(anonymous_33)
FN:355,(anonymous_34)
FN:355,(anonymous_35)
FN:368,AccountSection
FN:391,ExportSection
FN:396,(anonymous_38)
FN:409,(anonymous_39)
FN:414,(anonymous_40)
FN:447,DangerZone
FN:465,(anonymous_42)
FN:480,(anonymous_43)
FN:504,(anonymous_44)
FN:527,AccordionCard
FN:547,(anonymous_46)
FN:547,(anonymous_47)
FN:592,SettingsPage
FN:614,(anonymous_49)
FN:615,load
FN:646,(anonymous_51)
FN:659,(anonymous_52)
FN:661,loadNetWorth
FN:669,(anonymous_54)
FN:669,(anonymous_55)
FN:670,(anonymous_56)
FN:670,(anonymous_57)
FN:673,(anonymous_58)
FN:674,(anonymous_59)
FN:675,(anonymous_60)
FN:681,(anonymous_61)
FN:685,(anonymous_62)
FN:689,(anonymous_63)
FN:693,(anonymous_64)
FN:694,(anonymous_65)
FN:697,(anonymous_66)
FN:717,(anonymous_67)
FN:734,(anonymous_68)
FN:743,(anonymous_69)
FN:807,(anonymous_70)
FNF:68
FNH:0
FNDA:0,(anonymous_3)
FNDA:0,(anonymous_4)
FNDA:0,StatBadge
FNDA:0,SectionCard
FNDA:0,SectionTitle
FNDA:0,ProfileSection
FNDA:0,(anonymous_9)
FNDA:0,(anonymous_10)
FNDA:0,(anonymous_11)
FNDA:0,(anonymous_12)
FNDA:0,(anonymous_13)
FNDA:0,(anonymous_14)
FNDA:0,(anonymous_15)
FNDA:0,(anonymous_16)
FNDA:0,(anonymous_17)
FNDA:0,(anonymous_18)
FNDA:0,(anonymous_19)
FNDA:0,(anonymous_20)
FNDA:0,(anonymous_21)
FNDA:0,(anonymous_22)
FNDA:0,(anonymous_23)
FNDA:0,(anonymous_24)
FNDA:0,(anonymous_25)
FNDA:0,(anonymous_26)
FNDA:0,(anonymous_27)
FNDA:0,(anonymous_28)
FNDA:0,(anonymous_29)
FNDA:0,(anonymous_30)
FNDA:0,(anonymous_31)
FNDA:0,AssetsSection
FNDA:0,(anonymous_33)
FNDA:0,(anonymous_34)
FNDA:0,(anonymous_35)
FNDA:0,AccountSection
FNDA:0,ExportSection
FNDA:0,(anonymous_38)
FNDA:0,(anonymous_39)
FNDA:0,(anonymous_40)
FNDA:0,DangerZone
FNDA:0,(anonymous_42)
FNDA:0,(anonymous_43)
FNDA:0,(anonymous_44)
FNDA:0,AccordionCard
FNDA:0,(anonymous_46)
FNDA:0,(anonymous_47)
FNDA:0,SettingsPage
FNDA:0,(anonymous_49)
FNDA:0,load
FNDA:0,(anonymous_51)
FNDA:0,(anonymous_52)
FNDA:0,loadNetWorth
FNDA:0,(anonymous_54)
FNDA:0,(anonymous_55)
FNDA:0,(anonymous_56)
FNDA:0,(anonymous_57)
FNDA:0,(anonymous_58)
FNDA:0,(anonymous_59)
FNDA:0,(anonymous_60)
FNDA:0,(anonymous_61)
FNDA:0,(anonymous_62)
FNDA:0,(anonymous_63)
FNDA:0,(anonymous_64)
FNDA:0,(anonymous_65)
FNDA:0,(anonymous_66)
FNDA:0,(anonymous_67)
FNDA:0,(anonymous_68)
FNDA:0,(anonymous_69)
FNDA:0,(anonymous_70)
DA:2,0
DA:4,0
DA:5,0
DA:6,0
DA:7,0
DA:8,0
DA:9,0
DA:10,0
DA:11,0
DA:12,0
DA:13,0
DA:14,0
DA:15,0
DA:35,0
DA:36,0
DA:105,0
DA:106,0
DA:108,0
DA:109,0
DA:110,0
DA:111,0
DA:190,0
DA:194,0
DA:198,0
DA:202,0
DA:209,0
DA:213,0
DA:217,0
DA:221,0
DA:223,0
DA:225,0
DA:238,0
DA:259,0
DA:296,0
DA:351,0
DA:355,0
DA:369,0
DA:392,0
DA:393,0
DA:394,0
DA:396,0
DA:397,0
DA:398,0
DA:402,0
DA:403,0
DA:404,0
DA:405,0
DA:408,0
DA:409,0
DA:414,0
DA:415,0
DA:416,0
DA:417,0
DA:418,0
DA:419,0
DA:420,0
DA:421,0
DA:422,0
DA:423,0
DA:457,0
DA:465,0
DA:480,0
DA:504,0
DA:536,0
DA:547,0
DA:592,0
DA:593,0
DA:594,0
DA:595,0
DA:596,0
DA:598,0
DA:602,0
DA:605,0
DA:606,0
DA:607,0
DA:608,0
DA:611,0
DA:612,0
DA:614,0
DA:616,0
DA:617,0
DA:618,0
DA:619,0
DA:620,0
DA:622,0
DA:623,0
DA:624,0
DA:634,0
DA:640,0
DA:643,0
DA:646,0
DA:647,0
DA:652,0
DA:659,0
DA:660,0
DA:662,0
DA:668,0
DA:669,0
DA:670,0
DA:671,0
DA:672,0
DA:673,0
DA:674,0
DA:675,0
DA:676,0
DA:678,0
DA:681,0
DA:682,0
DA:685,0
DA:686,0
DA:689,0
DA:690,0
DA:693,0
DA:694,0
DA:697,0
DA:698,0
DA:699,0
DA:700,0
DA:712,0
DA:713,0
DA:714,0
DA:717,0
DA:718,0
DA:719,0
DA:720,0
DA:721,0
DA:729,0
DA:730,0
DA:731,0
DA:734,0
DA:735,0
DA:736,0
DA:737,0
DA:738,0
DA:739,0
DA:740,0
DA:743,0
DA:744,0
DA:745,0
DA:747,0
DA:748,0
DA:749,0
DA:750,0
DA:751,0
DA:752,0
DA:758,0
DA:761,0
DA:762,0
DA:765,0
DA:808,0
DA:811,0
DA:812,0
DA:814,0
DA:815,0
LF:154
LH:0
BRDA:35,0,0,0
BRDA:35,0,1,0
BRDA:36,1,0,0
BRDA:36,2,0,0
BRDA:36,2,1,0
BRDA:65,3,0,0
BRDA:65,3,1,0
BRDA:109,4,0,0
BRDA:109,4,1,0
BRDA:159,5,0,0
BRDA:159,5,1,0
BRDA:161,6,0,0
BRDA:179,7,0,0
BRDA:179,7,1,0
BRDA:179,7,2,0
BRDA:181,8,0,0
BRDA:182,9,0,0
BRDA:183,10,0,0
BRDA:225,11,0,0
BRDA:225,11,1,0
BRDA:241,12,0,0
BRDA:241,12,1,0
BRDA:242,13,0,0
BRDA:242,13,1,0
BRDA:243,14,0,0
BRDA:243,14,1,0
BRDA:250,15,0,0
BRDA:250,15,1,0
BRDA:250,16,0,0
BRDA:250,16,1,0
BRDA:262,17,0,0
BRDA:262,17,1,0
BRDA:263,18,0,0
BRDA:263,18,1,0
BRDA:264,19,0,0
BRDA:264,19,1,0
BRDA:271,20,0,0
BRDA:271,20,1,0
BRDA:271,21,0,0
BRDA:271,21,1,0
BRDA:302,22,0,0
BRDA:305,23,0,0
BRDA:305,23,1,0
BRDA:307,24,0,0
BRDA:307,24,1,0
BRDA:310,25,0,0
BRDA:310,25,1,0
BRDA:312,26,0,0
BRDA:312,26,1,0
BRDA:322,27,0,0
BRDA:379,28,0,0
BRDA:379,28,1,0
BRDA:382,29,0,0
BRDA:382,29,1,0
BRDA:402,30,0,0
BRDA:402,30,1,0
BRDA:402,31,0,0
BRDA:402,31,1,0
BRDA:411,32,0,0
BRDA:411,32,1,0
BRDA:412,33,0,0
BRDA:412,33,1,0
BRDA:412,34,0,0
BRDA:412,34,1,0
BRDA:429,35,0,0
BRDA:429,35,1,0
BRDA:436,36,0,0
BRDA:436,36,1,0
BRDA:438,37,0,0
BRDA:438,37,1,0
BRDA:465,38,0,0
BRDA:491,39,0,0
BRDA:491,39,1,0
BRDA:496,40,0,0
BRDA:496,40,1,0
BRDA:498,41,0,0
BRDA:498,41,1,0
BRDA:501,42,0,0
BRDA:501,42,1,0
BRDA:528,43,0,0
BRDA:554,44,0,0
BRDA:554,44,1,0
BRDA:558,45,0,0
BRDA:558,45,1,0
BRDA:565,46,0,0
BRDA:578,47,0,0
BRDA:578,47,1,0
BRDA:583,48,0,0
BRDA:617,49,0,0
BRDA:617,49,1,0
BRDA:618,50,0,0
BRDA:618,50,1,0
BRDA:619,51,0,0
BRDA:619,51,1,0
BRDA:623,52,0,0
BRDA:623,52,1,0
BRDA:625,53,0,0
BRDA:625,53,1,0
BRDA:626,54,0,0
BRDA:626,54,1,0
BRDA:627,55,0,0
BRDA:627,55,1,0
BRDA:628,56,0,0
BRDA:628,56,1,0
BRDA:629,57,0,0
BRDA:629,57,1,0
BRDA:630,58,0,0
BRDA:630,58,1,0
BRDA:631,59,0,0
BRDA:631,59,1,0
BRDA:632,60,0,0
BRDA:632,60,1,0
BRDA:635,61,0,0
BRDA:635,61,1,0
BRDA:636,62,0,0
BRDA:636,62,1,0
BRDA:637,63,0,0
BRDA:637,63,1,0
BRDA:638,64,0,0
BRDA:638,64,1,0
BRDA:640,65,0,0
BRDA:640,65,1,0
BRDA:660,66,0,0
BRDA:660,66,1,0
BRDA:668,67,0,0
BRDA:668,67,1,0
BRDA:672,68,0,0
BRDA:672,68,1,0
BRDA:673,69,0,0
BRDA:673,69,1,0
BRDA:674,70,0,0
BRDA:674,70,1,0
BRDA:675,71,0,0
BRDA:675,71,1,0
BRDA:686,72,0,0
BRDA:686,72,1,0
BRDA:690,73,0,0
BRDA:690,73,1,0
BRDA:698,74,0,0
BRDA:698,74,1,0
BRDA:707,75,0,0
BRDA:707,75,1,0
BRDA:708,76,0,0
BRDA:708,76,1,0
BRDA:709,77,0,0
BRDA:709,77,1,0
BRDA:712,78,0,0
BRDA:712,78,1,0
BRDA:718,79,0,0
BRDA:718,79,1,0
BRDA:729,80,0,0
BRDA:729,80,1,0
BRDA:735,81,0,0
BRDA:735,81,1,0
BRDA:735,82,0,0
BRDA:735,82,1,0
BRDA:738,83,0,0
BRDA:738,83,1,0
BRDA:749,84,0,0
BRDA:749,84,1,0
BRDA:751,85,0,0
BRDA:751,85,1,0
BRDA:793,86,0,0
BRDA:793,86,1,0
BRDA:808,87,0,0
BRDA:808,87,1,0
BRDA:811,88,0,0
BRDA:811,88,1,0
BRDA:831,89,0,0
BRDA:831,89,1,0
BRDA:831,90,0,0
BRDA:831,90,1,0
BRDA:832,91,0,0
BRDA:832,91,1,0
BRDA:835,92,0,0
BRDA:835,92,1,0
BRF:176
BRH:0
end_of_record
TN:
SF:app\(dashboard)\dashboard\transactions\page.tsx
FN:23,TransactionsPage
FN:28,(anonymous_4)
FN:32,(anonymous_5)
FN:33,(anonymous_6)
FN:35,(anonymous_7)
FN:60,(anonymous_8)
FN:61,(anonymous_9)
FN:112,(anonymous_10)
FN:117,(anonymous_11)
FN:135,(anonymous_12)
FN:136,(anonymous_13)
FN:158,(anonymous_14)
FN:159,(anonymous_15)
FN:170,(anonymous_16)
FN:170,(anonymous_17)
FNF:15
FNH:0
FNDA:0,TransactionsPage
FNDA:0,(anonymous_4)
FNDA:0,(anonymous_5)
FNDA:0,(anonymous_6)
FNDA:0,(anonymous_7)
FNDA:0,(anonymous_8)
FNDA:0,(anonymous_9)
FNDA:0,(anonymous_10)
FNDA:0,(anonymous_11)
FNDA:0,(anonymous_12)
FNDA:0,(anonymous_13)
FNDA:0,(anonymous_14)
FNDA:0,(anonymous_15)
FNDA:0,(anonymous_16)
FNDA:0,(anonymous_17)
DA:2,0
DA:4,0
DA:5,0
DA:6,0
DA:7,0
DA:8,0
DA:9,0
DA:10,0
DA:11,0
DA:12,0
DA:13,0
DA:14,0
DA:15,0
DA:16,0
DA:17,0
DA:18,0
DA:19,0
DA:21,0
DA:23,0
DA:24,0
DA:25,0
DA:26,0
DA:27,0
DA:28,0
DA:29,0
DA:31,0
DA:32,0
DA:33,0
DA:34,0
DA:35,0
DA:36,0
DA:61,0
DA:113,0
DA:117,0
DA:136,0
DA:158,0
DA:159,0
DA:170,0
LF:38
LH:0
BRDA:34,0,0,0
BRDA:34,0,1,0
BRDA:35,1,0,0
BRDA:35,1,1,0
BRDA:36,2,0,0
BRDA:36,2,1,0
BRDA:36,3,0,0
BRDA:36,3,1,0
BRDA:48,4,0,0
BRDA:53,5,0,0
BRDA:62,6,0,0
BRDA:62,6,1,0
BRDA:62,7,0,0
BRDA:62,7,1,0
BRDA:62,8,0,0
BRDA:62,8,1,0
BRDA:63,9,0,0
BRDA:63,9,1,0
BRDA:69,10,0,0
BRDA:75,11,0,0
BRDA:75,11,1,0
BRDA:76,12,0,0
BRDA:76,12,1,0
BRDA:76,13,0,0
BRDA:76,13,1,0
BRDA:77,14,0,0
BRDA:77,14,1,0
BRDA:79,15,0,0
BRDA:79,15,1,0
BRDA:80,16,0,0
BRDA:80,16,1,0
BRDA:82,17,0,0
BRDA:82,17,1,0
BRDA:84,18,0,0
BRDA:84,18,1,0
BRDA:85,19,0,0
BRDA:85,19,1,0
BRDA:100,20,0,0
BRDA:103,21,0,0
BRDA:124,22,0,0
BRDA:126,23,0,0
BRDA:144,24,0,0
BRDA:146,25,0,0
BRDA:146,25,1,0
BRDA:146,26,0,0
BRDA:146,26,1,0
BRDA:147,27,0,0
BRDA:147,27,1,0
BRDA:154,28,0,0
BRDA:163,29,0,0
BRF:50
BRH:0
end_of_record
TN:
SF:app\(dashboard)\dashboard\zakat\page.tsx
FN:14,haulStart
FN:19,haulDaysLeft
FN:24,haulDueDate
FN:29,ZakatPage
FN:32,(anonymous_7)
FN:50,loadData
FN:87,(anonymous_9)
FN:89,(anonymous_10)
FN:90,updateZakat
FN:102,(anonymous_12)
FN:111,(anonymous_13)
FN:113,fetchLivePrices
FN:118,(anonymous_15)
FN:131,(anonymous_16)
FN:135,(anonymous_17)
FN:136,(anonymous_18)
FN:137,(anonymous_19)
FN:139,handleSave
FN:152,(anonymous_21)
FN:155,togglePaid
FN:157,(anonymous_23)
FN:157,(anonymous_24)
FN:189,(anonymous_25)
FN:278,(anonymous_26)
FN:284,(anonymous_27)
FN:313,(anonymous_28)
FN:328,(anonymous_29)
FNF:27
FNH:0
FNDA:0,haulStart
FNDA:0,haulDaysLeft
FNDA:0,haulDueDate
FNDA:0,ZakatPage
FNDA:0,(anonymous_7)
FNDA:0,loadData
FNDA:0,(anonymous_9)
FNDA:0,(anonymous_10)
FNDA:0,updateZakat
FNDA:0,(anonymous_12)
FNDA:0,(anonymous_13)
FNDA:0,fetchLivePrices
FNDA:0,(anonymous_15)
FNDA:0,(anonymous_16)
FNDA:0,(anonymous_17)
FNDA:0,(anonymous_18)
FNDA:0,(anonymous_19)
FNDA:0,handleSave
FNDA:0,(anonymous_21)
FNDA:0,togglePaid
FNDA:0,(anonymous_23)
FNDA:0,(anonymous_24)
FNDA:0,(anonymous_25)
FNDA:0,(anonymous_26)
FNDA:0,(anonymous_27)
FNDA:0,(anonymous_28)
FNDA:0,(anonymous_29)
DA:2,0
DA:3,0
DA:4,0
DA:5,0
DA:6,0
DA:7,0
DA:9,0
DA:11,0
DA:12,0
DA:15,0
DA:16,0
DA:20,0
DA:21,0
DA:25,0
DA:26,0
DA:29,0
DA:30,0
DA:31,0
DA:32,0
DA:34,0
DA:35,0
DA:36,0
DA:37,0
DA:38,0
DA:39,0
DA:40,0
DA:41,0
DA:42,0
DA:43,0
DA:44,0
DA:45,0
DA:46,0
DA:47,0
DA:48,0
DA:51,0
DA:52,0
DA:58,0
DA:59,0
DA:60,0
DA:61,0
DA:63,0
DA:66,0
DA:71,0
DA:73,0
DA:74,0
DA:75,0
DA:78,0
DA:84,0
DA:87,0
DA:89,0
DA:91,0
DA:92,0
DA:93,0
DA:99,0
DA:101,0
DA:102,0
DA:105,0
DA:106,0
DA:107,0
DA:108,0
DA:109,0
DA:111,0
DA:114,0
DA:115,0
DA:116,0
DA:117,0
DA:118,0
DA:119,0
DA:120,0
DA:121,0
DA:122,0
DA:127,0
DA:131,0
DA:134,0
DA:135,0
DA:136,0
DA:137,0
DA:140,0
DA:141,0
DA:142,0
DA:148,0
DA:149,0
DA:150,0
DA:151,0
DA:152,0
DA:156,0
DA:157,0
DA:190,0
DA:191,0
DA:192,0
DA:193,0
DA:194,0
DA:195,0
DA:196,0
DA:197,0
DA:279,0
DA:284,0
DA:314,0
DA:328,0
LF:99
LH:0
BRDA:15,0,0,0
BRDA:15,0,1,0
BRDA:51,1,0,0
BRDA:51,1,1,0
BRDA:58,2,0,0
BRDA:58,2,1,0
BRDA:60,3,0,0
BRDA:60,3,1,0
BRDA:61,4,0,0
BRDA:61,4,1,0
BRDA:63,5,0,0
BRDA:63,5,1,0
BRDA:63,6,0,0
BRDA:63,6,1,0
BRDA:71,7,0,0
BRDA:71,7,1,0
BRDA:73,8,0,0
BRDA:73,8,1,0
BRDA:73,9,0,0
BRDA:73,9,1,0
BRDA:74,10,0,0
BRDA:74,10,1,0
BRDA:74,11,0,0
BRDA:74,11,1,0
BRDA:75,12,0,0
BRDA:75,12,1,0
BRDA:91,13,0,0
BRDA:91,13,1,0
BRDA:92,14,0,0
BRDA:92,14,1,0
BRDA:92,15,0,0
BRDA:92,15,1,0
BRDA:105,16,0,0
BRDA:105,16,1,0
BRDA:106,17,0,0
BRDA:106,17,1,0
BRDA:107,18,0,0
BRDA:107,18,1,0
BRDA:109,19,0,0
BRDA:109,19,1,0
BRDA:117,20,0,0
BRDA:117,20,1,0
BRDA:119,21,0,0
BRDA:119,21,1,0
BRDA:121,22,0,0
BRDA:121,22,1,0
BRDA:122,23,0,0
BRDA:122,23,1,0
BRDA:135,24,0,0
BRDA:135,24,1,0
BRDA:140,25,0,0
BRDA:140,25,1,0
BRDA:149,26,0,0
BRDA:149,26,1,0
BRDA:157,27,0,0
BRDA:157,27,1,0
BRDA:174,28,0,0
BRDA:191,29,0,0
BRDA:191,29,1,0
BRDA:192,30,0,0
BRDA:192,30,1,0
BRDA:193,31,0,0
BRDA:193,31,1,0
BRDA:193,32,0,0
BRDA:193,32,1,0
BRDA:193,33,0,0
BRDA:193,33,1,0
BRDA:194,34,0,0
BRDA:194,34,1,0
BRDA:194,35,0,0
BRDA:194,35,1,0
BRDA:194,36,0,0
BRDA:194,36,1,0
BRDA:195,37,0,0
BRDA:195,37,1,0
BRDA:195,38,0,0
BRDA:195,38,1,0
BRDA:195,39,0,0
BRDA:195,39,1,0
BRDA:201,40,0,0
BRDA:201,40,1,0
BRDA:201,40,2,0
BRDA:209,41,0,0
BRDA:209,41,1,0
BRDA:211,42,0,0
BRDA:228,43,0,0
BRDA:228,43,1,0
BRDA:229,44,0,0
BRDA:229,44,1,0
BRDA:233,45,0,0
BRDA:233,45,1,0
BRDA:235,46,0,0
BRDA:235,46,1,0
BRDA:261,47,0,0
BRDA:261,47,1,0
BRDA:263,48,0,0
BRDA:263,48,1,0
BRDA:281,49,0,0
BRDA:281,49,1,0
BRDA:282,50,0,0
BRDA:282,51,0,0
BRDA:282,51,1,0
BRDA:287,52,0,0
BRDA:287,52,1,0
BRDA:288,53,0,0
BRDA:288,53,1,0
BRDA:300,54,0,0
BRDA:300,54,1,0
BRDA:302,55,0,0
BRDA:302,55,1,0
BRDA:302,56,0,0
BRDA:302,56,1,0
BRDA:307,57,0,0
BRDA:317,58,0,0
BRDA:317,58,1,0
BRDA:318,59,0,0
BRDA:318,59,1,0
BRDA:322,60,0,0
BRDA:322,60,1,0
BRDA:325,61,0,0
BRDA:325,61,1,0
BRDA:331,62,0,0
BRDA:331,62,1,0
BRDA:332,63,0,0
BRDA:332,63,1,0
BRDA:334,64,0,0
BRDA:334,64,1,0
BRF:127
BRH:0
end_of_record
TN:
SF:app\api\alerts\route.ts
FN:8,alreadyExists
FN:16,pushAlert
FN:21,generateAlerts
FN:47,(anonymous_6)
FN:47,(anonymous_7)
FN:48,(anonymous_8)
FN:48,(anonymous_9)
FN:49,(anonymous_10)
FN:50,(anonymous_11)
FN:51,(anonymous_12)
FN:52,(anonymous_13)
FN:63,(anonymous_14)
FN:73,(anonymous_15)
FN:75,(anonymous_16)
FN:116,(anonymous_17)
FN:123,GET
FN:131,POST
FNF:17
FNH:0
FNDA:0,alreadyExists
FNDA:0,pushAlert
FNDA:0,generateAlerts
FNDA:0,(anonymous_6)
FNDA:0,(anonymous_7)
FNDA:0,(anonymous_8)
FNDA:0,(anonymous_9)
FNDA:0,(anonymous_10)
FNDA:0,(anonymous_11)
FNDA:0,(anonymous_12)
FNDA:0,(anonymous_13)
FNDA:0,(anonymous_14)
FNDA:0,(anonymous_15)
FNDA:0,(anonymous_16)
FNDA:0,(anonymous_17)
FNDA:0,GET
FNDA:0,POST
DA:1,0
DA:2,0
DA:3,0
DA:4,0
DA:6,0
DA:9,0
DA:10,0
DA:13,0
DA:17,0
DA:18,0
DA:22,0
DA:23,0
DA:24,0
DA:25,0
DA:26,0
DA:27,0
DA:28,0
DA:29,0
DA:30,0
DA:31,0
DA:32,0
DA:33,0
DA:34,0
DA:35,0
DA:36,0
DA:37,0
DA:43,0
DA:44,0
DA:45,0
DA:46,0
DA:47,0
DA:48,0
DA:49,0
DA:50,0
DA:51,0
DA:52,0
DA:53,0
DA:54,0
DA:55,0
DA:56,0
DA:57,0
DA:58,0
DA:59,0
DA:61,0
DA:62,0
DA:63,0
DA:64,0
DA:65,0
DA:67,0
DA:68,0
DA:69,0
DA:70,0
DA:72,0
DA:73,0
DA:74,0
DA:75,0
DA:76,0
DA:78,0
DA:79,0
DA:80,0
DA:81,0
DA:83,0
DA:100,0
DA:101,0
DA:102,0
DA:107,0
DA:108,0
DA:109,0
DA:110,0
DA:111,0
DA:112,0
DA:114,0
DA:115,0
DA:116,0
DA:117,0
DA:120,0
DA:123,0
DA:124,0
DA:125,0
DA:127,0
DA:128,0
DA:131,0
DA:132,0
DA:133,0
DA:134,0
DA:135,0
DA:136,0
DA:137,0
DA:138,0
DA:139,0
DA:141,0
LF:91
LH:0
BRDA:8,0,0,0
BRDA:13,1,0,0
BRDA:13,1,1,0
BRDA:16,2,0,0
BRDA:18,3,0,0
BRDA:18,3,1,0
BRDA:27,4,0,0
BRDA:27,4,1,0
BRDA:28,5,0,0
BRDA:28,5,1,0
BRDA:32,6,0,0
BRDA:32,6,1,0
BRDA:33,7,0,0
BRDA:33,7,1,0
BRDA:34,8,0,0
BRDA:34,8,1,0
BRDA:43,9,0,0
BRDA:43,9,1,0
BRDA:44,10,0,0
BRDA:44,10,1,0
BRDA:45,11,0,0
BRDA:45,11,1,0
BRDA:46,12,0,0
BRDA:46,12,1,0
BRDA:54,13,0,0
BRDA:54,13,1,0
BRDA:55,14,0,0
BRDA:55,14,1,0
BRDA:57,15,0,0
BRDA:57,15,1,0
BRDA:57,16,0,0
BRDA:57,16,1,0
BRDA:57,17,0,0
BRDA:57,17,1,0
BRDA:58,18,0,0
BRDA:58,18,1,0
BRDA:58,19,0,0
BRDA:58,19,1,0
BRDA:58,20,0,0
BRDA:58,20,1,0
BRDA:59,21,0,0
BRDA:59,21,1,0
BRDA:59,22,0,0
BRDA:59,22,1,0
BRDA:59,23,0,0
BRDA:59,23,1,0
BRDA:59,24,0,0
BRDA:59,24,1,0
BRDA:61,25,0,0
BRDA:61,25,1,0
BRDA:62,26,0,0
BRDA:62,26,1,0
BRDA:62,27,0,0
BRDA:62,27,1,0
BRDA:62,28,0,0
BRDA:62,28,1,0
BRDA:62,29,0,0
BRDA:62,29,1,0
BRDA:63,30,0,0
BRDA:63,30,1,0
BRDA:64,31,0,0
BRDA:64,31,1,0
BRDA:64,32,0,0
BRDA:64,32,1,0
BRDA:64,33,0,0
BRDA:64,33,1,0
BRDA:65,34,0,0
BRDA:65,34,1,0
BRDA:65,35,0,0
BRDA:65,35,1,0
BRDA:65,36,0,0
BRDA:65,36,1,0
BRDA:65,37,0,0
BRDA:65,37,1,0
BRDA:67,38,0,0
BRDA:67,38,1,0
BRDA:68,39,0,0
BRDA:68,39,1,0
BRDA:68,40,0,0
BRDA:68,40,1,0
BRDA:68,41,0,0
BRDA:68,41,1,0
BRDA:69,42,0,0
BRDA:69,42,1,0
BRDA:69,43,0,0
BRDA:69,43,1,0
BRDA:69,44,0,0
BRDA:69,44,1,0
BRDA:70,45,0,0
BRDA:70,45,1,0
BRDA:70,46,0,0
BRDA:70,46,1,0
BRDA:70,47,0,0
BRDA:70,47,1,0
BRDA:70,48,0,0
BRDA:70,48,1,0
BRDA:72,49,0,0
BRDA:72,49,1,0
BRDA:73,50,0,0
BRDA:73,50,1,0
BRDA:74,51,0,0
BRDA:74,51,1,0
BRDA:74,52,0,0
[...]
FNDA:0,closeForm
FNDA:0,saveTransaction
FNDA:0,loadMore
FNDA:0,(anonymous_17)
FNDA:0,deleteTransaction
FNDA:0,(anonymous_19)
FNDA:0,(anonymous_20)
FNDA:0,exportCSV
FNDA:0,csvField
FNDA:0,(anonymous_23)
FNDA:0,(anonymous_24)
FNDA:0,(anonymous_25)
FNDA:0,(anonymous_26)
FNDA:0,(anonymous_27)
FNDA:0,(anonymous_28)
FNDA:0,(anonymous_29)
FNDA:0,(anonymous_30)
FNDA:0,(anonymous_31)
FNDA:0,(anonymous_32)
FNDA:0,(anonymous_33)
FNDA:0,(anonymous_34)
FNDA:0,(anonymous_35)
FNDA:0,(anonymous_36)
FNDA:0,(anonymous_37)
FNDA:0,(anonymous_38)
FNDA:0,(anonymous_39)
FNDA:0,(anonymous_40)
FNDA:0,(anonymous_41)
FNDA:0,(anonymous_42)
FNDA:0,(anonymous_43)
FNDA:0,(anonymous_44)
FNDA:0,(anonymous_45)
DA:2,0
DA:3,0
DA:4,0
DA:5,0
DA:6,0
DA:7,0
DA:8,0
DA:11,0
DA:30,0
DA:46,0
DA:47,0
DA:48,0
DA:49,0
DA:50,0
DA:51,0
DA:52,0
DA:53,0
DA:54,0
DA:55,0
DA:56,0
DA:57,0
DA:58,0
DA:59,0
DA:60,0
DA:61,0
DA:62,0
DA:63,0
DA:64,0
DA:65,0
DA:66,0
DA:68,0
DA:69,0
DA:70,0
DA:73,0
DA:74,0
DA:75,0
DA:79,0
DA:81,0
DA:82,0
DA:83,0
DA:84,0
DA:86,0
DA:87,0
DA:88,0
DA:91,0
DA:95,0
DA:96,0
DA:97,0
DA:98,0
DA:99,0
DA:102,0
DA:103,0
DA:104,0
DA:105,0
DA:106,0
DA:107,0
DA:108,0
DA:110,0
DA:127,0
DA:128,0
DA:129,0
DA:130,0
DA:132,0
DA:135,0
DA:138,0
DA:139,0
DA:143,0
DA:147,0
DA:148,0
DA:162,0
DA:166,0
DA:167,0
DA:168,0
DA:172,0
DA:173,0
DA:174,0
DA:175,0
DA:176,0
DA:177,0
DA:178,0
DA:179,0
DA:180,0
DA:181,0
DA:190,0
DA:191,0
DA:193,0
DA:203,0
DA:204,0
DA:206,0
DA:207,0
DA:208,0
DA:209,0
DA:210,0
DA:214,0
DA:215,0
DA:216,0
DA:217,0
DA:218,0
DA:219,0
DA:220,0
DA:226,0
DA:227,0
DA:228,0
DA:229,0
DA:230,0
DA:234,0
DA:235,0
DA:236,0
DA:237,0
DA:238,0
DA:239,0
DA:240,0
DA:245,0
DA:246,0
DA:247,0
DA:249,0
DA:250,0
DA:252,0
DA:253,0
DA:254,0
DA:258,0
DA:259,0
DA:263,0
DA:269,0
DA:270,0
DA:271,0
DA:272,0
DA:273,0
DA:274,0
DA:275,0
DA:276,0
DA:279,0
DA:280,0
DA:282,0
DA:288,0
DA:289,0
DA:292,0
DA:293,0
DA:294,0
DA:295,0
DA:297,0
DA:299,0
DA:303,0
DA:304,0
DA:305,0
DA:306,0
DA:308,0
DA:309,0
DA:310,0
DA:311,0
DA:316,0
DA:317,0
DA:318,0
DA:319,0
DA:320,0
DA:321,0
DA:322,0
DA:323,0
DA:325,0
DA:328,0
LF:160
LH:0
BRDA:72,0,0,0
BRDA:73,1,0,0
BRDA:73,1,1,0
BRDA:73,2,0,0
BRDA:73,2,1,0
BRDA:73,2,2,0
BRDA:74,3,0,0
BRDA:74,3,1,0
BRDA:75,4,0,0
BRDA:75,4,1,0
BRDA:81,5,0,0
BRDA:81,5,1,0
BRDA:81,6,0,0
BRDA:81,6,1,0
BRDA:82,7,0,0
BRDA:82,7,1,0
BRDA:87,8,0,0
BRDA:87,8,1,0
BRDA:104,9,0,0
BRDA:104,9,1,0
BRDA:127,10,0,0
BRDA:127,10,1,0
BRDA:132,11,0,0
BRDA:132,11,1,0
BRDA:141,12,0,0
BRDA:141,12,1,0
BRDA:151,13,0,0
BRDA:151,13,1,0
BRDA:152,14,0,0
BRDA:152,14,1,0
BRDA:152,14,2,0
BRDA:153,15,0,0
BRDA:153,15,1,0
BRDA:154,16,0,0
BRDA:154,16,1,0
BRDA:155,17,0,0
BRDA:155,17,1,0
BRDA:157,18,0,0
BRDA:157,18,1,0
BRDA:158,19,0,0
BRDA:158,19,1,0
BRDA:159,20,0,0
BRDA:159,20,1,0
BRDA:160,21,0,0
BRDA:160,21,1,0
BRDA:173,22,0,0
BRDA:173,22,1,0
BRDA:173,23,0,0
BRDA:173,23,1,0
BRDA:174,24,0,0
BRDA:174,24,1,0
BRDA:174,25,0,0
BRDA:174,25,1,0
BRDA:175,26,0,0
BRDA:175,26,1,0
BRDA:179,27,0,0
BRDA:179,27,1,0
BRDA:180,28,0,0
BRDA:180,28,1,0
BRDA:190,29,0,0
BRDA:190,29,1,0
BRDA:201,30,0,0
BRDA:201,30,1,0
BRDA:203,31,0,0
BRDA:203,31,1,0
BRDA:204,32,0,0
BRDA:204,32,1,0
BRDA:215,33,0,0
BRDA:215,33,1,0
BRDA:215,34,0,0
BRDA:215,34,1,0
BRDA:215,34,2,0
BRDA:226,35,0,0
BRDA:226,35,1,0
BRDA:238,36,0,0
BRDA:238,36,1,0
BRDA:245,37,0,0
BRDA:245,37,1,0
BRDA:246,38,0,0
BRDA:246,38,1,0
BRDA:250,39,0,0
BRDA:250,39,1,0
BRDA:258,40,0,0
BRDA:258,40,1,0
BRDA:260,41,0,0
BRDA:260,41,1,0
BRDA:265,42,0,0
BRDA:265,42,1,0
BRDA:265,43,0,0
BRDA:265,43,1,0
BRDA:265,44,0,0
BRDA:265,44,1,0
BRDA:266,45,0,0
BRDA:266,45,1,0
BRDA:280,46,0,0
BRDA:280,46,1,0
BRDA:282,47,0,0
BRDA:282,47,1,0
BRDA:282,47,2,0
BRDA:289,48,0,0
BRDA:289,48,1,0
BRDA:294,49,0,0
BRDA:294,49,1,0
BRDA:299,50,0,0
BRDA:299,50,1,0
BRDA:306,51,0,0
BRDA:306,51,1,0
BRDA:306,52,0,0
BRDA:306,52,1,0
BRDA:309,53,0,0
BRDA:309,53,1,0
BRDA:309,54,0,0
BRDA:309,54,1,0
BRDA:319,55,0,0
BRDA:319,55,1,0
BRDA:322,56,0,0
BRDA:322,56,1,0
BRF:117
BRH:0
end_of_record
TN:
SF:lib\cache.ts
FN:8,clearUserCache
FN:11,(anonymous_4)
FN:15,clearCacheKey
FNF:3
FNH:0
FNDA:0,clearUserCache
FNDA:0,(anonymous_4)
FNDA:0,clearCacheKey
DA:6,0
DA:8,0
DA:9,0
DA:10,0
DA:11,0
DA:15,0
DA:16,0
DA:17,0
DA:18,0
LF:9
LH:0
BRDA:9,0,0,0
BRDA:9,0,1,0
BRDA:16,1,0,0
BRDA:16,1,1,0
BRF:4
BRH:0
end_of_record
TN:
SF:lib\cron-auth.ts
FN:14,verifyCronAuth
FNF:1
FNH:0
FNDA:0,verifyCronAuth
DA:1,0
DA:14,0
DA:15,0
DA:16,0
DA:18,0
DA:23,0
DA:24,0
DA:26,0
DA:28,0
DA:29,0
DA:30,0
DA:32,0
DA:33,0
DA:35,0
LF:14
LH:0
BRDA:16,0,0,0
BRDA:16,0,1,0
BRDA:24,1,0,0
BRDA:24,1,1,0
BRDA:32,2,0,0
BRDA:32,2,1,0
BRF:6
BRH:0
end_of_record
TN:
SF:lib\currencies.ts
FN:57,(anonymous_5)
FN:58,(anonymous_6)
FN:59,(anonymous_7)
FN:63,(anonymous_8)
FN:66,getCurrencyDecimals
FNF:5
FNH:0
FNDA:0,(anonymous_5)
FNDA:0,(anonymous_6)
FNDA:0,(anonymous_7)
FNDA:0,(anonymous_8)
FNDA:0,getCurrencyDecimals
DA:15,0
DA:56,0
DA:57,0
DA:58,0
DA:59,0
DA:62,0
DA:63,0
DA:66,0
DA:67,0
LF:9
LH:0
BRDA:67,0,0,0
BRDA:67,0,1,0
BRF:2
BRH:0
end_of_record
TN:
SF:lib\currency.ts
FN:13,fetchExchangeRate
FN:25,formatAmount
FNF:2
FNH:0
FNDA:0,fetchExchangeRate
FNDA:0,formatAmount
DA:3,0
DA:13,0
DA:14,0
DA:15,0
DA:16,0
DA:17,0
DA:18,0
DA:20,0
DA:21,0
DA:25,0
DA:26,0
DA:27,0
LF:12
LH:0
BRDA:16,0,0,0
BRDA:16,0,1,0
BRF:2
BRH:0
end_of_record
TN:
SF:lib\daily-lessons.ts
FN:653,getLessonForStage
FN:740,determineStage
FNF:2
FNH:0
FNDA:0,getLessonForStage
FNDA:0,determineStage
DA:23,0
DA:87,0
DA:151,0
DA:215,0
DA:279,0
DA:343,0
DA:407,0
DA:471,0
DA:523,0
DA:587,0
DA:653,0
DA:666,0
DA:667,0
DA:668,0
DA:669,0
DA:670,0
DA:675,0
DA:676,0
DA:677,0
DA:681,0
DA:682,0
DA:683,0
DA:684,0
DA:688,0
DA:689,0
DA:690,0
DA:691,0
DA:695,0
DA:696,0
DA:697,0
DA:698,0
DA:702,0
DA:703,0
DA:705,0
DA:706,0
DA:710,0
DA:711,0
DA:712,0
DA:713,0
DA:715,0
DA:716,0
DA:717,0
DA:719,0
DA:720,0
DA:721,0
DA:725,0
DA:732,0
DA:733,0
DA:734,0
DA:740,0
DA:747,0
DA:748,0
DA:749,0
DA:750,0
DA:751,0
DA:752,0
DA:756,0
DA:834,0
DA:934,0
DA:1013,0
LF:60
LH:0
BRDA:656,0,0,0
BRDA:666,1,0,0
BRDA:666,1,1,0
BRDA:667,2,0,0
BRDA:667,2,1,0
BRDA:668,3,0,0
BRDA:668,3,1,0
BRDA:669,4,0,0
BRDA:669,4,1,0
BRDA:670,5,0,0
BRDA:670,5,1,0
BRDA:670,6,0,0
BRDA:670,6,1,0
BRDA:675,7,0,0
BRDA:675,7,1,0
BRDA:675,8,0,0
BRDA:675,8,1,0
BRDA:675,8,2,0
BRDA:677,9,0,0
BRDA:677,9,1,0
BRDA:681,10,0,0
BRDA:681,10,1,0
BRDA:681,11,0,0
BRDA:681,11,1,0
BRDA:688,12,0,0
BRDA:688,12,1,0
BRDA:688,13,0,0
BRDA:688,13,1,0
BRDA:688,13,2,0
BRDA:695,14,0,0
BRDA:695,14,1,0
BRDA:695,15,0,0
BRDA:695,15,1,0
BRDA:695,15,2,0
BRDA:702,16,0,0
BRDA:702,16,1,0
BRDA:702,17,0,0
BRDA:702,17,1,0
BRDA:703,18,0,0
BRDA:703,18,1,0
BRDA:704,19,0,0
BRDA:704,19,1,0
BRDA:710,20,0,0
BRDA:710,20,1,0
BRDA:711,21,0,0
BRDA:711,21,1,0
BRDA:713,22,0,0
BRDA:713,22,1,0
BRDA:715,23,0,0
BRDA:715,23,1,0
BRDA:715,24,0,0
BRDA:715,24,1,0
BRDA:717,25,0,0
BRDA:717,25,1,0
BRDA:748,26,0,0
BRDA:748,26,1,0
BRDA:749,27,0,0
BRDA:749,27,1,0
BRDA:750,28,0,0
BRDA:750,28,1,0
BRDA:751,29,0,0
BRDA:751,29,1,0
BRF:62
BRH:0
end_of_record
TN:
SF:lib\detectCurrency.ts
FN:117,detectCurrency
FNF:1
FNH:0
FNDA:0,detectCurrency
DA:10,0
DA:73,0
DA:117,0
DA:119,0
DA:120,0
DA:121,0
DA:122,0
DA:126,0
DA:127,0
DA:128,0
DA:129,0
DA:130,0
DA:131,0
DA:136,0
DA:137,0
LF:15
LH:0
BRDA:122,0,0,0
BRDA:122,0,1,0
BRDA:127,1,0,0
BRDA:127,1,1,0
BRDA:129,2,0,0
BRDA:129,2,1,0
BRDA:131,3,0,0
BRDA:131,3,1,0
BRDA:136,4,0,0
BRDA:136,4,1,0
BRDA:137,5,0,0
BRDA:137,5,1,0
BRF:12
BRH:0
end_of_record
TN:
SF:lib\firebase.ts
FN:15,getFCMToken
FNF:1
FNH:0
FNDA:0,getFCMToken
DA:1,0
DA:2,0
DA:4,0
DA:13,0
DA:15,0
DA:16,0
DA:17,0
DA:18,0
DA:19,0
DA:23,0
DA:25,0
DA:26,0
DA:30,0
LF:13
LH:0
BRDA:13,0,0,0
BRDA:13,0,1,0
BRDA:17,1,0,0
BRDA:17,1,1,0
BRF:4
BRH:0
end_of_record
TN:
SF:lib\haptic.ts
FN:3,haptic
FN:9,hapticImpact
FNF:2
FNH:0
FNDA:0,haptic
FNDA:0,hapticImpact
DA:3,0
DA:4,0
DA:5,0
DA:9,0
DA:10,0
DA:15,0
LF:6
LH:0
BRDA:3,0,0,0
BRDA:4,1,0,0
BRDA:4,1,1,0
BRDA:4,2,0,0
BRDA:4,2,1,0
BRF:5
BRH:0
end_of_record
TN:
SF:lib\i18n-server.ts
FN:5,getServerLang
FN:23,getTranslation
FN:27,getServerTranslation
FN:32,(anonymous_7)
FN:35,(anonymous_8)
FNF:5
FNH:0
FNDA:0,getServerLang
FNDA:0,getTranslation
FNDA:0,getServerTranslation
FNDA:0,(anonymous_7)
FNDA:0,(anonymous_8)
DA:1,0
DA:2,0
DA:3,0
DA:5,0
DA:6,0
DA:7,0
DA:9,0
DA:10,0
DA:13,0
DA:14,0
DA:16,0
DA:17,0
DA:23,0
DA:24,0
DA:27,0
DA:28,0
DA:29,0
DA:31,0
DA:33,0
DA:34,0
DA:35,0
DA:36,0
DA:39,0
LF:23
LH:0
BRDA:9,0,0,0
BRDA:9,0,1,0
BRDA:9,1,0,0
BRDA:9,1,1,0
BRDA:14,2,0,0
BRDA:14,2,1,0
BRDA:16,3,0,0
BRDA:16,3,1,0
BRDA:24,4,0,0
BRDA:24,4,1,0
BRDA:33,5,0,0
BRDA:33,5,1,0
BRDA:33,5,2,0
BRDA:34,6,0,0
BRDA:34,6,1,0
BRF:15
BRH:0
end_of_record
TN:
SF:lib\i18n.tsx
FN:43,(anonymous_3)
FN:44,(anonymous_4)
FN:45,(anonymous_5)
FN:49,I18nProvider
FN:53,(anonymous_7)
FN:65,(anonymous_8)
FN:70,(anonymous_9)
FN:81,(anonymous_10)
FN:84,(anonymous_11)
FN:91,(anonymous_12)
FN:103,useI18n
FNF:11
FNH:8
FNDA:0,(anonymous_3)
FNDA:0,(anonymous_4)
FNDA:0,(anonymous_5)
FNDA:11,I18nProvider
FNDA:5,(anonymous_7)
FNDA:10,(anonymous_8)
FNDA:3,(anonymous_9)
FNDA:10,(anonymous_10)
FNDA:2,(anonymous_11)
FNDA:2,(anonymous_12)
FNDA:12,useI18n
DA:2,1
DA:3,1
DA:4,1
DA:9,1
DA:20,1
DA:40,1
DA:44,0
DA:45,0
DA:49,5
DA:50,11
DA:51,11
DA:53,11
DA:54,5
DA:55,5
DA:56,3
DA:59,2
DA:60,2
DA:62,5
DA:65,11
DA:66,10
DA:67,10
DA:70,11
DA:71,3
DA:72,1
DA:73,1
DA:74,1
DA:76,2
DA:77,2
DA:81,11
DA:82,10
DA:83,10
DA:84,2
DA:85,2
DA:88,10
DA:91,11
DA:92,2
DA:93,2
DA:103,12
DA:104,12
LF:39
LH:37
BRDA:55,0,0,3
BRDA:55,0,1,2
BRDA:55,1,0,5
BRDA:55,1,1,2
BRDA:60,2,0,2
BRDA:60,2,1,0
BRDA:67,3,0,5
BRDA:67,3,1,5
BRDA:71,4,0,1
BRDA:71,4,1,2
BRDA:74,5,0,1
BRDA:74,5,1,0
BRDA:82,6,0,10
BRDA:82,6,1,0
BRDA:82,6,2,0
BRDA:83,7,0,2
BRDA:83,7,1,8
BRDA:92,8,0,2
BRDA:92,8,1,0
BRF:19
BRH:14
end_of_record
TN:
SF:lib\push-send.ts
FN:4,getSupabase
FN:29,toCategory
FN:42,sendPushToUser
FNF:3
FNH:0
FNDA:0,getSupabase
FNDA:0,toCategory
FNDA:0,sendPushToUser
DA:1,0
DA:3,0
DA:5,0
DA:6,0
DA:9,0
DA:30,0
DA:42,0
DA:51,0
DA:54,0
DA:57,0
DA:66,0
DA:68,0
DA:69,0
DA:72,0
LF:14
LH:0
BRDA:5,0,0,0
BRDA:5,0,1,0
BRDA:30,1,0,0
BRDA:30,1,1,0
BRDA:46,2,0,0
BRDA:47,3,0,0
BRDA:51,4,0,0
BRDA:51,4,1,0
BRDA:54,5,0,0
BRDA:54,5,1,0
BRDA:66,6,0,0
BRDA:66,6,1,0
BRF:12
BRH:0
end_of_record
TN:
SF:lib\rate-limit.ts
FN:23,(anonymous_1)
FN:48,rateLimit
FNF:2
FNH:0
FNDA:0,(anonymous_1)
FNDA:0,rateLimit
DA:19,0
DA:22,0
DA:23,0
DA:24,0
DA:25,0
DA:26,0
DA:48,0
DA:52,0
DA:55,0
DA:56,0
DA:57,0
DA:59,0
DA:60,0
DA:63,0
DA:64,0
DA:65,0
DA:67,0
DA:68,0
DA:71,0
DA:72,0
DA:74,0
LF:21
LH:0
BRDA:22,0,0,0
BRDA:22,0,1,0
BRDA:26,1,0,0
BRDA:26,1,1,0
BRDA:50,2,0,0
BRDA:52,3,0,0
BRDA:52,4,0,0
BRDA:52,5,0,0
BRDA:56,6,0,0
BRDA:56,6,1,0
BRDA:63,7,0,0
BRDA:63,7,1,0
BRDA:63,8,0,0
BRDA:63,8,1,0
BRDA:82,9,0,0
BRDA:82,9,1,0
BRF:16
BRH:0
end_of_record
TN:
SF:lib\theme-context.tsx
FN:11,(anonymous_3)
FN:13,ThemeProvider
FN:17,(anonymous_5)
FN:21,(anonymous_6)
FN:25,(anonymous_7)
FN:38,(anonymous_8)
FN:46,(anonymous_9)
FN:49,setTheme
FN:67,useTheme
FNF:9
FNH:0
FNDA:0,(anonymous_3)
FNDA:0,ThemeProvider
FNDA:0,(anonymous_5)
FNDA:0,(anonymous_6)
FNDA:0,(anonymous_7)
FNDA:0,(anonymous_8)
FNDA:0,(anonymous_9)
FNDA:0,setTheme
FNDA:0,useTheme
DA:2,0
DA:11,0
DA:13,0
DA:14,0
DA:17,0
DA:18,0
DA:21,0
DA:22,0
DA:25,0
DA:26,0
DA:27,0
DA:28,0
DA:30,0
DA:31,0
DA:33,0
DA:37,0
DA:38,0
DA:39,0
DA:40,0
DA:41,0
DA:45,0
DA:46,0
DA:50,0
DA:51,0
DA:53,0
DA:54,0
DA:56,0
DA:67,0
DA:68,0
LF:29
LH:0
BRDA:22,0,0,0
BRDA:22,0,1,0
BRDA:27,1,0,0
BRDA:27,1,1,0
BRDA:30,2,0,0
BRDA:30,2,1,0
BRDA:40,3,0,0
BRDA:40,3,1,0
BRDA:40,4,0,0
BRDA:40,4,1,0
BRDA:41,5,0,0
BRDA:41,5,1,0
BRDA:53,6,0,0
BRDA:53,6,1,0
BRF:14
BRH:0
end_of_record
TN:
SF:lib\use-cached-data.ts
FN:12,useCachedData
FN:23,(anonymous_4)
FN:51,(anonymous_5)
FN:58,(anonymous_6)
FN:59,(anonymous_7)
FN:69,clearAllCache
FNF:6
FNH:0
FNDA:0,useCachedData
FNDA:0,(anonymous_4)
FNDA:0,(anonymous_5)
FNDA:0,(anonymous_6)
FNDA:0,(anonymous_7)
FNDA:0,clearAllCache
DA:2,0
DA:9,0
DA:10,0
DA:12,0
DA:17,0
DA:18,0
DA:19,0
DA:20,0
DA:21,0
DA:23,0
DA:24,0
DA:25,0
DA:28,0
DA:29,0
DA:30,0
DA:31,0
DA:35,0
DA:36,0
DA:37,0
DA:38,0
DA:41,0
DA:42,0
DA:43,0
DA:44,0
DA:46,0
DA:47,0
DA:51,0
DA:52,0
DA:53,0
DA:54,0
DA:58,0
DA:59,0
DA:60,0
DA:61,0
DA:62,0
DA:65,0
DA:69,0
DA:70,0
LF:38
LH:0
BRDA:15,0,0,0
BRDA:18,1,0,0
BRDA:18,1,1,0
BRDA:23,2,0,0
BRDA:28,3,0,0
BRDA:28,3,1,0
BRDA:28,4,0,0
BRDA:28,4,1,0
BRDA:28,4,2,0
BRDA:35,5,0,0
BRDA:35,5,1,0
BRDA:35,6,0,0
BRDA:35,6,1,0
BRDA:52,7,0,0
BRDA:52,7,1,0
BRF:15
BRH:0
end_of_record
TN:
SF:lib\use-count-up.ts
FN:4,useCountUp
FN:9,(anonymous_2)
FN:13,animate
FN:23,(anonymous_4)
FNF:4
FNH:0
FNDA:0,useCountUp
FNDA:0,(anonymous_2)
FNDA:0,animate
FNDA:0,(anonymous_4)
DA:2,0
DA:4,0
DA:5,0
DA:6,0
DA:7,0
DA:9,0
DA:10,0
DA:11,0
DA:14,0
DA:15,0
DA:16,0
DA:17,0
DA:18,0
DA:19,0
DA:22,0
DA:23,0
DA:26,0
LF:17
LH:0
BRDA:4,0,0,0
BRDA:10,1,0,0
BRDA:10,1,1,0
BRDA:14,2,0,0
BRDA:14,2,1,0
BRDA:18,3,0,0
BRDA:18,3,1,0
BRDA:23,4,0,0
BRDA:23,4,1,0
BRF:9
BRH:0
end_of_record
TN:
SF:lib\use-pull-to-refresh.ts
FN:4,usePullToRefresh
FN:9,(anonymous_2)
FN:13,(anonymous_3)
FN:17,(anonymous_4)
FN:29,(anonymous_5)
FNF:5
FNH:0
FNDA:0,usePullToRefresh
FNDA:0,(anonymous_2)
FNDA:0,(anonymous_3)
FNDA:0,(anonymous_4)
FNDA:0,(anonymous_5)
DA:2,0
DA:4,0
DA:5,0
DA:6,0
DA:7,0
DA:9,0
DA:10,0
DA:11,0
DA:13,0
DA:14,0
DA:17,0
DA:18,0
DA:19,0
DA:20,0
DA:21,0
DA:22,0
DA:24,0
DA:27,0
DA:28,0
DA:29,0
DA:30,0
DA:31,0
DA:35,0
LF:23
LH:0
BRDA:11,0,0,0
BRDA:11,0,1,0
BRDA:14,1,0,0
BRDA:14,1,1,0
BRDA:19,2,0,0
BRDA:19,2,1,0
BRDA:19,3,0,0
BRDA:19,3,1,0
BRDA:19,3,2,0
BRF:9
BRH:0
end_of_record
TN:
SF:lib\use-push.ts
FN:5,usePush
FN:11,(anonymous_5)
FN:16,checkSubscription
FN:25,subscribe
FN:41,(anonymous_8)
FN:91,unsubscribe
FN:118,urlBase64ToUint8Array
FN:122,(anonymous_11)
FNF:8
FNH:0
FNDA:0,usePush
FNDA:0,(anonymous_5)
FNDA:0,checkSubscription
FNDA:0,subscribe
FNDA:0,(anonymous_8)
FNDA:0,unsubscribe
FNDA:0,urlBase64ToUint8Array
FNDA:0,(anonymous_11)
DA:2,0
DA:3,0
DA:5,0
DA:6,0
DA:7,0
DA:8,0
DA:9,0
DA:11,0
DA:12,0
DA:13,0
DA:17,0
DA:18,0
DA:19,0
DA:20,0
DA:21,0
DA:26,0
DA:27,0
DA:28,0
DA:29,0
DA:30,0
DA:31,0
DA:34,0
DA:35,0
DA:38,0
DA:39,0
DA:40,0
DA:41,0
DA:42,0
DA:43,0
DA:44,0
DA:52,0
DA:53,0
DA:54,0
DA:57,0
DA:62,0
DA:63,0
DA:65,0
DA:72,0
DA:73,0
DA:82,0
DA:83,0
DA:84,0
DA:86,0
DA:87,0
DA:92,0
DA:93,0
DA:94,0
DA:95,0
DA:96,0
DA:97,0
DA:98,0
DA:99,0
DA:108,0
DA:110,0
DA:112,0
DA:115,0
DA:119,0
DA:120,0
DA:121,0
DA:122,0
LF:60
LH:0
BRDA:12,0,0,0
BRDA:12,0,1,0
BRDA:17,1,0,0
BRDA:17,1,1,0
BRDA:29,2,0,0
BRDA:29,2,1,0
BRDA:35,3,0,0
BRDA:35,3,1,0
BRDA:39,4,0,0
BRDA:39,4,1,0
BRDA:43,5,0,0
BRDA:43,5,1,0
BRDA:96,6,0,0
BRDA:96,6,1,0
BRDA:98,7,0,0
BRDA:98,7,1,0
BRF:16
BRH:0
end_of_record
TN:
SF:lib\use-swipe-delete.ts
FN:4,useSwipeToDelete
FN:9,(anonymous_2)
FN:13,(anonymous_3)
FN:18,(anonymous_4)
FN:27,(anonymous_5)
FNF:5
FNH:0
FNDA:0,useSwipeToDelete
FNDA:0,(anonymous_2)
FNDA:0,(anonymous_3)
FNDA:0,(anonymous_4)
FNDA:0,(anonymous_5)
DA:2,0
DA:4,0
DA:5,0
DA:6,0
DA:7,0
DA:9,0
DA:10,0
DA:13,0
DA:14,0
DA:15,0
DA:18,0
DA:19,0
DA:20,0
DA:22,0
DA:23,0
DA:27,0
DA:29,0
DA:31,0
LF:18
LH:0
BRDA:4,0,0,0
BRDA:15,1,0,0
BRDA:15,1,1,0
BRDA:19,2,0,0
BRDA:19,2,1,0
BRF:5
BRH:0
end_of_record
TN:
SF:lib\user-context.tsx
FN:15,UserProvider
FN:21,(anonymous_4)
FN:22,fetchProfile
FN:27,load
FN:37,(anonymous_7)
FN:46,(anonymous_8)
FN:56,useUser
FNF:7
FNH:0
FNDA:0,UserProvider
FNDA:0,(anonymous_4)
FNDA:0,fetchProfile
FNDA:0,load
FNDA:0,(anonymous_7)
FNDA:0,(anonymous_8)
FNDA:0,useUser
DA:2,0
DA:3,0
DA:13,0
DA:15,0
DA:16,0
DA:17,0
DA:18,0
DA:19,0
DA:21,0
DA:23,0
DA:24,0
DA:28,0
DA:29,0
DA:30,0
DA:31,0
DA:33,0
DA:35,0
DA:37,0
DA:38,0
DA:39,0
DA:40,0
DA:41,0
DA:43,0
DA:46,0
DA:56,0
DA:57,0
LF:26
LH:0
BRDA:30,0,0,0
BRDA:30,0,1,0
BRDA:38,1,0,0
BRDA:38,1,1,0
BRDA:40,2,0,0
BRDA:40,2,1,0
BRF:6
BRH:0
end_of_record
TN:
SF:lib\locales\ar.ts
FNF:0
FNH:0
DA:1,1
LF:1
LH:1
BRF:0
BRH:0
end_of_record
TN:
SF:lib\locales\en.ts
FNF:0
FNH:0
DA:1,1
LF:1
LH:1
BRF:0
BRH:0
end_of_record
TN:
SF:lib\locales\ar\alerts.ts
FNF:0
FNH:0
DA:1,1
LF:1
LH:1
BRF:0
BRH:0
end_of_record
TN:
SF:lib\locales\ar\auth.ts
FNF:0
FNH:0
DA:1,1
LF:1
LH:1
BRF:0
BRH:0
end_of_record
TN:
SF:lib\locales\ar\budgets.ts
FNF:0
FNH:0
DA:1,1
LF:1
LH:1
BRF:0
BRH:0
end_of_record
TN:
SF:lib\locales\ar\common.ts
FNF:0
FNH:0
DA:1,1
LF:1
LH:1
BRF:0
BRH:0
end_of_record
TN:
SF:lib\locales\ar\dashboard.ts
FNF:0
FNH:0
DA:1,1
LF:1
LH:1
BRF:0
BRH:0
end_of_record
TN:
SF:lib\locales\ar\debts.ts
FNF:0
FNH:0
DA:1,1
LF:1
LH:1
BRF:0
BRH:0
end_of_record
TN:
SF:lib\locales\ar\download.ts
FNF:0
FNH:0
DA:1,1
LF:1
LH:1
BRF:0
BRH:0
end_of_record
TN:
SF:lib\locales\ar\fire.ts
FNF:0
FNH:0
DA:1,1
LF:1
LH:1
BRF:0
BRH:0
end_of_record
TN:
SF:lib\locales\ar\goals.ts
FNF:0
FNH:0
DA:1,1
LF:1
LH:1
BRF:0
BRH:0
end_of_record
TN:
SF:lib\locales\ar\help.ts
FNF:0
FNH:0
DA:1,1
LF:1
LH:1
BRF:0
BRH:0
end_of_record
TN:
SF:lib\locales\ar\index.ts
FNF:0
FNH:0
DA:1,1
DA:2,1
DA:3,1
DA:4,1
DA:5,1
DA:6,1
DA:7,1
DA:8,1
DA:9,1
DA:10,1
DA:11,1
DA:12,1
DA:13,1
DA:14,1
DA:15,1
DA:16,1
DA:17,1
DA:19,1
LF:18
LH:18
BRF:0
BRH:0
end_of_record
TN:
SF:lib\locales\ar\investments.ts
FNF:0
FNH:0
DA:1,1
LF:1
LH:1
BRF:0
BRH:0
end_of_record
TN:
SF:lib\locales\ar\landing.ts
FNF:0
FNH:0
DA:1,1
LF:1
LH:1
BRF:0
BRH:0
end_of_record
TN:
SF:lib\locales\ar\learn.ts
FNF:0
FNH:0
DA:1,1
LF:1
LH:1
BRF:0
BRH:0
end_of_record
TN:
SF:lib\locales\ar\policies.ts
FNF:0
FNH:0
DA:1,1
LF:1
LH:1
BRF:0
BRH:0
end_of_record
TN:
SF:lib\locales\ar\settings.ts
FNF:0
FNH:0
DA:1,1
LF:1
LH:1
BRF:0
BRH:0
end_of_record
TN:
SF:lib\locales\ar\transactions.ts
FNF:0
FNH:0
DA:1,1
LF:1
LH:1
BRF:0
BRH:0
end_of_record
TN:
SF:lib\locales\ar\zakat.ts
FNF:0
FNH:0
DA:1,1
LF:1
LH:1
BRF:0
BRH:0
end_of_record
TN:
SF:lib\locales\en\alerts.ts
FNF:0
FNH:0
DA:1,1
LF:1
LH:1
BRF:0
BRH:0
end_of_record
TN:
SF:lib\locales\en\auth.ts
FNF:0
FNH:0
DA:1,1
LF:1
LH:1
BRF:0
BRH:0
end_of_record
TN:
SF:lib\locales\en\budgets.ts
FNF:0
FNH:0
DA:1,1
LF:1
LH:1
BRF:0
BRH:0
end_of_record
TN:
SF:lib\locales\en\common.ts
FNF:0
FNH:0
DA:1,1
LF:1
LH:1
BRF:0
BRH:0
end_of_record
TN:
SF:lib\locales\en\dashboard.ts
FNF:0
FNH:0
DA:1,1
LF:1
LH:1
BRF:0
BRH:0
end_of_record
TN:
SF:lib\locales\en\debts.ts
FNF:0
FNH:0
DA:1,1
LF:1
LH:1
BRF:0
BRH:0
end_of_record
TN:
SF:lib\locales\en\download.ts
FNF:0
FNH:0
DA:1,1
LF:1
LH:1
BRF:0
BRH:0
end_of_record
TN:
SF:lib\locales\en\fire.ts
FNF:0
FNH:0
DA:1,1
LF:1
LH:1
BRF:0
BRH:0
end_of_record
TN:
SF:lib\locales\en\goals.ts
FNF:0
FNH:0
DA:1,1
LF:1
LH:1
BRF:0
BRH:0
end_of_record
TN:
SF:lib\locales\en\help.ts
FNF:0
FNH:0
DA:1,1
LF:1
LH:1
BRF:0
BRH:0
end_of_record
TN:
SF:lib\locales\en\index.ts
FNF:0
FNH:0
DA:1,1
DA:2,1
DA:3,1
DA:4,1
DA:5,1
DA:6,1
DA:7,1
DA:8,1
DA:9,1
DA:10,1
DA:11,1
DA:12,1
DA:13,1
DA:14,1
DA:15,1
DA:16,1
DA:17,1
DA:19,1
LF:18
LH:18
BRF:0
BRH:0
end_of_record
TN:
SF:lib\locales\en\investments.ts
FNF:0
FNH:0
DA:1,1
LF:1
LH:1
BRF:0
BRH:0
end_of_record
TN:
SF:lib\locales\en\landing.ts
FNF:0
FNH:0
DA:1,1
LF:1
LH:1
BRF:0
BRH:0
end_of_record
TN:
SF:lib\locales\en\learn.ts
FNF:0
FNH:0
DA:1,1
LF:1
LH:1
BRF:0
BRH:0
end_of_record
TN:
SF:lib\locales\en\policies.ts
FNF:0
FNH:0
DA:1,1
LF:1
LH:1
BRF:0
BRH:0
end_of_record
TN:
SF:lib\locales\en\settings.ts
FNF:0
FNH:0
DA:1,1
LF:1
LH:1
BRF:0
BRH:0
end_of_record
TN:
SF:lib\locales\en\transactions.ts
FNF:0
FNH:0
DA:1,1
LF:1
LH:1
BRF:0
BRH:0
end_of_record
TN:
SF:lib\locales\en\zakat.ts
FNF:0
FNH:0
DA:1,1
LF:1
LH:1
BRF:0
BRH:0
end_of_record
TN:
SF:lib\supabase\admin.ts
FN:15,createAdminClient
FNF:1
FNH:0
FNDA:0,createAdminClient
DA:8,0
DA:15,0
DA:16,0
DA:17,0
DA:19,0
DA:20,0
DA:26,0
LF:7
LH:0
BRDA:19,0,0,0
BRDA:19,0,1,0
BRDA:19,1,0,0
BRDA:19,1,1,0
BRF:4
BRH:0
end_of_record
TN:
SF:lib\supabase\client.ts
FN:4,createClient
FNF:1
FNH:0
FNDA:0,createClient
DA:2,0
DA:4,0
DA:5,0
LF:3
LH:0
BRF:0
BRH:0
end_of_record
TN:
SF:lib\supabase\server.ts
FN:10,createClient
FN:17,(anonymous_2)
FN:18,(anonymous_3)
FN:20,(anonymous_4)
FNF:4
FNH:0
FNDA:0,createClient
FNDA:0,(anonymous_2)
FNDA:0,(anonymous_3)
FNDA:0,(anonymous_4)
DA:1,0
DA:2,0
DA:10,0
DA:11,0
DA:12,0
DA:17,0
DA:19,0
DA:20,0
DA:21,0
LF:9
LH:0
BRF:0
BRH:0
end_of_record
TN:
SF:types\index.ts
FNF:0
FNH:0
DA:211,0
DA:224,0
LF:2
LH:0
BRF:0
BRH:0
end_of_record
