TN:
SF:hooks\useAccounts.ts
FN:5,useAccounts
FN:8,(anonymous_2)
FN:10,fetchAccounts
FN:28,(anonymous_4)
FN:29,(anonymous_5)
FN:29,(anonymous_6)
FN:30,(anonymous_7)
FN:30,(anonymous_8)
FN:31,(anonymous_9)
FN:31,(anonymous_10)
FN:32,(anonymous_11)
FN:32,(anonymous_12)
FN:40,(anonymous_13)
FN:42,createAccount
FN:48,updateAccount
FN:53,deleteAccount
FN:58,transferBetween
FN:78,(anonymous_18)
FNF:18
FNH:0
FNDA:0,useAccounts
FNDA:0,(anonymous_2)
FNDA:0,fetchAccounts
FNDA:0,(anonymous_4)
FNDA:0,(anonymous_5)
FNDA:0,(anonymous_6)
FNDA:0,(anonymous_7)
FNDA:0,(anonymous_8)
FNDA:0,(anonymous_9)
FNDA:0,(anonymous_10)
FNDA:0,(anonymous_11)
FNDA:0,(anonymous_12)
FNDA:0,(anonymous_13)
FNDA:0,createAccount
FNDA:0,updateAccount
FNDA:0,deleteAccount
FNDA:0,transferBetween
FNDA:0,(anonymous_18)
DA:1,0
DA:2,0
DA:5,0
DA:6,0
DA:7,0
DA:8,0
DA:11,0
DA:12,0
DA:20,0
DA:23,0
DA:28,0
DA:29,0
DA:30,0
DA:31,0
DA:32,0
DA:33,0
DA:36,0
DA:37,0
DA:40,0
DA:43,0
DA:44,0
DA:45,0
DA:49,0
DA:50,0
DA:54,0
DA:55,0
DA:59,0
DA:60,0
DA:61,0
DA:75,0
DA:78,0
DA:80,0
LF:32
LH:0
BRDA:11,0,0,0
BRDA:11,0,1,0
BRDA:20,1,0,0
BRDA:20,1,1,0
BRDA:29,2,0,0
BRDA:29,2,1,0
BRDA:29,3,0,0
BRDA:29,3,1,0
BRDA:30,4,0,0
BRDA:30,4,1,0
BRDA:30,5,0,0
BRDA:30,5,1,0
BRDA:31,6,0,0
BRDA:31,6,1,0
BRDA:31,7,0,0
BRDA:31,7,1,0
BRDA:32,8,0,0
BRDA:32,8,1,0
BRDA:32,9,0,0
BRDA:32,9,1,0
BRDA:43,10,0,0
BRDA:43,10,1,0
BRDA:59,11,0,0
BRDA:59,11,1,0
BRDA:67,12,0,0
BRDA:67,12,1,0
BRDA:78,13,0,0
BRDA:78,13,1,0
BRF:28
BRH:0
end_of_record
TN:
SF:hooks\useFinancialSummary.ts
FN:12,useFinancialSummary
FN:16,(anonymous_2)
FN:18,(anonymous_3)
FN:20,load
FN:35,(anonymous_5)
FN:35,(anonymous_6)
FN:36,(anonymous_7)
FN:36,(anonymous_8)
FN:37,(anonymous_9)
FNF:9
FNH:0
FNDA:0,useFinancialSummary
FNDA:0,(anonymous_2)
FNDA:0,(anonymous_3)
FNDA:0,load
FNDA:0,(anonymous_5)
FNDA:0,(anonymous_6)
FNDA:0,(anonymous_7)
FNDA:0,(anonymous_8)
FNDA:0,(anonymous_9)
DA:1,0
DA:2,0
DA:12,0
DA:13,0
DA:16,0
DA:18,0
DA:19,0
DA:21,0
DA:22,0
DA:23,0
DA:25,0
DA:35,0
DA:36,0
DA:37,0
DA:38,0
DA:40,0
DA:42,0
DA:45,0
LF:18
LH:0
BRDA:19,0,0,0
BRDA:19,0,1,0
BRDA:35,1,0,0
BRDA:35,1,1,0
BRDA:36,2,0,0
BRDA:36,2,1,0
BRDA:37,3,0,0
BRDA:37,3,1,0
BRF:8
BRH:0
end_of_record
TN:
SF:hooks\useTransactions.ts
FN:46,useTransactions
FN:68,(anonymous_2)
FN:70,parseNumber
FN:77,(anonymous_4)
FN:78,getRate
FN:81,(anonymous_6)
FN:86,(anonymous_7)
FN:93,(anonymous_8)
FN:97,(anonymous_9)
FN:100,(anonymous_10)
FN:133,(anonymous_11)
FN:135,openAdd
FN:144,startEdit
FN:163,closeForm
FN:169,saveTransaction
FN:211,loadMore
FN:225,(anonymous_17)
FN:231,deleteTransaction
FN:235,(anonymous_19)
FN:235,(anonymous_20)
FN:241,exportCSV
FN:242,csvField
FN:261,(anonymous_23)
FN:267,(anonymous_24)
FN:277,(anonymous_25)
FN:279,(anonymous_26)
FN:286,(anonymous_27)
FN:286,(anonymous_28)
FN:289,(anonymous_29)
FN:289,(anonymous_30)
FN:289,(anonymous_31)
FN:290,(anonymous_32)
FN:290,(anonymous_33)
FN:290,(anonymous_34)
FN:291,(anonymous_35)
FN:291,(anonymous_36)
FN:291,(anonymous_37)
FN:292,(anonymous_38)
FN:293,(anonymous_39)
FNF:39
FNH:0
FNDA:0,useTransactions
FNDA:0,(anonymous_2)
FNDA:0,parseNumber
FNDA:0,(anonymous_4)
FNDA:0,getRate
FNDA:0,(anonymous_6)
FNDA:0,(anonymous_7)
FNDA:0,(anonymous_8)
FNDA:0,(anonymous_9)
FNDA:0,(anonymous_10)
FNDA:0,(anonymous_11)
FNDA:0,openAdd
FNDA:0,startEdit
FNDA:0,closeForm
FNDA:0,saveTransaction
FNDA:0,loadMore
FNDA:0,(anonymous_17)
FNDA:0,deleteTransaction
FNDA:0,(anonymous_19)
FNDA:0,(anonymous_20)
FNDA:0,exportCSV
FNDA:0,csvField
FNDA:0,(anonymous_23)
FNDA:0,(anonymous_24)
FNDA:0,(anonymous_25)
FNDA:0,(anonymous_26)
FNDA:0,(anonymous_27)
FNDA:0,(anonymous_28)
FNDA:0,(anonymous_29)
FNDA:0,(anonymous_30)
FNDA:0,(anonymous_31)
FNDA:0,(anonymous_32)
FNDA:0,(anonymous_33)
FNDA:0,(anonymous_34)
FNDA:0,(anonymous_35)
FNDA:0,(anonymous_36)
FNDA:0,(anonymous_37)
FNDA:0,(anonymous_38)
FNDA:0,(anonymous_39)
DA:2,0
DA:3,0
DA:4,0
DA:5,0
DA:6,0
DA:7,0
DA:8,0
DA:11,0
DA:30,0
DA:46,0
DA:47,0
DA:48,0
DA:49,0
DA:50,0
DA:51,0
DA:52,0
DA:53,0
DA:54,0
DA:55,0
DA:56,0
DA:57,0
DA:58,0
DA:59,0
DA:60,0
DA:61,0
DA:62,0
DA:63,0
DA:64,0
DA:66,0
DA:67,0
DA:68,0
DA:71,0
DA:72,0
DA:73,0
DA:77,0
DA:79,0
DA:80,0
DA:81,0
DA:82,0
DA:84,0
DA:85,0
DA:86,0
DA:89,0
DA:93,0
DA:94,0
DA:95,0
DA:96,0
DA:97,0
DA:100,0
DA:101,0
DA:102,0
DA:103,0
DA:104,0
DA:105,0
DA:106,0
DA:108,0
DA:125,0
DA:126,0
DA:127,0
DA:128,0
DA:130,0
DA:133,0
DA:136,0
DA:137,0
DA:141,0
DA:145,0
DA:146,0
DA:160,0
DA:164,0
DA:165,0
DA:166,0
DA:170,0
DA:171,0
DA:172,0
DA:173,0
DA:174,0
DA:175,0
DA:176,0
DA:177,0
DA:178,0
DA:179,0
DA:188,0
DA:189,0
DA:191,0
DA:201,0
DA:202,0
DA:204,0
DA:205,0
DA:206,0
DA:207,0
DA:208,0
DA:212,0
DA:213,0
DA:214,0
DA:215,0
DA:216,0
DA:217,0
DA:218,0
DA:224,0
DA:225,0
DA:226,0
DA:227,0
DA:228,0
DA:232,0
DA:233,0
DA:234,0
DA:235,0
DA:236,0
DA:237,0
DA:238,0
DA:243,0
DA:244,0
DA:245,0
DA:247,0
DA:248,0
DA:250,0
DA:251,0
DA:252,0
DA:256,0
DA:257,0
DA:261,0
DA:267,0
DA:268,0
DA:269,0
DA:270,0
DA:271,0
DA:272,0
DA:273,0
DA:274,0
DA:277,0
DA:278,0
DA:280,0
DA:286,0
DA:288,0
DA:289,0
DA:290,0
DA:291,0
DA:292,0
DA:293,0
DA:295,0
LF:140
LH:0
BRDA:70,0,0,0
BRDA:71,1,0,0
BRDA:71,1,1,0
BRDA:71,2,0,0
BRDA:71,2,1,0
BRDA:71,2,2,0
BRDA:72,3,0,0
BRDA:72,3,1,0
BRDA:73,4,0,0
BRDA:73,4,1,0
BRDA:79,5,0,0
BRDA:79,5,1,0
BRDA:79,6,0,0
BRDA:79,6,1,0
BRDA:80,7,0,0
BRDA:80,7,1,0
BRDA:85,8,0,0
BRDA:85,8,1,0
BRDA:102,9,0,0
BRDA:102,9,1,0
BRDA:125,10,0,0
BRDA:125,10,1,0
BRDA:130,11,0,0
BRDA:130,11,1,0
BRDA:139,12,0,0
BRDA:139,12,1,0
BRDA:149,13,0,0
BRDA:149,13,1,0
BRDA:150,14,0,0
BRDA:150,14,1,0
BRDA:150,14,2,0
BRDA:151,15,0,0
BRDA:151,15,1,0
BRDA:152,16,0,0
BRDA:152,16,1,0
BRDA:153,17,0,0
BRDA:153,17,1,0
BRDA:155,18,0,0
BRDA:155,18,1,0
BRDA:156,19,0,0
BRDA:156,19,1,0
BRDA:157,20,0,0
BRDA:157,20,1,0
BRDA:158,21,0,0
BRDA:158,21,1,0
BRDA:171,22,0,0
BRDA:171,22,1,0
BRDA:171,23,0,0
BRDA:171,23,1,0
BRDA:172,24,0,0
BRDA:172,24,1,0
BRDA:172,25,0,0
BRDA:172,25,1,0
BRDA:173,26,0,0
BRDA:173,26,1,0
BRDA:177,27,0,0
BRDA:177,27,1,0
BRDA:178,28,0,0
BRDA:178,28,1,0
BRDA:188,29,0,0
BRDA:188,29,1,0
BRDA:199,30,0,0
BRDA:199,30,1,0
BRDA:201,31,0,0
BRDA:201,31,1,0
BRDA:202,32,0,0
BRDA:202,32,1,0
BRDA:213,33,0,0
BRDA:213,33,1,0
BRDA:213,34,0,0
BRDA:213,34,1,0
BRDA:213,34,2,0
BRDA:224,35,0,0
BRDA:224,35,1,0
BRDA:236,36,0,0
BRDA:236,36,1,0
BRDA:243,37,0,0
BRDA:243,37,1,0
BRDA:244,38,0,0
BRDA:244,38,1,0
BRDA:248,39,0,0
BRDA:248,39,1,0
BRDA:256,40,0,0
BRDA:256,40,1,0
BRDA:258,41,0,0
BRDA:258,41,1,0
BRDA:263,42,0,0
BRDA:263,42,1,0
BRDA:263,43,0,0
BRDA:263,43,1,0
BRDA:263,44,0,0
BRDA:263,44,1,0
BRDA:264,45,0,0
BRDA:264,45,1,0
BRDA:278,46,0,0
BRDA:278,46,1,0
BRDA:280,47,0,0
BRDA:280,47,1,0
BRDA:280,47,2,0
BRDA:286,48,0,0
BRDA:286,48,1,0
BRDA:291,49,0,0
BRDA:291,49,1,0
BRDA:291,50,0,0
BRDA:291,50,1,0
BRF:105
BRH:0
end_of_record
TN:
SF:lib\cache.ts
FN:8,clearUserCache
FN:11,(anonymous_4)
FN:15,clearCacheKey
FNF:3
FNH:3
FNDA:1,clearUserCache
FNDA:5,(anonymous_4)
FNDA:1,clearCacheKey
DA:6,2
DA:8,1
DA:9,1
DA:10,1
DA:11,5
DA:15,1
DA:16,1
DA:17,1
DA:18,1
LF:9
LH:9
BRDA:9,0,0,0
BRDA:9,0,1,1
BRDA:16,1,0,0
BRDA:16,1,1,1
BRF:4
BRH:2
end_of_record
TN:
SF:lib\cron-auth.ts
FN:4,verifyCronAuth
FNF:1
FNH:1
FNDA:12,verifyCronAuth
DA:1,2
DA:4,12
DA:5,12
DA:6,12
DA:7,11
DA:8,11
DA:9,6
DA:10,6
DA:11,6
DA:13,4
LF:10
LH:10
BRDA:6,0,0,1
BRDA:6,0,1,11
BRDA:8,1,0,5
BRDA:8,1,1,6
BRF:4
BRH:4
end_of_record
TN:
SF:lib\currencies.ts
FN:57,(anonymous_5)
FN:58,(anonymous_6)
FN:59,(anonymous_7)
FN:63,(anonymous_8)
FN:66,getCurrencyDecimals
FNF:5
FNH:5
FNDA:70,(anonymous_5)
FNDA:70,(anonymous_6)
FNDA:70,(anonymous_7)
FNDA:70,(anonymous_8)
FNDA:11,getCurrencyDecimals
DA:15,9
DA:56,3
DA:57,70
DA:58,70
DA:59,70
DA:62,3
DA:63,70
DA:66,11
DA:67,11
LF:9
LH:9
BRDA:67,0,0,11
BRDA:67,0,1,1
BRF:2
BRH:2
end_of_record
TN:
SF:lib\currency.ts
FN:13,fetchExchangeRate
FN:25,formatAmount
FNF:2
FNH:2
FNDA:3,fetchExchangeRate
FNDA:6,formatAmount
DA:3,8
DA:13,3
DA:14,3
DA:15,3
DA:16,2
DA:17,1
DA:18,1
DA:20,1
DA:21,1
DA:25,6
DA:26,6
DA:27,6
LF:12
LH:12
BRDA:16,0,0,1
BRDA:16,0,1,1
BRF:2
BRH:2
end_of_record
TN:
SF:lib\daily-lessons.ts
FN:653,getLessonForStage
FN:739,determineStage
FNF:2
FNH:0
FNDA:0,getLessonForStage
FNDA:0,determineStage
DA:23,0
DA:87,0
DA:151,0
DA:215,0
DA:279,0
DA:343,0
DA:407,0
DA:471,0
DA:523,0
DA:587,0
DA:653,0
DA:666,0
DA:667,0
DA:668,0
DA:669,0
DA:674,0
DA:675,0
DA:676,0
DA:680,0
DA:681,0
DA:682,0
DA:683,0
DA:687,0
DA:688,0
DA:689,0
DA:690,0
DA:694,0
DA:695,0
DA:696,0
DA:697,0
DA:701,0
DA:702,0
DA:704,0
DA:705,0
DA:709,0
DA:710,0
DA:711,0
DA:712,0
DA:714,0
DA:715,0
DA:716,0
DA:718,0
DA:719,0
DA:720,0
DA:724,0
DA:731,0
DA:732,0
DA:733,0
DA:739,0
DA:746,0
DA:747,0
DA:748,0
DA:749,0
DA:750,0
DA:751,0
DA:755,0
DA:833,0
DA:933,0
DA:1012,0
LF:59
LH:0
BRDA:656,0,0,0
BRDA:666,1,0,0
BRDA:666,1,1,0
BRDA:667,2,0,0
BRDA:667,2,1,0
BRDA:668,3,0,0
BRDA:668,3,1,0
BRDA:669,4,0,0
BRDA:669,4,1,0
BRDA:674,5,0,0
BRDA:674,5,1,0
BRDA:674,6,0,0
BRDA:674,6,1,0
BRDA:674,6,2,0
BRDA:676,7,0,0
BRDA:676,7,1,0
BRDA:680,8,0,0
BRDA:680,8,1,0
BRDA:680,9,0,0
BRDA:680,9,1,0
BRDA:687,10,0,0
BRDA:687,10,1,0
BRDA:687,11,0,0
BRDA:687,11,1,0
BRDA:687,11,2,0
BRDA:694,12,0,0
BRDA:694,12,1,0
BRDA:694,13,0,0
BRDA:694,13,1,0
BRDA:694,13,2,0
BRDA:701,14,0,0
BRDA:701,14,1,0
BRDA:701,15,0,0
BRDA:701,15,1,0
BRDA:702,16,0,0
BRDA:702,16,1,0
BRDA:703,17,0,0
BRDA:703,17,1,0
BRDA:709,18,0,0
BRDA:709,18,1,0
BRDA:710,19,0,0
BRDA:710,19,1,0
BRDA:712,20,0,0
BRDA:712,20,1,0
BRDA:714,21,0,0
BRDA:714,21,1,0
BRDA:714,22,0,0
BRDA:714,22,1,0
BRDA:716,23,0,0
BRDA:716,23,1,0
BRDA:747,24,0,0
BRDA:747,24,1,0
BRDA:748,25,0,0
BRDA:748,25,1,0
BRDA:749,26,0,0
BRDA:749,26,1,0
BRDA:750,27,0,0
BRDA:750,27,1,0
BRF:58
BRH:0
end_of_record
TN:
SF:lib\detectCurrency.ts
FN:117,detectCurrency
FNF:1
FNH:1
FNDA:5,detectCurrency
DA:10,1
DA:73,1
DA:117,5
DA:119,5
DA:120,5
DA:121,4
DA:122,4
DA:126,4
DA:127,4
DA:128,4
DA:129,4
DA:130,3
DA:131,3
DA:136,2
DA:137,2
LF:15
LH:15
BRDA:122,0,0,1
BRDA:122,0,1,3
BRDA:127,1,0,4
BRDA:127,1,1,0
BRDA:129,2,0,3
BRDA:129,2,1,1
BRDA:131,3,0,2
BRDA:131,3,1,1
BRDA:136,4,0,2
BRDA:136,4,1,0
BRDA:137,5,0,1
BRDA:137,5,1,1
BRF:12
BRH:10
end_of_record
TN:
SF:lib\firebase-admin.ts
FN:14,sendFCMNotification
FNF:1
FNH:0
FNDA:0,sendFCMNotification
DA:1,0
DA:2,0
DA:4,0
DA:5,0
DA:14,0
DA:20,0
DA:21,0
DA:46,0
DA:48,0
DA:49,0
LF:10
LH:0
BRDA:4,0,0,0
BRDA:4,0,1,0
BRDA:48,1,0,0
BRDA:48,1,1,0
BRF:4
BRH:0
end_of_record
TN:
SF:lib\firebase.ts
FN:15,getFCMToken
FNF:1
FNH:0
FNDA:0,getFCMToken
DA:1,0
DA:2,0
DA:4,0
DA:13,0
DA:15,0
DA:16,0
DA:17,0
DA:18,0
DA:19,0
DA:23,0
DA:25,0
DA:26,0
DA:30,0
LF:13
LH:0
BRDA:13,0,0,0
BRDA:13,0,1,0
BRDA:17,1,0,0
BRDA:17,1,1,0
BRF:4
BRH:0
end_of_record
TN:
SF:lib\haptic.ts
FN:3,haptic
FN:9,hapticImpact
FNF:2
FNH:2
FNDA:5,haptic
FNDA:5,hapticImpact
DA:3,0
DA:4,5
DA:5,3
DA:9,5
DA:10,5
DA:15,5
LF:6
LH:5
BRDA:3,0,0,0
BRDA:4,1,0,3
BRDA:4,1,1,2
BRDA:4,2,0,5
BRDA:4,2,1,4
BRF:5
BRH:4
end_of_record
TN:
SF:lib\i18n.tsx
FN:864,(anonymous_3)
FN:865,(anonymous_4)
FN:869,I18nProvider
FN:872,(anonymous_6)
FN:880,(anonymous_7)
FN:889,(anonymous_8)
FN:895,(anonymous_9)
FN:900,(anonymous_10)
FN:911,(anonymous_11)
FNF:9
FNH:0
FNDA:0,(anonymous_3)
FNDA:0,(anonymous_4)
FNDA:0,I18nProvider
FNDA:0,(anonymous_6)
FNDA:0,(anonymous_7)
FNDA:0,(anonymous_8)
FNDA:0,(anonymous_9)
FNDA:0,(anonymous_10)
FNDA:0,(anonymous_11)
DA:2,0
DA:6,0
DA:862,0
DA:865,0
DA:869,0
DA:870,0
DA:872,0
DA:873,0
DA:874,0
DA:875,0
DA:876,0
DA:877,0
DA:880,0
DA:881,0
DA:882,0
DA:883,0
DA:884,0
DA:886,0
DA:887,0
DA:888,0
DA:889,0
DA:890,0
DA:895,0
DA:896,0
DA:897,0
DA:900,0
DA:901,0
DA:911,0
LF:28
LH:0
BRDA:874,0,0,0
BRDA:874,0,1,0
BRDA:874,1,0,0
BRDA:874,1,1,0
BRDA:875,2,0,0
BRDA:875,2,1,0
BRDA:875,2,2,0
BRDA:876,3,0,0
BRDA:876,3,1,0
BRDA:884,4,0,0
BRDA:884,4,1,0
BRDA:890,5,0,0
BRDA:890,5,1,0
BRDA:897,6,0,0
BRDA:897,6,1,0
BRDA:901,7,0,0
BRDA:901,7,1,0
BRDA:901,7,2,0
BRF:18
BRH:0
end_of_record
TN:
SF:lib\push-send.ts
FN:15,sendFCM
FN:16,(anonymous_6)
FN:20,sendPushToUser
FNF:3
FNH:0
FNDA:0,sendFCM
FNDA:0,(anonymous_6)
FNDA:0,sendPushToUser
DA:1,0
DA:2,0
DA:4,0
DA:9,0
DA:16,0
DA:17,0
DA:20,0
DA:27,0
DA:32,0
DA:34,0
DA:40,0
DA:41,0
DA:43,0
DA:45,0
DA:46,0
DA:47,0
DA:48,0
DA:49,0
DA:53,0
DA:54,0
DA:58,0
DA:60,0
DA:61,0
DA:66,0
DA:67,0
DA:68,0
DA:79,0
LF:27
LH:0
BRDA:24,0,0,0
BRDA:25,1,0,0
BRDA:32,2,0,0
BRDA:32,2,1,0
BRDA:40,3,0,0
BRDA:40,3,1,0
BRDA:45,4,0,0
BRDA:45,4,1,0
BRDA:48,5,0,0
BRDA:48,5,1,0
BRDA:60,6,0,0
BRDA:60,6,1,0
BRDA:60,7,0,0
BRDA:60,7,1,0
BRDA:66,8,0,0
BRDA:66,8,1,0
BRDA:72,9,0,0
BRDA:72,9,1,0
BRF:18
BRH:0
end_of_record
TN:
SF:lib\theme-context.tsx
FN:11,(anonymous_3)
FN:13,ThemeProvider
FN:16,(anonymous_5)
FN:24,toggleTheme
FN:38,useTheme
FNF:5
FNH:0
FNDA:0,(anonymous_3)
FNDA:0,ThemeProvider
FNDA:0,(anonymous_5)
FNDA:0,toggleTheme
FNDA:0,useTheme
DA:2,0
DA:11,0
DA:13,0
DA:14,0
DA:16,0
DA:17,0
DA:18,0
DA:19,0
DA:20,0
DA:21,0
DA:25,0
DA:26,0
DA:27,0
DA:28,0
DA:38,0
DA:39,0
LF:16
LH:0
BRDA:19,0,0,0
BRDA:19,0,1,0
BRDA:19,1,0,0
BRDA:19,1,1,0
BRDA:25,2,0,0
BRDA:25,2,1,0
BRF:6
BRH:0
end_of_record
TN:
SF:lib\use-cached-data.ts
FN:12,useCachedData
FN:23,(anonymous_4)
FN:51,(anonymous_5)
FN:58,(anonymous_6)
FN:59,(anonymous_7)
FN:69,clearAllCache
FNF:6
FNH:0
FNDA:0,useCachedData
FNDA:0,(anonymous_4)
FNDA:0,(anonymous_5)
FNDA:0,(anonymous_6)
FNDA:0,(anonymous_7)
FNDA:0,clearAllCache
DA:2,0
DA:9,0
DA:10,0
DA:12,0
DA:17,0
DA:18,0
DA:19,0
DA:20,0
DA:21,0
DA:23,0
DA:24,0
DA:25,0
DA:28,0
DA:29,0
DA:30,0
DA:31,0
DA:35,0
DA:36,0
DA:37,0
DA:38,0
DA:41,0
DA:42,0
DA:43,0
DA:44,0
DA:46,0
DA:47,0
DA:51,0
DA:52,0
DA:53,0
DA:54,0
DA:58,0
DA:59,0
DA:60,0
DA:61,0
DA:62,0
DA:65,0
DA:69,0
DA:70,0
LF:38
LH:0
BRDA:15,0,0,0
BRDA:18,1,0,0
BRDA:18,1,1,0
BRDA:23,2,0,0
BRDA:28,3,0,0
BRDA:28,3,1,0
BRDA:28,4,0,0
BRDA:28,4,1,0
BRDA:28,4,2,0
BRDA:35,5,0,0
BRDA:35,5,1,0
BRDA:35,6,0,0
BRDA:35,6,1,0
BRDA:52,7,0,0
BRDA:52,7,1,0
BRF:15
BRH:0
end_of_record
TN:
SF:lib\use-count-up.ts
FN:4,useCountUp
FN:9,(anonymous_2)
FN:13,animate
FN:23,(anonymous_4)
FNF:4
FNH:0
FNDA:0,useCountUp
FNDA:0,(anonymous_2)
FNDA:0,animate
FNDA:0,(anonymous_4)
DA:2,0
DA:4,0
DA:5,0
DA:6,0
DA:7,0
DA:9,0
DA:10,0
DA:11,0
DA:14,0
DA:15,0
DA:16,0
DA:17,0
DA:18,0
DA:19,0
DA:22,0
DA:23,0
DA:26,0
LF:17
LH:0
BRDA:4,0,0,0
BRDA:10,1,0,0
BRDA:10,1,1,0
BRDA:14,2,0,0
BRDA:14,2,1,0
BRDA:18,3,0,0
BRDA:18,3,1,0
BRDA:23,4,0,0
BRDA:23,4,1,0
BRF:9
BRH:0
end_of_record
TN:
SF:lib\use-pull-to-refresh.ts
FN:4,usePullToRefresh
FN:9,(anonymous_2)
FN:13,(anonymous_3)
FN:17,(anonymous_4)
FN:29,(anonymous_5)
FNF:5
FNH:0
FNDA:0,usePullToRefresh
FNDA:0,(anonymous_2)
FNDA:0,(anonymous_3)
FNDA:0,(anonymous_4)
FNDA:0,(anonymous_5)
DA:2,0
DA:4,0
DA:5,0
DA:6,0
DA:7,0
DA:9,0
DA:10,0
DA:11,0
DA:13,0
DA:14,0
DA:17,0
DA:18,0
DA:19,0
DA:20,0
DA:21,0
DA:22,0
DA:24,0
DA:27,0
DA:28,0
DA:29,0
DA:30,0
DA:31,0
DA:35,0
LF:23
LH:0
BRDA:11,0,0,0
BRDA:11,0,1,0
BRDA:14,1,0,0
BRDA:14,1,1,0
BRDA:19,2,0,0
BRDA:19,2,1,0
BRDA:19,3,0,0
BRDA:19,3,1,0
BRDA:19,3,2,0
BRF:9
BRH:0
end_of_record
TN:
SF:lib\use-push.ts
FN:5,usePush
FN:11,(anonymous_5)
FN:16,checkSubscription
FN:25,subscribe
FN:41,(anonymous_8)
FN:91,unsubscribe
FN:118,urlBase64ToUint8Array
FN:122,(anonymous_11)
FNF:8
FNH:0
FNDA:0,usePush
FNDA:0,(anonymous_5)
FNDA:0,checkSubscription
FNDA:0,subscribe
FNDA:0,(anonymous_8)
FNDA:0,unsubscribe
FNDA:0,urlBase64ToUint8Array
FNDA:0,(anonymous_11)
DA:2,0
DA:3,0
DA:5,0
DA:6,0
DA:7,0
DA:8,0
DA:9,0
DA:11,0
DA:12,0
DA:13,0
DA:17,0
DA:18,0
DA:19,0
DA:20,0
DA:21,0
DA:26,0
DA:27,0
DA:28,0
DA:29,0
DA:30,0
DA:31,0
DA:34,0
DA:35,0
DA:38,0
DA:39,0
DA:40,0
DA:41,0
DA:42,0
DA:43,0
DA:44,0
DA:52,0
DA:53,0
DA:54,0
DA:57,0
DA:62,0
DA:63,0
DA:65,0
DA:72,0
DA:73,0
DA:82,0
DA:83,0
DA:84,0
DA:86,0
DA:87,0
DA:92,0
DA:93,0
DA:94,0
DA:95,0
DA:96,0
DA:97,0
DA:98,0
DA:99,0
DA:108,0
DA:110,0
DA:112,0
DA:115,0
DA:119,0
DA:120,0
DA:121,0
DA:122,0
LF:60
LH:0
BRDA:12,0,0,0
BRDA:12,0,1,0
BRDA:17,1,0,0
BRDA:17,1,1,0
BRDA:29,2,0,0
BRDA:29,2,1,0
BRDA:35,3,0,0
BRDA:35,3,1,0
BRDA:39,4,0,0
BRDA:39,4,1,0
BRDA:43,5,0,0
BRDA:43,5,1,0
BRDA:96,6,0,0
BRDA:96,6,1,0
BRDA:98,7,0,0
BRDA:98,7,1,0
BRF:16
BRH:0
end_of_record
TN:
SF:lib\use-swipe-delete.ts
FN:4,useSwipeToDelete
FN:9,(anonymous_2)
FN:13,(anonymous_3)
FN:18,(anonymous_4)
FN:27,(anonymous_5)
FNF:5
FNH:0
FNDA:0,useSwipeToDelete
FNDA:0,(anonymous_2)
FNDA:0,(anonymous_3)
FNDA:0,(anonymous_4)
FNDA:0,(anonymous_5)
DA:2,0
DA:4,0
DA:5,0
DA:6,0
DA:7,0
DA:9,0
DA:10,0
DA:13,0
DA:14,0
DA:15,0
DA:18,0
DA:19,0
DA:20,0
DA:22,0
DA:23,0
DA:27,0
DA:29,0
DA:31,0
LF:18
LH:0
BRDA:4,0,0,0
BRDA:15,1,0,0
BRDA:15,1,1,0
BRDA:19,2,0,0
BRDA:19,2,1,0
BRF:5
BRH:0
end_of_record
TN:
SF:lib\user-context.tsx
FN:15,UserProvider
FN:21,(anonymous_4)
FN:22,fetchProfile
FN:27,load
FN:37,(anonymous_7)
FN:46,(anonymous_8)
FN:56,useUser
FNF:7
FNH:0
FNDA:0,UserProvider
FNDA:0,(anonymous_4)
FNDA:0,fetchProfile
FNDA:0,load
FNDA:0,(anonymous_7)
FNDA:0,(anonymous_8)
FNDA:0,useUser
DA:2,0
DA:3,0
DA:13,0
DA:15,0
DA:16,0
DA:17,0
DA:18,0
DA:19,0
DA:21,0
DA:23,0
DA:24,0
DA:28,0
DA:29,0
DA:30,0
DA:31,0
DA:33,0
DA:35,0
DA:37,0
DA:38,0
DA:39,0
DA:40,0
DA:41,0
DA:43,0
DA:46,0
DA:56,0
DA:57,0
LF:26
LH:0
BRDA:30,0,0,0
BRDA:30,0,1,0
BRDA:38,1,0,0
BRDA:38,1,1,0
BRDA:40,2,0,0
BRDA:40,2,1,0
BRF:6
BRH:0
end_of_record
TN:
SF:lib\supabase\client.ts
FN:4,createClient
FNF:1
FNH:0
FNDA:0,createClient
DA:2,0
DA:4,0
DA:5,0
LF:3
LH:0
BRF:0
BRH:0
end_of_record
TN:
SF:lib\supabase\server.ts
FN:5,createClient
FN:12,(anonymous_4)
FN:13,(anonymous_5)
FN:15,(anonymous_6)
FN:25,createAdminClient
FN:32,(anonymous_8)
FN:33,(anonymous_9)
FN:35,(anonymous_10)
FNF:8
FNH:0
FNDA:0,createClient
FNDA:0,(anonymous_4)
FNDA:0,(anonymous_5)
FNDA:0,(anonymous_6)
FNDA:0,createAdminClient
FNDA:0,(anonymous_8)
FNDA:0,(anonymous_9)
FNDA:0,(anonymous_10)
DA:1,0
DA:2,0
DA:5,0
DA:6,0
DA:7,0
DA:12,0
DA:14,0
DA:15,0
DA:16,0
DA:25,0
DA:26,0
DA:27,0
DA:32,0
DA:34,0
DA:35,0
DA:36,0
LF:16
LH:0
BRF:0
BRH:0
end_of_record
TN:
SF:types\index.ts
FNF:0
FNH:0
DA:211,11
DA:224,6
LF:2
LH:2
BRF:0
BRH:0
end_of_record
